#! /usr/local/iverilog/bin/vvp
:ivl_version "11.0 (devel)" "(s20150603-642-g3bdb50da)";
:ivl_delay_selection "TYPICAL";
:vpi_time_precision + 0;
:vpi_module "system";
:vpi_module "vhdl_sys";
:vpi_module "vhdl_textio";
:vpi_module "v2005_math";
:vpi_module "va_math";
S_000000000092dea0 .scope module, "Fast_Adder_tb" "Fast_Adder_tb" 2 2;
 .timescale 0 0;
v00000000010b8770_0 .net "Sum", 8 0, L_0000000001127d40;  1 drivers
v00000000010ba7f0_0 .var "a", 8 0;
v00000000010b89f0_0 .var "b", 8 0;
S_0000000000890270 .scope module, "I1" "Fast_Adder" 2 5, 3 2 0, S_000000000092dea0;
 .timescale 0 0;
    .port_info 0 /OUTPUT 9 "sum";
    .port_info 1 /INPUT 9 "A";
    .port_info 2 /INPUT 9 "B";
L_000000000092d3e0 .functor AND 1, L_00000000010b8b30, L_00000000010b9e90, C4<1>, C4<1>;
L_000000000092cab0 .functor OR 1, L_00000000010b9670, L_00000000010b8db0, C4<0>, C4<0>;
L_000000000092c8f0 .functor AND 1, L_00000000010b8e50, L_00000000010b93f0, C4<1>, C4<1>;
L_000000000092ce30 .functor OR 1, L_00000000010b9cb0, L_00000000010b8ef0, C4<0>, C4<0>;
L_000000000092d450 .functor AND 1, L_00000000010b8f90, L_00000000010ba2f0, C4<1>, C4<1>;
L_000000000092bfc0 .functor OR 1, L_00000000010b9d50, L_00000000010b90d0, C4<0>, C4<0>;
L_000000000092d920 .functor AND 1, L_00000000010b9170, L_00000000010b98f0, C4<1>, C4<1>;
L_000000000092cd50 .functor OR 1, L_00000000010b97b0, L_00000000010ba390, C4<0>, C4<0>;
L_000000000092cb20 .functor AND 1, L_00000000010ba430, L_00000000010b9210, C4<1>, C4<1>;
L_000000000092cea0 .functor OR 1, L_00000000010b92b0, L_00000000010ba4d0, C4<0>, C4<0>;
L_000000000092cf80 .functor AND 1, L_000000000110d9c0, L_000000000110dc40, C4<1>, C4<1>;
L_000000000092d760 .functor OR 1, L_000000000110edc0, L_000000000110fd60, C4<0>, C4<0>;
L_000000000092c180 .functor AND 1, L_000000000110f4a0, L_000000000110f900, C4<1>, C4<1>;
L_000000000092cff0 .functor OR 1, L_000000000110ea00, L_000000000110e6e0, C4<0>, C4<0>;
L_000000000092d5a0 .functor AND 1, L_000000000110dce0, L_000000000110e5a0, C4<1>, C4<1>;
L_000000000092d1b0 .functor OR 1, L_000000000110f540, L_000000000110e000, C4<0>, C4<0>;
L_0000000001126ae0 .functor AND 1, L_0000000001110b20, L_0000000001111e80, C4<1>, C4<1>;
L_0000000001126d10 .functor AND 1, L_0000000001112240, L_0000000001111340, C4<1>, C4<1>;
L_0000000001126bc0 .functor AND 1, L_00000000011124c0, L_00000000011126a0, C4<1>, C4<1>;
L_0000000001127b10 .functor AND 1, L_00000000011122e0, L_0000000001112740, C4<1>, C4<1>;
L_00000000011273a0 .functor AND 1, L_000000000110ffe0, L_0000000001110bc0, C4<1>, C4<1>;
L_0000000001127f00 .functor AND 1, L_0000000001110c60, L_0000000001110d00, C4<1>, C4<1>;
L_0000000001127250 .functor AND 1, L_0000000001110ee0, L_0000000001111020, C4<1>, C4<1>;
L_0000000001126530 .functor AND 1, L_0000000001112ce0, L_00000000011127e0, C4<1>, C4<1>;
L_00000000011265a0 .functor AND 1, L_0000000001112d80, L_0000000001112a60, C4<1>, C4<1>;
L_0000000001127bf0 .functor XOR 9, v00000000010ba7f0_0, v00000000010b89f0_0, C4<000000000>, C4<000000000>;
L_0000000001127d40 .functor XOR 9, L_0000000001127bf0, L_0000000001112880, C4<000000000>, C4<000000000>;
v00000000010bd9f0_0 .net "A", 8 0, v00000000010ba7f0_0;  1 drivers
v00000000010beb70_0 .net "B", 8 0, v00000000010b89f0_0;  1 drivers
v00000000010befd0_0 .net "X", 17 0, L_000000000110f860;  1 drivers
v00000000010be5d0_0 .net "Y", 17 0, L_0000000001111c00;  1 drivers
v00000000010bf070_0 .net "Y0", 8 0, L_0000000001112880;  1 drivers
v00000000010bf9d0_0 .net *"_s101", 0 0, L_000000000110fd60;  1 drivers
v00000000010bf250_0 .net *"_s102", 0 0, L_000000000092d760;  1 drivers
v00000000010bfcf0_0 .net *"_s107", 0 0, L_000000000110f4a0;  1 drivers
v00000000010bd6d0_0 .net *"_s109", 0 0, L_000000000110f900;  1 drivers
v00000000010bec10_0 .net *"_s11", 0 0, L_00000000010b8b30;  1 drivers
v00000000010bd810_0 .net *"_s110", 0 0, L_000000000092c180;  1 drivers
v00000000010bdd10_0 .net *"_s115", 0 0, L_000000000110ea00;  1 drivers
v00000000010bd950_0 .net *"_s117", 0 0, L_000000000110e6e0;  1 drivers
v00000000010bf1b0_0 .net *"_s118", 0 0, L_000000000092cff0;  1 drivers
v00000000010bd590_0 .net *"_s123", 0 0, L_000000000110dce0;  1 drivers
v00000000010becb0_0 .net *"_s125", 0 0, L_000000000110e5a0;  1 drivers
v00000000010bf2f0_0 .net *"_s126", 0 0, L_000000000092d5a0;  1 drivers
v00000000010bfa70_0 .net *"_s13", 0 0, L_00000000010b9e90;  1 drivers
v00000000010bd630_0 .net *"_s132", 0 0, L_000000000110f540;  1 drivers
v00000000010bf750_0 .net *"_s134", 0 0, L_000000000110e000;  1 drivers
v00000000010bdbd0_0 .net *"_s135", 0 0, L_000000000092d1b0;  1 drivers
v00000000010bde50_0 .net *"_s138", 0 0, L_0000000001110b20;  1 drivers
v00000000010bdf90_0 .net *"_s14", 0 0, L_000000000092d3e0;  1 drivers
v00000000010be2b0_0 .net *"_s140", 0 0, L_0000000001111e80;  1 drivers
v00000000010be490_0 .net *"_s141", 0 0, L_0000000001126ae0;  1 drivers
v00000000010be710_0 .net *"_s144", 0 0, L_0000000001112240;  1 drivers
v00000000010be7b0_0 .net *"_s146", 0 0, L_0000000001111340;  1 drivers
v00000000010be850_0 .net *"_s147", 0 0, L_0000000001126d10;  1 drivers
v00000000010be8f0_0 .net *"_s150", 0 0, L_00000000011124c0;  1 drivers
v00000000010be990_0 .net *"_s152", 0 0, L_00000000011126a0;  1 drivers
v00000000010bea30_0 .net *"_s153", 0 0, L_0000000001126bc0;  1 drivers
v00000000010c0290_0 .net *"_s156", 0 0, L_00000000011122e0;  1 drivers
v00000000010c0010_0 .net *"_s158", 0 0, L_0000000001112740;  1 drivers
v00000000010bfd90_0 .net *"_s159", 0 0, L_0000000001127b10;  1 drivers
v00000000010c0330_0 .net *"_s162", 0 0, L_000000000110ffe0;  1 drivers
v00000000010bfe30_0 .net *"_s164", 0 0, L_0000000001110bc0;  1 drivers
v00000000010bfed0_0 .net *"_s165", 0 0, L_00000000011273a0;  1 drivers
v00000000010c01f0_0 .net *"_s168", 0 0, L_0000000001110c60;  1 drivers
v00000000010bff70_0 .net *"_s170", 0 0, L_0000000001110d00;  1 drivers
v00000000010c03d0_0 .net *"_s171", 0 0, L_0000000001127f00;  1 drivers
v00000000010c00b0_0 .net *"_s174", 0 0, L_0000000001110ee0;  1 drivers
v00000000010c0470_0 .net *"_s176", 0 0, L_0000000001111020;  1 drivers
v00000000010c0150_0 .net *"_s177", 0 0, L_0000000001127250;  1 drivers
v00000000010b8bd0_0 .net *"_s180", 0 0, L_0000000001112ce0;  1 drivers
v00000000010ba610_0 .net *"_s182", 0 0, L_00000000011127e0;  1 drivers
v00000000010b9ad0_0 .net *"_s183", 0 0, L_0000000001126530;  1 drivers
v00000000010b8630_0 .net *"_s186", 0 0, L_0000000001112d80;  1 drivers
v00000000010b9990_0 .net *"_s188", 0 0, L_0000000001112a60;  1 drivers
v00000000010b8c70_0 .net *"_s189", 0 0, L_00000000011265a0;  1 drivers
v00000000010b9850_0 .net *"_s19", 0 0, L_00000000010b9670;  1 drivers
v00000000010babb0_0 .net *"_s193", 8 0, L_0000000001127bf0;  1 drivers
L_00000000010c2f78 .functor BUFT 1, C4<0>, C4<0>, C4<0>, C4<0>;
v00000000010b8d10_0 .net/2s *"_s2", 0 0, L_00000000010c2f78;  1 drivers
v00000000010ba570_0 .net *"_s21", 0 0, L_00000000010b8db0;  1 drivers
v00000000010ba890_0 .net *"_s22", 0 0, L_000000000092cab0;  1 drivers
v00000000010b9530_0 .net *"_s27", 0 0, L_00000000010b8e50;  1 drivers
v00000000010bac50_0 .net *"_s29", 0 0, L_00000000010b93f0;  1 drivers
v00000000010b8a90_0 .net *"_s30", 0 0, L_000000000092c8f0;  1 drivers
v00000000010b9f30_0 .net *"_s35", 0 0, L_00000000010b9cb0;  1 drivers
v00000000010ba6b0_0 .net *"_s37", 0 0, L_00000000010b8ef0;  1 drivers
v00000000010b88b0_0 .net *"_s38", 0 0, L_000000000092ce30;  1 drivers
v00000000010bacf0_0 .net *"_s43", 0 0, L_00000000010b8f90;  1 drivers
v00000000010b9fd0_0 .net *"_s45", 0 0, L_00000000010ba2f0;  1 drivers
v00000000010ba070_0 .net *"_s46", 0 0, L_000000000092d450;  1 drivers
v00000000010b9a30_0 .net *"_s51", 0 0, L_00000000010b9d50;  1 drivers
v00000000010baa70_0 .net *"_s53", 0 0, L_00000000010b90d0;  1 drivers
v00000000010b9710_0 .net *"_s54", 0 0, L_000000000092bfc0;  1 drivers
v00000000010b8590_0 .net *"_s59", 0 0, L_00000000010b9170;  1 drivers
L_00000000010c2fc0 .functor BUFT 1, C4<0>, C4<0>, C4<0>, C4<0>;
v00000000010ba110_0 .net/2s *"_s6", 0 0, L_00000000010c2fc0;  1 drivers
v00000000010b9b70_0 .net *"_s61", 0 0, L_00000000010b98f0;  1 drivers
v00000000010b8810_0 .net *"_s62", 0 0, L_000000000092d920;  1 drivers
v00000000010b9df0_0 .net *"_s67", 0 0, L_00000000010b97b0;  1 drivers
v00000000010ba1b0_0 .net *"_s69", 0 0, L_00000000010ba390;  1 drivers
v00000000010b9c10_0 .net *"_s70", 0 0, L_000000000092cd50;  1 drivers
v00000000010ba930_0 .net *"_s75", 0 0, L_00000000010ba430;  1 drivers
v00000000010ba250_0 .net *"_s77", 0 0, L_00000000010b9210;  1 drivers
v00000000010bab10_0 .net *"_s78", 0 0, L_000000000092cb20;  1 drivers
v00000000010b86d0_0 .net *"_s83", 0 0, L_00000000010b92b0;  1 drivers
v00000000010b9030_0 .net *"_s85", 0 0, L_00000000010ba4d0;  1 drivers
v00000000010b95d0_0 .net *"_s86", 0 0, L_000000000092cea0;  1 drivers
v00000000010b8950_0 .net *"_s91", 0 0, L_000000000110d9c0;  1 drivers
v00000000010ba9d0_0 .net *"_s93", 0 0, L_000000000110dc40;  1 drivers
v00000000010b9350_0 .net *"_s94", 0 0, L_000000000092cf80;  1 drivers
v00000000010ba750_0 .net *"_s99", 0 0, L_000000000110edc0;  1 drivers
v00000000010b9490_0 .net "sum", 8 0, L_0000000001127d40;  alias, 1 drivers
L_00000000010b8b30 .part v00000000010ba7f0_0, 0, 1;
L_00000000010b9e90 .part v00000000010b89f0_0, 0, 1;
L_00000000010b9670 .part v00000000010ba7f0_0, 0, 1;
L_00000000010b8db0 .part v00000000010b89f0_0, 0, 1;
L_00000000010b8e50 .part v00000000010ba7f0_0, 1, 1;
L_00000000010b93f0 .part v00000000010b89f0_0, 1, 1;
L_00000000010b9cb0 .part v00000000010ba7f0_0, 1, 1;
L_00000000010b8ef0 .part v00000000010b89f0_0, 1, 1;
L_00000000010b8f90 .part v00000000010ba7f0_0, 2, 1;
L_00000000010ba2f0 .part v00000000010b89f0_0, 2, 1;
L_00000000010b9d50 .part v00000000010ba7f0_0, 2, 1;
L_00000000010b90d0 .part v00000000010b89f0_0, 2, 1;
L_00000000010b9170 .part v00000000010ba7f0_0, 3, 1;
L_00000000010b98f0 .part v00000000010b89f0_0, 3, 1;
L_00000000010b97b0 .part v00000000010ba7f0_0, 3, 1;
L_00000000010ba390 .part v00000000010b89f0_0, 3, 1;
L_00000000010ba430 .part v00000000010ba7f0_0, 4, 1;
L_00000000010b9210 .part v00000000010b89f0_0, 4, 1;
L_00000000010b92b0 .part v00000000010ba7f0_0, 4, 1;
L_00000000010ba4d0 .part v00000000010b89f0_0, 4, 1;
L_000000000110d9c0 .part v00000000010ba7f0_0, 5, 1;
L_000000000110dc40 .part v00000000010b89f0_0, 5, 1;
L_000000000110edc0 .part v00000000010ba7f0_0, 5, 1;
L_000000000110fd60 .part v00000000010b89f0_0, 5, 1;
L_000000000110f4a0 .part v00000000010ba7f0_0, 6, 1;
L_000000000110f900 .part v00000000010b89f0_0, 6, 1;
L_000000000110ea00 .part v00000000010ba7f0_0, 6, 1;
L_000000000110e6e0 .part v00000000010b89f0_0, 6, 1;
L_000000000110dce0 .part v00000000010ba7f0_0, 7, 1;
L_000000000110e5a0 .part v00000000010b89f0_0, 7, 1;
LS_000000000110f860_0_0 .concat8 [ 1 1 1 1], L_00000000010c2fc0, L_00000000010c2f78, L_000000000092cab0, L_000000000092d3e0;
LS_000000000110f860_0_4 .concat8 [ 1 1 1 1], L_000000000092ce30, L_000000000092c8f0, L_000000000092bfc0, L_000000000092d450;
LS_000000000110f860_0_8 .concat8 [ 1 1 1 1], L_000000000092cd50, L_000000000092d920, L_000000000092cea0, L_000000000092cb20;
LS_000000000110f860_0_12 .concat8 [ 1 1 1 1], L_000000000092d760, L_000000000092cf80, L_000000000092cff0, L_000000000092c180;
LS_000000000110f860_0_16 .concat8 [ 1 1 0 0], L_000000000092d1b0, L_000000000092d5a0;
LS_000000000110f860_1_0 .concat8 [ 4 4 4 4], LS_000000000110f860_0_0, LS_000000000110f860_0_4, LS_000000000110f860_0_8, LS_000000000110f860_0_12;
LS_000000000110f860_1_4 .concat8 [ 2 0 0 0], LS_000000000110f860_0_16;
L_000000000110f860 .concat8 [ 16 2 0 0], LS_000000000110f860_1_0, LS_000000000110f860_1_4;
L_000000000110f540 .part v00000000010ba7f0_0, 7, 1;
L_000000000110e000 .part v00000000010b89f0_0, 7, 1;
L_0000000001110b20 .part L_0000000001111c00, 17, 1;
L_0000000001111e80 .part L_0000000001111c00, 16, 1;
L_0000000001112240 .part L_0000000001111c00, 15, 1;
L_0000000001111340 .part L_0000000001111c00, 14, 1;
L_00000000011124c0 .part L_0000000001111c00, 13, 1;
L_00000000011126a0 .part L_0000000001111c00, 12, 1;
L_00000000011122e0 .part L_0000000001111c00, 11, 1;
L_0000000001112740 .part L_0000000001111c00, 10, 1;
L_000000000110ffe0 .part L_0000000001111c00, 9, 1;
L_0000000001110bc0 .part L_0000000001111c00, 8, 1;
L_0000000001110c60 .part L_0000000001111c00, 7, 1;
L_0000000001110d00 .part L_0000000001111c00, 6, 1;
L_0000000001110ee0 .part L_0000000001111c00, 5, 1;
L_0000000001111020 .part L_0000000001111c00, 4, 1;
L_0000000001112ce0 .part L_0000000001111c00, 3, 1;
L_00000000011127e0 .part L_0000000001111c00, 2, 1;
L_0000000001112d80 .part L_0000000001111c00, 1, 1;
L_0000000001112a60 .part L_0000000001111c00, 0, 1;
LS_0000000001112880_0_0 .concat [ 1 1 1 1], L_00000000011265a0, L_0000000001126530, L_0000000001127250, L_0000000001127f00;
LS_0000000001112880_0_4 .concat [ 1 1 1 1], L_00000000011273a0, L_0000000001127b10, L_0000000001126bc0, L_0000000001126d10;
LS_0000000001112880_0_8 .concat [ 1 0 0 0], L_0000000001126ae0;
L_0000000001112880 .concat [ 4 4 1 0], LS_0000000001112880_0_0, LS_0000000001112880_0_4, LS_0000000001112880_0_8;
S_0000000000890400 .scope module, "PPC" "Parallel_Prefix_Circuit" 3 19, 4 2 0, S_0000000000890270;
 .timescale 0 0;
    .port_info 0 /OUTPUT 18 "Y";
    .port_info 1 /INPUT 18 "X";
v00000000010bf390_0 .net "A", 17 0, L_000000000110fae0;  1 drivers
v00000000010bed50_0 .net "B", 17 0, L_00000000011112a0;  1 drivers
v00000000010bf610_0 .net "X", 17 0, L_000000000110f860;  alias, 1 drivers
v00000000010bdef0_0 .net "Y", 17 0, L_0000000001111c00;  alias, 1 drivers
v00000000010bf430_0 .net *"_s108", 0 0, L_000000000110e0a0;  1 drivers
v00000000010bf6b0_0 .net *"_s112", 0 0, L_000000000110e1e0;  1 drivers
v00000000010bf890_0 .net *"_s116", 0 0, L_000000000110e140;  1 drivers
v00000000010be530_0 .net *"_s120", 0 0, L_000000000110f7c0;  1 drivers
v00000000010bfc50_0 .net *"_s209", 0 0, L_0000000001110800;  1 drivers
v00000000010be0d0_0 .net *"_s213", 0 0, L_0000000001111660;  1 drivers
v00000000010bedf0_0 .net *"_s217", 0 0, L_00000000011103a0;  1 drivers
v00000000010be170_0 .net *"_s221", 0 0, L_0000000001111f20;  1 drivers
v00000000010be210_0 .net *"_s225", 0 0, L_0000000001112560;  1 drivers
v00000000010bf4d0_0 .net *"_s229", 0 0, L_0000000001112600;  1 drivers
v00000000010bef30_0 .net *"_s233", 0 0, L_00000000011108a0;  1 drivers
v00000000010bddb0_0 .net *"_s237", 0 0, L_0000000001111520;  1 drivers
v00000000010bf930_0 .net *"_s3", 0 0, L_000000000110ff40;  1 drivers
v00000000010bee90_0 .net *"_s7", 0 0, L_000000000110d7e0;  1 drivers
L_000000000110ff40 .part L_000000000110f860, 1, 1;
L_000000000110d7e0 .part L_000000000110f860, 0, 1;
L_000000000110f5e0 .part L_000000000110f860, 3, 1;
L_000000000110d880 .part L_000000000110f860, 2, 1;
L_000000000110f2c0 .part L_000000000110f860, 1, 1;
L_000000000110e640 .part L_000000000110f860, 0, 1;
L_000000000110ee60 .part L_000000000110f860, 5, 1;
L_000000000110dd80 .part L_000000000110f860, 4, 1;
L_000000000110eb40 .part L_000000000110f860, 3, 1;
L_000000000110f680 .part L_000000000110f860, 2, 1;
L_000000000110efa0 .part L_000000000110f860, 7, 1;
L_000000000110f9a0 .part L_000000000110f860, 6, 1;
L_000000000110e8c0 .part L_000000000110f860, 5, 1;
L_000000000110ef00 .part L_000000000110f860, 4, 1;
L_000000000110fe00 .part L_000000000110f860, 9, 1;
L_000000000110db00 .part L_000000000110f860, 8, 1;
L_000000000110dec0 .part L_000000000110f860, 7, 1;
L_000000000110d920 .part L_000000000110f860, 6, 1;
L_000000000110f040 .part L_000000000110f860, 11, 1;
L_000000000110da60 .part L_000000000110f860, 10, 1;
L_000000000110fa40 .part L_000000000110f860, 9, 1;
L_000000000110dba0 .part L_000000000110f860, 8, 1;
L_000000000110fcc0 .part L_000000000110f860, 13, 1;
L_000000000110f0e0 .part L_000000000110f860, 12, 1;
L_000000000110f180 .part L_000000000110f860, 11, 1;
L_000000000110e960 .part L_000000000110f860, 10, 1;
L_000000000110ebe0 .part L_000000000110f860, 15, 1;
L_000000000110ed20 .part L_000000000110f860, 14, 1;
L_000000000110fea0 .part L_000000000110f860, 13, 1;
L_000000000110ec80 .part L_000000000110f860, 12, 1;
LS_000000000110fae0_0_0 .concat8 [ 1 1 1 1], L_000000000110d7e0, L_000000000110ff40, L_000000000092c500, L_000000000092d7d0;
LS_000000000110fae0_0_4 .concat8 [ 1 1 1 1], L_0000000001113570, L_000000000092dd80, L_0000000001114990, L_0000000001114370;
LS_000000000110fae0_0_8 .concat8 [ 1 1 1 1], L_0000000001113ff0, L_00000000011144c0, L_0000000001114f40, L_0000000001113c70;
LS_000000000110fae0_0_12 .concat8 [ 1 1 1 1], L_0000000001115d20, L_00000000011157e0, L_0000000001115a80, L_00000000011158c0;
LS_000000000110fae0_0_16 .concat8 [ 1 1 0 0], L_0000000001116d50, L_0000000001115e00;
LS_000000000110fae0_1_0 .concat8 [ 4 4 4 4], LS_000000000110fae0_0_0, LS_000000000110fae0_0_4, LS_000000000110fae0_0_8, LS_000000000110fae0_0_12;
LS_000000000110fae0_1_4 .concat8 [ 2 0 0 0], LS_000000000110fae0_0_16;
L_000000000110fae0 .concat8 [ 16 2 0 0], LS_000000000110fae0_1_0, LS_000000000110fae0_1_4;
L_000000000110f720 .part L_000000000110f860, 17, 1;
L_000000000110fb80 .part L_000000000110f860, 16, 1;
L_000000000110df60 .part L_000000000110f860, 15, 1;
L_000000000110f400 .part L_000000000110f860, 14, 1;
L_000000000110e0a0 .part L_000000000110fae0, 1, 1;
L_000000000110e1e0 .part L_000000000110fae0, 0, 1;
L_000000000110e140 .part L_000000000110fae0, 3, 1;
L_000000000110f7c0 .part L_000000000110fae0, 2, 1;
L_000000000110e780 .part L_000000000110fae0, 5, 1;
L_000000000110f220 .part L_000000000110fae0, 4, 1;
L_000000000110e280 .part L_000000000110fae0, 1, 1;
L_000000000110e320 .part L_000000000110fae0, 0, 1;
L_000000000110e3c0 .part L_000000000110fae0, 7, 1;
L_000000000110fc20 .part L_000000000110fae0, 6, 1;
L_000000000110e460 .part L_000000000110fae0, 3, 1;
L_000000000110f360 .part L_000000000110fae0, 2, 1;
L_000000000110e500 .part L_000000000110fae0, 9, 1;
L_000000000110e820 .part L_000000000110fae0, 8, 1;
L_00000000011101c0 .part L_000000000110fae0, 5, 1;
L_0000000001112380 .part L_000000000110fae0, 4, 1;
L_0000000001110620 .part L_000000000110fae0, 11, 1;
L_00000000011115c0 .part L_000000000110fae0, 10, 1;
L_0000000001110260 .part L_000000000110fae0, 7, 1;
L_0000000001112060 .part L_000000000110fae0, 6, 1;
L_0000000001110da0 .part L_000000000110fae0, 13, 1;
L_0000000001110080 .part L_000000000110fae0, 12, 1;
L_0000000001111480 .part L_000000000110fae0, 9, 1;
L_00000000011110c0 .part L_000000000110fae0, 8, 1;
L_0000000001110300 .part L_000000000110fae0, 15, 1;
L_00000000011106c0 .part L_000000000110fae0, 14, 1;
L_0000000001110120 .part L_000000000110fae0, 11, 1;
L_0000000001110760 .part L_000000000110fae0, 10, 1;
LS_00000000011112a0_0_0 .concat8 [ 1 1 1 1], L_000000000110e1e0, L_000000000110e0a0, L_000000000110f7c0, L_000000000110e140;
LS_00000000011112a0_0_4 .concat8 [ 1 1 1 1], L_000000000111d820, L_000000000111cf60, L_000000000111cc50, L_000000000111bde0;
LS_00000000011112a0_0_8 .concat8 [ 1 1 1 1], L_000000000111c320, L_000000000111d740, L_000000000111dc80, L_000000000111c9b0;
LS_00000000011112a0_0_12 .concat8 [ 1 1 1 1], L_000000000111f490, L_000000000111e380, L_000000000111e690, L_000000000111df20;
LS_00000000011112a0_0_16 .concat8 [ 1 1 0 0], L_000000000111fc00, L_000000000111e1c0;
LS_00000000011112a0_1_0 .concat8 [ 4 4 4 4], LS_00000000011112a0_0_0, LS_00000000011112a0_0_4, LS_00000000011112a0_0_8, LS_00000000011112a0_0_12;
LS_00000000011112a0_1_4 .concat8 [ 2 0 0 0], LS_00000000011112a0_0_16;
L_00000000011112a0 .concat8 [ 16 2 0 0], LS_00000000011112a0_1_0, LS_00000000011112a0_1_4;
L_0000000001111fc0 .part L_000000000110fae0, 17, 1;
L_0000000001111ca0 .part L_000000000110fae0, 16, 1;
L_0000000001111160 .part L_000000000110fae0, 13, 1;
L_00000000011118e0 .part L_000000000110fae0, 12, 1;
L_0000000001110800 .part L_00000000011112a0, 1, 1;
L_0000000001111660 .part L_00000000011112a0, 0, 1;
L_00000000011103a0 .part L_00000000011112a0, 3, 1;
L_0000000001111f20 .part L_00000000011112a0, 2, 1;
L_0000000001112560 .part L_00000000011112a0, 5, 1;
L_0000000001112600 .part L_00000000011112a0, 4, 1;
L_00000000011108a0 .part L_00000000011112a0, 7, 1;
L_0000000001111520 .part L_00000000011112a0, 6, 1;
L_0000000001110440 .part L_00000000011112a0, 9, 1;
L_0000000001111980 .part L_00000000011112a0, 8, 1;
L_0000000001110940 .part L_00000000011112a0, 1, 1;
L_0000000001111700 .part L_00000000011112a0, 0, 1;
L_00000000011117a0 .part L_00000000011112a0, 11, 1;
L_0000000001111840 .part L_00000000011112a0, 10, 1;
L_00000000011104e0 .part L_00000000011112a0, 3, 1;
L_0000000001112420 .part L_00000000011112a0, 2, 1;
L_00000000011109e0 .part L_00000000011112a0, 13, 1;
L_0000000001111a20 .part L_00000000011112a0, 12, 1;
L_0000000001110580 .part L_00000000011112a0, 5, 1;
L_0000000001112100 .part L_00000000011112a0, 4, 1;
L_0000000001111d40 .part L_00000000011112a0, 15, 1;
L_0000000001110f80 .part L_00000000011112a0, 14, 1;
L_0000000001111ac0 .part L_00000000011112a0, 7, 1;
L_0000000001111b60 .part L_00000000011112a0, 6, 1;
LS_0000000001111c00_0_0 .concat8 [ 1 1 1 1], L_0000000001111660, L_0000000001110800, L_0000000001111f20, L_00000000011103a0;
LS_0000000001111c00_0_4 .concat8 [ 1 1 1 1], L_0000000001112600, L_0000000001112560, L_0000000001111520, L_00000000011108a0;
LS_0000000001111c00_0_8 .concat8 [ 1 1 1 1], L_0000000001126370, L_00000000011248c0, L_0000000001125c70, L_0000000001125340;
LS_0000000001111c00_0_12 .concat8 [ 1 1 1 1], L_0000000001124f50, L_0000000001124c40, L_00000000011268b0, L_00000000011266f0;
LS_0000000001111c00_0_16 .concat8 [ 1 1 0 0], L_0000000001126a70, L_00000000011279c0;
LS_0000000001111c00_1_0 .concat8 [ 4 4 4 4], LS_0000000001111c00_0_0, LS_0000000001111c00_0_4, LS_0000000001111c00_0_8, LS_0000000001111c00_0_12;
LS_0000000001111c00_1_4 .concat8 [ 2 0 0 0], LS_0000000001111c00_0_16;
L_0000000001111c00 .concat8 [ 16 2 0 0], LS_0000000001111c00_1_0, LS_0000000001111c00_1_4;
L_0000000001111200 .part L_00000000011112a0, 17, 1;
L_0000000001110e40 .part L_00000000011112a0, 16, 1;
L_0000000001110a80 .part L_00000000011112a0, 9, 1;
L_00000000011121a0 .part L_00000000011112a0, 8, 1;
S_00000000008853b0 .scope module, "A01_00" "star_operator" 4 8, 5 1 0, S_0000000000890400;
 .timescale 0 0;
    .port_info 0 /OUTPUT 1 "c1";
    .port_info 1 /OUTPUT 1 "c0";
    .port_info 2 /INPUT 1 "b1";
    .port_info 3 /INPUT 1 "b0";
    .port_info 4 /INPUT 1 "a1";
    .port_info 5 /INPUT 1 "a0";
L_000000000092c5e0 .functor AND 1, L_000000000110e640, L_000000000110f2c0, C4<1>, C4<1>;
L_000000000092d060 .functor AND 1, L_000000000092c5e0, L_000000000110d880, C4<1>, C4<1>;
L_000000000092d6f0 .functor AND 1, L_000000000110e640, L_000000000110f2c0, C4<1>, C4<1>;
L_000000000092cb90 .functor NOT 1, L_000000000110f5e0, C4<0>, C4<0>, C4<0>;
L_000000000092d220 .functor AND 1, L_000000000092d6f0, L_000000000092cb90, C4<1>, C4<1>;
L_000000000092cc00 .functor OR 1, L_000000000092d060, L_000000000092d220, C4<0>, C4<0>;
L_000000000092c110 .functor NOT 1, L_000000000110f2c0, C4<0>, C4<0>, C4<0>;
L_000000000092d530 .functor AND 1, L_000000000110e640, L_000000000092c110, C4<1>, C4<1>;
L_000000000092c650 .functor AND 1, L_000000000092d530, L_000000000110d880, C4<1>, C4<1>;
L_000000000092d680 .functor AND 1, L_000000000092c650, L_000000000110f5e0, C4<1>, C4<1>;
L_000000000092d7d0 .functor OR 1, L_000000000092cc00, L_000000000092d680, C4<0>, C4<0>;
L_000000000092d8b0 .functor AND 1, L_000000000110e640, L_000000000110f2c0, C4<1>, C4<1>;
L_000000000092c260 .functor NOT 1, L_000000000110f5e0, C4<0>, C4<0>, C4<0>;
L_000000000092c9d0 .functor AND 1, L_000000000092d8b0, L_000000000092c260, C4<1>, C4<1>;
L_000000000092c960 .functor AND 1, L_000000000110e640, L_000000000110d880, C4<1>, C4<1>;
L_000000000092c490 .functor NOT 1, L_000000000110f5e0, C4<0>, C4<0>, C4<0>;
L_000000000092da00 .functor AND 1, L_000000000092c960, L_000000000092c490, C4<1>, C4<1>;
L_000000000092da70 .functor OR 1, L_000000000092c9d0, L_000000000092da00, C4<0>, C4<0>;
L_000000000092c2d0 .functor AND 1, L_000000000110e640, L_000000000110d880, C4<1>, C4<1>;
L_000000000092c340 .functor AND 1, L_000000000092c2d0, L_000000000110f5e0, C4<1>, C4<1>;
L_000000000092c500 .functor OR 1, L_000000000092da70, L_000000000092c340, C4<0>, C4<0>;
v00000000009211b0_0 .net *"_s0", 0 0, L_000000000092c5e0;  1 drivers
v00000000009225b0_0 .net *"_s10", 0 0, L_000000000092cc00;  1 drivers
v00000000009219d0_0 .net *"_s12", 0 0, L_000000000092c110;  1 drivers
v0000000000906de0_0 .net *"_s14", 0 0, L_000000000092d530;  1 drivers
v0000000000907100_0 .net *"_s16", 0 0, L_000000000092c650;  1 drivers
v0000000000905620_0 .net *"_s18", 0 0, L_000000000092d680;  1 drivers
v0000000000906980_0 .net *"_s2", 0 0, L_000000000092d060;  1 drivers
v0000000000904cc0_0 .net *"_s22", 0 0, L_000000000092d8b0;  1 drivers
v0000000000905d00_0 .net *"_s24", 0 0, L_000000000092c260;  1 drivers
v0000000000904e00_0 .net *"_s26", 0 0, L_000000000092c9d0;  1 drivers
v0000000000906a20_0 .net *"_s28", 0 0, L_000000000092c960;  1 drivers
v0000000000905120_0 .net *"_s30", 0 0, L_000000000092c490;  1 drivers
v0000000000906c00_0 .net *"_s32", 0 0, L_000000000092da00;  1 drivers
v00000000008d7e40_0 .net *"_s34", 0 0, L_000000000092da70;  1 drivers
v00000000008d8160_0 .net *"_s36", 0 0, L_000000000092c2d0;  1 drivers
v000000000109a510_0 .net *"_s38", 0 0, L_000000000092c340;  1 drivers
v0000000001099610_0 .net *"_s4", 0 0, L_000000000092d6f0;  1 drivers
v000000000109ad30_0 .net *"_s6", 0 0, L_000000000092cb90;  1 drivers
v00000000010999d0_0 .net *"_s8", 0 0, L_000000000092d220;  1 drivers
v000000000109b050_0 .net "a0", 0 0, L_000000000110e640;  1 drivers
v000000000109b690_0 .net "a1", 0 0, L_000000000110f2c0;  1 drivers
v0000000001099570_0 .net "b0", 0 0, L_000000000110d880;  1 drivers
v0000000001099a70_0 .net "b1", 0 0, L_000000000110f5e0;  1 drivers
v000000000109af10_0 .net "c0", 0 0, L_000000000092c500;  1 drivers
v000000000109a010_0 .net "c1", 0 0, L_000000000092d7d0;  1 drivers
S_0000000000885540 .scope module, "A02_01" "star_operator" 4 9, 5 1 0, S_0000000000890400;
 .timescale 0 0;
    .port_info 0 /OUTPUT 1 "c1";
    .port_info 1 /OUTPUT 1 "c0";
    .port_info 2 /INPUT 1 "b1";
    .port_info 3 /INPUT 1 "b0";
    .port_info 4 /INPUT 1 "a1";
    .port_info 5 /INPUT 1 "a0";
L_000000000092c6c0 .functor AND 1, L_000000000110f680, L_000000000110eb40, C4<1>, C4<1>;
L_000000000092ca40 .functor AND 1, L_000000000092c6c0, L_000000000110dd80, C4<1>, C4<1>;
L_000000000092c730 .functor AND 1, L_000000000110f680, L_000000000110eb40, C4<1>, C4<1>;
L_000000000092c7a0 .functor NOT 1, L_000000000110ee60, C4<0>, C4<0>, C4<0>;
L_000000000092c880 .functor AND 1, L_000000000092c730, L_000000000092c7a0, C4<1>, C4<1>;
L_000000000092dae0 .functor OR 1, L_000000000092ca40, L_000000000092c880, C4<0>, C4<0>;
L_000000000092db50 .functor NOT 1, L_000000000110eb40, C4<0>, C4<0>, C4<0>;
L_000000000092dbc0 .functor AND 1, L_000000000110f680, L_000000000092db50, C4<1>, C4<1>;
L_000000000092ddf0 .functor AND 1, L_000000000092dbc0, L_000000000110dd80, C4<1>, C4<1>;
L_000000000092dc30 .functor AND 1, L_000000000092ddf0, L_000000000110ee60, C4<1>, C4<1>;
L_000000000092dd80 .functor OR 1, L_000000000092dae0, L_000000000092dc30, C4<0>, C4<0>;
L_000000000092dca0 .functor AND 1, L_000000000110f680, L_000000000110eb40, C4<1>, C4<1>;
L_0000000001114920 .functor NOT 1, L_000000000110ee60, C4<0>, C4<0>, C4<0>;
L_00000000011136c0 .functor AND 1, L_000000000092dca0, L_0000000001114920, C4<1>, C4<1>;
L_0000000001114c30 .functor AND 1, L_000000000110f680, L_000000000110dd80, C4<1>, C4<1>;
L_0000000001114a00 .functor NOT 1, L_000000000110ee60, C4<0>, C4<0>, C4<0>;
L_0000000001113260 .functor AND 1, L_0000000001114c30, L_0000000001114a00, C4<1>, C4<1>;
L_0000000001114300 .functor OR 1, L_00000000011136c0, L_0000000001113260, C4<0>, C4<0>;
L_0000000001113a40 .functor AND 1, L_000000000110f680, L_000000000110dd80, C4<1>, C4<1>;
L_0000000001114840 .functor AND 1, L_0000000001113a40, L_000000000110ee60, C4<1>, C4<1>;
L_0000000001113570 .functor OR 1, L_0000000001114300, L_0000000001114840, C4<0>, C4<0>;
v00000000010996b0_0 .net *"_s0", 0 0, L_000000000092c6c0;  1 drivers
v000000000109b5f0_0 .net *"_s10", 0 0, L_000000000092dae0;  1 drivers
v000000000109b7d0_0 .net *"_s12", 0 0, L_000000000092db50;  1 drivers
v00000000010994d0_0 .net *"_s14", 0 0, L_000000000092dbc0;  1 drivers
v000000000109b370_0 .net *"_s16", 0 0, L_000000000092ddf0;  1 drivers
v000000000109a470_0 .net *"_s18", 0 0, L_000000000092dc30;  1 drivers
v000000000109a3d0_0 .net *"_s2", 0 0, L_000000000092ca40;  1 drivers
v0000000001099b10_0 .net *"_s22", 0 0, L_000000000092dca0;  1 drivers
v000000000109a830_0 .net *"_s24", 0 0, L_0000000001114920;  1 drivers
v000000000109ac90_0 .net *"_s26", 0 0, L_00000000011136c0;  1 drivers
v000000000109b4b0_0 .net *"_s28", 0 0, L_0000000001114c30;  1 drivers
v000000000109b410_0 .net *"_s30", 0 0, L_0000000001114a00;  1 drivers
v000000000109ae70_0 .net *"_s32", 0 0, L_0000000001113260;  1 drivers
v000000000109a330_0 .net *"_s34", 0 0, L_0000000001114300;  1 drivers
v000000000109add0_0 .net *"_s36", 0 0, L_0000000001113a40;  1 drivers
v000000000109a970_0 .net *"_s38", 0 0, L_0000000001114840;  1 drivers
v000000000109afb0_0 .net *"_s4", 0 0, L_000000000092c730;  1 drivers
v000000000109abf0_0 .net *"_s6", 0 0, L_000000000092c7a0;  1 drivers
v0000000001099250_0 .net *"_s8", 0 0, L_000000000092c880;  1 drivers
v0000000001099430_0 .net "a0", 0 0, L_000000000110f680;  1 drivers
v000000000109a650_0 .net "a1", 0 0, L_000000000110eb40;  1 drivers
v00000000010991b0_0 .net "b0", 0 0, L_000000000110dd80;  1 drivers
v000000000109a290_0 .net "b1", 0 0, L_000000000110ee60;  1 drivers
v0000000001099f70_0 .net "c0", 0 0, L_0000000001113570;  1 drivers
v000000000109a8d0_0 .net "c1", 0 0, L_000000000092dd80;  1 drivers
S_00000000001db8d0 .scope module, "A03_02" "star_operator" 4 10, 5 1 0, S_0000000000890400;
 .timescale 0 0;
    .port_info 0 /OUTPUT 1 "c1";
    .port_info 1 /OUTPUT 1 "c0";
    .port_info 2 /INPUT 1 "b1";
    .port_info 3 /INPUT 1 "b0";
    .port_info 4 /INPUT 1 "a1";
    .port_info 5 /INPUT 1 "a0";
L_00000000011135e0 .functor AND 1, L_000000000110ef00, L_000000000110e8c0, C4<1>, C4<1>;
L_0000000001113500 .functor AND 1, L_00000000011135e0, L_000000000110f9a0, C4<1>, C4<1>;
L_0000000001113880 .functor AND 1, L_000000000110ef00, L_000000000110e8c0, C4<1>, C4<1>;
L_00000000011148b0 .functor NOT 1, L_000000000110efa0, C4<0>, C4<0>, C4<0>;
L_0000000001114530 .functor AND 1, L_0000000001113880, L_00000000011148b0, C4<1>, C4<1>;
L_0000000001113f80 .functor OR 1, L_0000000001113500, L_0000000001114530, C4<0>, C4<0>;
L_0000000001114290 .functor NOT 1, L_000000000110e8c0, C4<0>, C4<0>, C4<0>;
L_00000000011145a0 .functor AND 1, L_000000000110ef00, L_0000000001114290, C4<1>, C4<1>;
L_00000000011146f0 .functor AND 1, L_00000000011145a0, L_000000000110f9a0, C4<1>, C4<1>;
L_00000000011137a0 .functor AND 1, L_00000000011146f0, L_000000000110efa0, C4<1>, C4<1>;
L_0000000001114370 .functor OR 1, L_0000000001113f80, L_00000000011137a0, C4<0>, C4<0>;
L_00000000011132d0 .functor AND 1, L_000000000110ef00, L_000000000110e8c0, C4<1>, C4<1>;
L_0000000001113340 .functor NOT 1, L_000000000110efa0, C4<0>, C4<0>, C4<0>;
L_0000000001114680 .functor AND 1, L_00000000011132d0, L_0000000001113340, C4<1>, C4<1>;
L_0000000001114610 .functor AND 1, L_000000000110ef00, L_000000000110f9a0, C4<1>, C4<1>;
L_00000000011141b0 .functor NOT 1, L_000000000110efa0, C4<0>, C4<0>, C4<0>;
L_00000000011147d0 .functor AND 1, L_0000000001114610, L_00000000011141b0, C4<1>, C4<1>;
L_0000000001113420 .functor OR 1, L_0000000001114680, L_00000000011147d0, C4<0>, C4<0>;
L_0000000001113960 .functor AND 1, L_000000000110ef00, L_000000000110f9a0, C4<1>, C4<1>;
L_00000000011133b0 .functor AND 1, L_0000000001113960, L_000000000110efa0, C4<1>, C4<1>;
L_0000000001114990 .functor OR 1, L_0000000001113420, L_00000000011133b0, C4<0>, C4<0>;
v000000000109b0f0_0 .net *"_s0", 0 0, L_00000000011135e0;  1 drivers
v000000000109a6f0_0 .net *"_s10", 0 0, L_0000000001113f80;  1 drivers
v00000000010992f0_0 .net *"_s12", 0 0, L_0000000001114290;  1 drivers
v000000000109b190_0 .net *"_s14", 0 0, L_00000000011145a0;  1 drivers
v000000000109a5b0_0 .net *"_s16", 0 0, L_00000000011146f0;  1 drivers
v000000000109aa10_0 .net *"_s18", 0 0, L_00000000011137a0;  1 drivers
v000000000109b230_0 .net *"_s2", 0 0, L_0000000001113500;  1 drivers
v0000000001099bb0_0 .net *"_s22", 0 0, L_00000000011132d0;  1 drivers
v000000000109a790_0 .net *"_s24", 0 0, L_0000000001113340;  1 drivers
v000000000109aab0_0 .net *"_s26", 0 0, L_0000000001114680;  1 drivers
v000000000109ab50_0 .net *"_s28", 0 0, L_0000000001114610;  1 drivers
v0000000001099c50_0 .net *"_s30", 0 0, L_00000000011141b0;  1 drivers
v000000000109b550_0 .net *"_s32", 0 0, L_00000000011147d0;  1 drivers
v000000000109b2d0_0 .net *"_s34", 0 0, L_0000000001113420;  1 drivers
v000000000109b730_0 .net *"_s36", 0 0, L_0000000001113960;  1 drivers
v0000000001099070_0 .net *"_s38", 0 0, L_00000000011133b0;  1 drivers
v0000000001099e30_0 .net *"_s4", 0 0, L_0000000001113880;  1 drivers
v0000000001099110_0 .net *"_s6", 0 0, L_00000000011148b0;  1 drivers
v0000000001099390_0 .net *"_s8", 0 0, L_0000000001114530;  1 drivers
v0000000001099ed0_0 .net "a0", 0 0, L_000000000110ef00;  1 drivers
v0000000001099cf0_0 .net "a1", 0 0, L_000000000110e8c0;  1 drivers
v000000000109a1f0_0 .net "b0", 0 0, L_000000000110f9a0;  1 drivers
v0000000001099750_0 .net "b1", 0 0, L_000000000110efa0;  1 drivers
v00000000010997f0_0 .net "c0", 0 0, L_0000000001114990;  1 drivers
v0000000001099890_0 .net "c1", 0 0, L_0000000001114370;  1 drivers
S_00000000001dba60 .scope module, "A04_03" "star_operator" 4 11, 5 1 0, S_0000000000890400;
 .timescale 0 0;
    .port_info 0 /OUTPUT 1 "c1";
    .port_info 1 /OUTPUT 1 "c0";
    .port_info 2 /INPUT 1 "b1";
    .port_info 3 /INPUT 1 "b0";
    .port_info 4 /INPUT 1 "a1";
    .port_info 5 /INPUT 1 "a0";
L_0000000001113650 .functor AND 1, L_000000000110d920, L_000000000110dec0, C4<1>, C4<1>;
L_0000000001114ae0 .functor AND 1, L_0000000001113650, L_000000000110db00, C4<1>, C4<1>;
L_00000000011143e0 .functor AND 1, L_000000000110d920, L_000000000110dec0, C4<1>, C4<1>;
L_00000000011140d0 .functor NOT 1, L_000000000110fe00, C4<0>, C4<0>, C4<0>;
L_0000000001114760 .functor AND 1, L_00000000011143e0, L_00000000011140d0, C4<1>, C4<1>;
L_0000000001114a70 .functor OR 1, L_0000000001114ae0, L_0000000001114760, C4<0>, C4<0>;
L_0000000001113ce0 .functor NOT 1, L_000000000110dec0, C4<0>, C4<0>, C4<0>;
L_0000000001114ca0 .functor AND 1, L_000000000110d920, L_0000000001113ce0, C4<1>, C4<1>;
L_0000000001114450 .functor AND 1, L_0000000001114ca0, L_000000000110db00, C4<1>, C4<1>;
L_0000000001113dc0 .functor AND 1, L_0000000001114450, L_000000000110fe00, C4<1>, C4<1>;
L_00000000011144c0 .functor OR 1, L_0000000001114a70, L_0000000001113dc0, C4<0>, C4<0>;
L_0000000001113490 .functor AND 1, L_000000000110d920, L_000000000110dec0, C4<1>, C4<1>;
L_0000000001113b20 .functor NOT 1, L_000000000110fe00, C4<0>, C4<0>, C4<0>;
L_0000000001113ea0 .functor AND 1, L_0000000001113490, L_0000000001113b20, C4<1>, C4<1>;
L_0000000001114b50 .functor AND 1, L_000000000110d920, L_000000000110db00, C4<1>, C4<1>;
L_0000000001113e30 .functor NOT 1, L_000000000110fe00, C4<0>, C4<0>, C4<0>;
L_0000000001113730 .functor AND 1, L_0000000001114b50, L_0000000001113e30, C4<1>, C4<1>;
L_0000000001113f10 .functor OR 1, L_0000000001113ea0, L_0000000001113730, C4<0>, C4<0>;
L_00000000011138f0 .functor AND 1, L_000000000110d920, L_000000000110db00, C4<1>, C4<1>;
L_0000000001114220 .functor AND 1, L_00000000011138f0, L_000000000110fe00, C4<1>, C4<1>;
L_0000000001113ff0 .functor OR 1, L_0000000001113f10, L_0000000001114220, C4<0>, C4<0>;
v0000000001099930_0 .net *"_s0", 0 0, L_0000000001113650;  1 drivers
v0000000001099d90_0 .net *"_s10", 0 0, L_0000000001114a70;  1 drivers
v000000000109a0b0_0 .net *"_s12", 0 0, L_0000000001113ce0;  1 drivers
v000000000109a150_0 .net *"_s14", 0 0, L_0000000001114ca0;  1 drivers
v000000000109cef0_0 .net *"_s16", 0 0, L_0000000001114450;  1 drivers
v000000000109baf0_0 .net *"_s18", 0 0, L_0000000001113dc0;  1 drivers
v000000000109cc70_0 .net *"_s2", 0 0, L_0000000001114ae0;  1 drivers
v000000000109c130_0 .net *"_s22", 0 0, L_0000000001113490;  1 drivers
v000000000109ce50_0 .net *"_s24", 0 0, L_0000000001113b20;  1 drivers
v000000000109be10_0 .net *"_s26", 0 0, L_0000000001113ea0;  1 drivers
v000000000109c630_0 .net *"_s28", 0 0, L_0000000001114b50;  1 drivers
v000000000109beb0_0 .net *"_s30", 0 0, L_0000000001113e30;  1 drivers
v000000000109bf50_0 .net *"_s32", 0 0, L_0000000001113730;  1 drivers
v000000000109c950_0 .net *"_s34", 0 0, L_0000000001113f10;  1 drivers
v000000000109c6d0_0 .net *"_s36", 0 0, L_00000000011138f0;  1 drivers
v000000000109bcd0_0 .net *"_s38", 0 0, L_0000000001114220;  1 drivers
v000000000109cd10_0 .net *"_s4", 0 0, L_00000000011143e0;  1 drivers
v000000000109c770_0 .net *"_s6", 0 0, L_00000000011140d0;  1 drivers
v000000000109c8b0_0 .net *"_s8", 0 0, L_0000000001114760;  1 drivers
v000000000109b870_0 .net "a0", 0 0, L_000000000110d920;  1 drivers
v000000000109c1d0_0 .net "a1", 0 0, L_000000000110dec0;  1 drivers
v000000000109c590_0 .net "b0", 0 0, L_000000000110db00;  1 drivers
v000000000109c4f0_0 .net "b1", 0 0, L_000000000110fe00;  1 drivers
v000000000109c810_0 .net "c0", 0 0, L_0000000001113ff0;  1 drivers
v000000000109c9f0_0 .net "c1", 0 0, L_00000000011144c0;  1 drivers
S_000000000092e4c0 .scope module, "A05_04" "star_operator" 4 12, 5 1 0, S_0000000000890400;
 .timescale 0 0;
    .port_info 0 /OUTPUT 1 "c1";
    .port_info 1 /OUTPUT 1 "c0";
    .port_info 2 /INPUT 1 "b1";
    .port_info 3 /INPUT 1 "b0";
    .port_info 4 /INPUT 1 "a1";
    .port_info 5 /INPUT 1 "a0";
L_0000000001113810 .functor AND 1, L_000000000110dba0, L_000000000110fa40, C4<1>, C4<1>;
L_00000000011139d0 .functor AND 1, L_0000000001113810, L_000000000110da60, C4<1>, C4<1>;
L_0000000001113ab0 .functor AND 1, L_000000000110dba0, L_000000000110fa40, C4<1>, C4<1>;
L_00000000011131f0 .functor NOT 1, L_000000000110f040, C4<0>, C4<0>, C4<0>;
L_0000000001114d80 .functor AND 1, L_0000000001113ab0, L_00000000011131f0, C4<1>, C4<1>;
L_0000000001114bc0 .functor OR 1, L_00000000011139d0, L_0000000001114d80, C4<0>, C4<0>;
L_0000000001113b90 .functor NOT 1, L_000000000110fa40, C4<0>, C4<0>, C4<0>;
L_0000000001114140 .functor AND 1, L_000000000110dba0, L_0000000001113b90, C4<1>, C4<1>;
L_0000000001114d10 .functor AND 1, L_0000000001114140, L_000000000110da60, C4<1>, C4<1>;
L_0000000001113c00 .functor AND 1, L_0000000001114d10, L_000000000110f040, C4<1>, C4<1>;
L_0000000001113c70 .functor OR 1, L_0000000001114bc0, L_0000000001113c00, C4<0>, C4<0>;
L_0000000001114060 .functor AND 1, L_000000000110dba0, L_000000000110fa40, C4<1>, C4<1>;
L_0000000001115090 .functor NOT 1, L_000000000110f040, C4<0>, C4<0>, C4<0>;
L_0000000001113d50 .functor AND 1, L_0000000001114060, L_0000000001115090, C4<1>, C4<1>;
L_0000000001114ed0 .functor AND 1, L_000000000110dba0, L_000000000110da60, C4<1>, C4<1>;
L_0000000001115100 .functor NOT 1, L_000000000110f040, C4<0>, C4<0>, C4<0>;
L_0000000001114df0 .functor AND 1, L_0000000001114ed0, L_0000000001115100, C4<1>, C4<1>;
L_0000000001115020 .functor OR 1, L_0000000001113d50, L_0000000001114df0, C4<0>, C4<0>;
L_0000000001114fb0 .functor AND 1, L_000000000110dba0, L_000000000110da60, C4<1>, C4<1>;
L_0000000001114e60 .functor AND 1, L_0000000001114fb0, L_000000000110f040, C4<1>, C4<1>;
L_0000000001114f40 .functor OR 1, L_0000000001115020, L_0000000001114e60, C4<0>, C4<0>;
v000000000109b910_0 .net *"_s0", 0 0, L_0000000001113810;  1 drivers
v000000000109bd70_0 .net *"_s10", 0 0, L_0000000001114bc0;  1 drivers
v000000000109bff0_0 .net *"_s12", 0 0, L_0000000001113b90;  1 drivers
v000000000109ca90_0 .net *"_s14", 0 0, L_0000000001114140;  1 drivers
v000000000109c090_0 .net *"_s16", 0 0, L_0000000001114d10;  1 drivers
v000000000109c310_0 .net *"_s18", 0 0, L_0000000001113c00;  1 drivers
v000000000109b9b0_0 .net *"_s2", 0 0, L_00000000011139d0;  1 drivers
v000000000109c3b0_0 .net *"_s22", 0 0, L_0000000001114060;  1 drivers
v000000000109c270_0 .net *"_s24", 0 0, L_0000000001115090;  1 drivers
v000000000109cb30_0 .net *"_s26", 0 0, L_0000000001113d50;  1 drivers
v000000000109cbd0_0 .net *"_s28", 0 0, L_0000000001114ed0;  1 drivers
v000000000109cdb0_0 .net *"_s30", 0 0, L_0000000001115100;  1 drivers
v000000000109ba50_0 .net *"_s32", 0 0, L_0000000001114df0;  1 drivers
v000000000109bb90_0 .net *"_s34", 0 0, L_0000000001115020;  1 drivers
v000000000109bc30_0 .net *"_s36", 0 0, L_0000000001114fb0;  1 drivers
v000000000109c450_0 .net *"_s38", 0 0, L_0000000001114e60;  1 drivers
v00000000010a5310_0 .net *"_s4", 0 0, L_0000000001113ab0;  1 drivers
v00000000010a77f0_0 .net *"_s6", 0 0, L_00000000011131f0;  1 drivers
v00000000010a67b0_0 .net *"_s8", 0 0, L_0000000001114d80;  1 drivers
v00000000010a54f0_0 .net "a0", 0 0, L_000000000110dba0;  1 drivers
v00000000010a6c10_0 .net "a1", 0 0, L_000000000110fa40;  1 drivers
v00000000010a6030_0 .net "b0", 0 0, L_000000000110da60;  1 drivers
v00000000010a65d0_0 .net "b1", 0 0, L_000000000110f040;  1 drivers
v00000000010a63f0_0 .net "c0", 0 0, L_0000000001114f40;  1 drivers
v00000000010a5590_0 .net "c1", 0 0, L_0000000001113c70;  1 drivers
S_000000000092e650 .scope module, "A06_05" "star_operator" 4 13, 5 1 0, S_0000000000890400;
 .timescale 0 0;
    .port_info 0 /OUTPUT 1 "c1";
    .port_info 1 /OUTPUT 1 "c0";
    .port_info 2 /INPUT 1 "b1";
    .port_info 3 /INPUT 1 "b0";
    .port_info 4 /INPUT 1 "a1";
    .port_info 5 /INPUT 1 "a0";
L_000000000092dd10 .functor AND 1, L_000000000110e960, L_000000000110f180, C4<1>, C4<1>;
L_0000000001116730 .functor AND 1, L_000000000092dd10, L_000000000110f0e0, C4<1>, C4<1>;
L_0000000001116490 .functor AND 1, L_000000000110e960, L_000000000110f180, C4<1>, C4<1>;
L_0000000001115d90 .functor NOT 1, L_000000000110fcc0, C4<0>, C4<0>, C4<0>;
L_0000000001116340 .functor AND 1, L_0000000001116490, L_0000000001115d90, C4<1>, C4<1>;
L_0000000001116b90 .functor OR 1, L_0000000001116730, L_0000000001116340, C4<0>, C4<0>;
L_0000000001116dc0 .functor NOT 1, L_000000000110f180, C4<0>, C4<0>, C4<0>;
L_0000000001115af0 .functor AND 1, L_000000000110e960, L_0000000001116dc0, C4<1>, C4<1>;
L_00000000011167a0 .functor AND 1, L_0000000001115af0, L_000000000110f0e0, C4<1>, C4<1>;
L_0000000001116c70 .functor AND 1, L_00000000011167a0, L_000000000110fcc0, C4<1>, C4<1>;
L_00000000011157e0 .functor OR 1, L_0000000001116b90, L_0000000001116c70, C4<0>, C4<0>;
L_0000000001116f80 .functor AND 1, L_000000000110e960, L_000000000110f180, C4<1>, C4<1>;
L_0000000001115bd0 .functor NOT 1, L_000000000110fcc0, C4<0>, C4<0>, C4<0>;
L_0000000001116ff0 .functor AND 1, L_0000000001116f80, L_0000000001115bd0, C4<1>, C4<1>;
L_0000000001116260 .functor AND 1, L_000000000110e960, L_000000000110f0e0, C4<1>, C4<1>;
L_0000000001117220 .functor NOT 1, L_000000000110fcc0, C4<0>, C4<0>, C4<0>;
L_0000000001115ee0 .functor AND 1, L_0000000001116260, L_0000000001117220, C4<1>, C4<1>;
L_0000000001116e30 .functor OR 1, L_0000000001116ff0, L_0000000001115ee0, C4<0>, C4<0>;
L_00000000011170d0 .functor AND 1, L_000000000110e960, L_000000000110f0e0, C4<1>, C4<1>;
L_0000000001116960 .functor AND 1, L_00000000011170d0, L_000000000110fcc0, C4<1>, C4<1>;
L_0000000001115d20 .functor OR 1, L_0000000001116e30, L_0000000001116960, C4<0>, C4<0>;
v00000000010a5090_0 .net *"_s0", 0 0, L_000000000092dd10;  1 drivers
v00000000010a6a30_0 .net *"_s10", 0 0, L_0000000001116b90;  1 drivers
v00000000010a6350_0 .net *"_s12", 0 0, L_0000000001116dc0;  1 drivers
v00000000010a7570_0 .net *"_s14", 0 0, L_0000000001115af0;  1 drivers
v00000000010a6210_0 .net *"_s16", 0 0, L_00000000011167a0;  1 drivers
v00000000010a51d0_0 .net *"_s18", 0 0, L_0000000001116c70;  1 drivers
v00000000010a5f90_0 .net *"_s2", 0 0, L_0000000001116730;  1 drivers
v00000000010a62b0_0 .net *"_s22", 0 0, L_0000000001116f80;  1 drivers
v00000000010a6990_0 .net *"_s24", 0 0, L_0000000001115bd0;  1 drivers
v00000000010a60d0_0 .net *"_s26", 0 0, L_0000000001116ff0;  1 drivers
v00000000010a5ef0_0 .net *"_s28", 0 0, L_0000000001116260;  1 drivers
v00000000010a6170_0 .net *"_s30", 0 0, L_0000000001117220;  1 drivers
v00000000010a6530_0 .net *"_s32", 0 0, L_0000000001115ee0;  1 drivers
v00000000010a6490_0 .net *"_s34", 0 0, L_0000000001116e30;  1 drivers
v00000000010a5770_0 .net *"_s36", 0 0, L_00000000011170d0;  1 drivers
v00000000010a71b0_0 .net *"_s38", 0 0, L_0000000001116960;  1 drivers
v00000000010a6ad0_0 .net *"_s4", 0 0, L_0000000001116490;  1 drivers
v00000000010a5810_0 .net *"_s6", 0 0, L_0000000001115d90;  1 drivers
v00000000010a5270_0 .net *"_s8", 0 0, L_0000000001116340;  1 drivers
v00000000010a6850_0 .net "a0", 0 0, L_000000000110e960;  1 drivers
v00000000010a7750_0 .net "a1", 0 0, L_000000000110f180;  1 drivers
v00000000010a6670_0 .net "b0", 0 0, L_000000000110f0e0;  1 drivers
v00000000010a68f0_0 .net "b1", 0 0, L_000000000110fcc0;  1 drivers
v00000000010a5e50_0 .net "c0", 0 0, L_0000000001115d20;  1 drivers
v00000000010a7250_0 .net "c1", 0 0, L_00000000011157e0;  1 drivers
S_000000000092e7e0 .scope module, "A07_06" "star_operator" 4 14, 5 1 0, S_0000000000890400;
 .timescale 0 0;
    .port_info 0 /OUTPUT 1 "c1";
    .port_info 1 /OUTPUT 1 "c0";
    .port_info 2 /INPUT 1 "b1";
    .port_info 3 /INPUT 1 "b0";
    .port_info 4 /INPUT 1 "a1";
    .port_info 5 /INPUT 1 "a0";
L_0000000001115770 .functor AND 1, L_000000000110ec80, L_000000000110fea0, C4<1>, C4<1>;
L_0000000001116f10 .functor AND 1, L_0000000001115770, L_000000000110ed20, C4<1>, C4<1>;
L_00000000011168f0 .functor AND 1, L_000000000110ec80, L_000000000110fea0, C4<1>, C4<1>;
L_0000000001116c00 .functor NOT 1, L_000000000110ebe0, C4<0>, C4<0>, C4<0>;
L_0000000001115c40 .functor AND 1, L_00000000011168f0, L_0000000001116c00, C4<1>, C4<1>;
L_0000000001116650 .functor OR 1, L_0000000001116f10, L_0000000001115c40, C4<0>, C4<0>;
L_0000000001116810 .functor NOT 1, L_000000000110fea0, C4<0>, C4<0>, C4<0>;
L_00000000011166c0 .functor AND 1, L_000000000110ec80, L_0000000001116810, C4<1>, C4<1>;
L_0000000001117290 .functor AND 1, L_00000000011166c0, L_000000000110ed20, C4<1>, C4<1>;
L_0000000001115850 .functor AND 1, L_0000000001117290, L_000000000110ebe0, C4<1>, C4<1>;
L_00000000011158c0 .functor OR 1, L_0000000001116650, L_0000000001115850, C4<0>, C4<0>;
L_0000000001115b60 .functor AND 1, L_000000000110ec80, L_000000000110fea0, C4<1>, C4<1>;
L_0000000001115cb0 .functor NOT 1, L_000000000110ebe0, C4<0>, C4<0>, C4<0>;
L_0000000001115f50 .functor AND 1, L_0000000001115b60, L_0000000001115cb0, C4<1>, C4<1>;
L_0000000001116500 .functor AND 1, L_000000000110ec80, L_000000000110ed20, C4<1>, C4<1>;
L_0000000001115930 .functor NOT 1, L_000000000110ebe0, C4<0>, C4<0>, C4<0>;
L_0000000001116880 .functor AND 1, L_0000000001116500, L_0000000001115930, C4<1>, C4<1>;
L_0000000001116ea0 .functor OR 1, L_0000000001115f50, L_0000000001116880, C4<0>, C4<0>;
L_0000000001117060 .functor AND 1, L_000000000110ec80, L_000000000110ed20, C4<1>, C4<1>;
L_0000000001117140 .functor AND 1, L_0000000001117060, L_000000000110ebe0, C4<1>, C4<1>;
L_0000000001115a80 .functor OR 1, L_0000000001116ea0, L_0000000001117140, C4<0>, C4<0>;
v00000000010a76b0_0 .net *"_s0", 0 0, L_0000000001115770;  1 drivers
v00000000010a58b0_0 .net *"_s10", 0 0, L_0000000001116650;  1 drivers
v00000000010a72f0_0 .net *"_s12", 0 0, L_0000000001116810;  1 drivers
v00000000010a6b70_0 .net *"_s14", 0 0, L_00000000011166c0;  1 drivers
v00000000010a6d50_0 .net *"_s16", 0 0, L_0000000001117290;  1 drivers
v00000000010a5450_0 .net *"_s18", 0 0, L_0000000001115850;  1 drivers
v00000000010a6710_0 .net *"_s2", 0 0, L_0000000001116f10;  1 drivers
v00000000010a6cb0_0 .net *"_s22", 0 0, L_0000000001115b60;  1 drivers
v00000000010a5630_0 .net *"_s24", 0 0, L_0000000001115cb0;  1 drivers
v00000000010a53b0_0 .net *"_s26", 0 0, L_0000000001115f50;  1 drivers
v00000000010a6df0_0 .net *"_s28", 0 0, L_0000000001116500;  1 drivers
v00000000010a7110_0 .net *"_s30", 0 0, L_0000000001115930;  1 drivers
v00000000010a6e90_0 .net *"_s32", 0 0, L_0000000001116880;  1 drivers
v00000000010a6f30_0 .net *"_s34", 0 0, L_0000000001116ea0;  1 drivers
v00000000010a56d0_0 .net *"_s36", 0 0, L_0000000001117060;  1 drivers
v00000000010a5950_0 .net *"_s38", 0 0, L_0000000001117140;  1 drivers
v00000000010a5db0_0 .net *"_s4", 0 0, L_00000000011168f0;  1 drivers
v00000000010a6fd0_0 .net *"_s6", 0 0, L_0000000001116c00;  1 drivers
v00000000010a7610_0 .net *"_s8", 0 0, L_0000000001115c40;  1 drivers
v00000000010a59f0_0 .net "a0", 0 0, L_000000000110ec80;  1 drivers
v00000000010a7070_0 .net "a1", 0 0, L_000000000110fea0;  1 drivers
v00000000010a5b30_0 .net "b0", 0 0, L_000000000110ed20;  1 drivers
v00000000010a5a90_0 .net "b1", 0 0, L_000000000110ebe0;  1 drivers
v00000000010a5bd0_0 .net "c0", 0 0, L_0000000001115a80;  1 drivers
v00000000010a5130_0 .net "c1", 0 0, L_00000000011158c0;  1 drivers
S_000000000092e970 .scope module, "A08_07" "star_operator" 4 15, 5 1 0, S_0000000000890400;
 .timescale 0 0;
    .port_info 0 /OUTPUT 1 "c1";
    .port_info 1 /OUTPUT 1 "c0";
    .port_info 2 /INPUT 1 "b1";
    .port_info 3 /INPUT 1 "b0";
    .port_info 4 /INPUT 1 "a1";
    .port_info 5 /INPUT 1 "a0";
L_0000000001116180 .functor AND 1, L_000000000110f400, L_000000000110df60, C4<1>, C4<1>;
L_00000000011162d0 .functor AND 1, L_0000000001116180, L_000000000110fb80, C4<1>, C4<1>;
L_00000000011171b0 .functor AND 1, L_000000000110f400, L_000000000110df60, C4<1>, C4<1>;
L_0000000001116ce0 .functor NOT 1, L_000000000110f720, C4<0>, C4<0>, C4<0>;
L_0000000001117300 .functor AND 1, L_00000000011171b0, L_0000000001116ce0, C4<1>, C4<1>;
L_00000000011159a0 .functor OR 1, L_00000000011162d0, L_0000000001117300, C4<0>, C4<0>;
L_0000000001115a10 .functor NOT 1, L_000000000110df60, C4<0>, C4<0>, C4<0>;
L_00000000011169d0 .functor AND 1, L_000000000110f400, L_0000000001115a10, C4<1>, C4<1>;
L_0000000001116ab0 .functor AND 1, L_00000000011169d0, L_000000000110fb80, C4<1>, C4<1>;
L_0000000001116a40 .functor AND 1, L_0000000001116ab0, L_000000000110f720, C4<1>, C4<1>;
L_0000000001115e00 .functor OR 1, L_00000000011159a0, L_0000000001116a40, C4<0>, C4<0>;
L_0000000001115e70 .functor AND 1, L_000000000110f400, L_000000000110df60, C4<1>, C4<1>;
L_0000000001115fc0 .functor NOT 1, L_000000000110f720, C4<0>, C4<0>, C4<0>;
L_00000000011160a0 .functor AND 1, L_0000000001115e70, L_0000000001115fc0, C4<1>, C4<1>;
L_0000000001116b20 .functor AND 1, L_000000000110f400, L_000000000110fb80, C4<1>, C4<1>;
L_0000000001116030 .functor NOT 1, L_000000000110f720, C4<0>, C4<0>, C4<0>;
L_0000000001116110 .functor AND 1, L_0000000001116b20, L_0000000001116030, C4<1>, C4<1>;
L_00000000011161f0 .functor OR 1, L_00000000011160a0, L_0000000001116110, C4<0>, C4<0>;
L_00000000011163b0 .functor AND 1, L_000000000110f400, L_000000000110fb80, C4<1>, C4<1>;
L_0000000001116420 .functor AND 1, L_00000000011163b0, L_000000000110f720, C4<1>, C4<1>;
L_0000000001116d50 .functor OR 1, L_00000000011161f0, L_0000000001116420, C4<0>, C4<0>;
v00000000010a7390_0 .net *"_s0", 0 0, L_0000000001116180;  1 drivers
v00000000010a5c70_0 .net *"_s10", 0 0, L_00000000011159a0;  1 drivers
v00000000010a5d10_0 .net *"_s12", 0 0, L_0000000001115a10;  1 drivers
v00000000010a7430_0 .net *"_s14", 0 0, L_00000000011169d0;  1 drivers
v00000000010a74d0_0 .net *"_s16", 0 0, L_0000000001116ab0;  1 drivers
v00000000010a88d0_0 .net *"_s18", 0 0, L_0000000001116a40;  1 drivers
v00000000010a7d90_0 .net *"_s2", 0 0, L_00000000011162d0;  1 drivers
v00000000010a8ab0_0 .net *"_s22", 0 0, L_0000000001115e70;  1 drivers
v00000000010a8830_0 .net *"_s24", 0 0, L_0000000001115fc0;  1 drivers
v00000000010a7e30_0 .net *"_s26", 0 0, L_00000000011160a0;  1 drivers
v00000000010a8970_0 .net *"_s28", 0 0, L_0000000001116b20;  1 drivers
v00000000010a85b0_0 .net *"_s30", 0 0, L_0000000001116030;  1 drivers
v00000000010a83d0_0 .net *"_s32", 0 0, L_0000000001116110;  1 drivers
v00000000010a8f10_0 .net *"_s34", 0 0, L_00000000011161f0;  1 drivers
v00000000010a8650_0 .net *"_s36", 0 0, L_00000000011163b0;  1 drivers
v00000000010a8b50_0 .net *"_s38", 0 0, L_0000000001116420;  1 drivers
v00000000010a8dd0_0 .net *"_s4", 0 0, L_00000000011171b0;  1 drivers
v00000000010a8470_0 .net *"_s6", 0 0, L_0000000001116ce0;  1 drivers
v00000000010a8330_0 .net *"_s8", 0 0, L_0000000001117300;  1 drivers
v00000000010a7ed0_0 .net "a0", 0 0, L_000000000110f400;  1 drivers
v00000000010a86f0_0 .net "a1", 0 0, L_000000000110df60;  1 drivers
v00000000010a8150_0 .net "b0", 0 0, L_000000000110fb80;  1 drivers
v00000000010a7f70_0 .net "b1", 0 0, L_000000000110f720;  1 drivers
v00000000010a7a70_0 .net "c0", 0 0, L_0000000001116d50;  1 drivers
v00000000010a8d30_0 .net "c1", 0 0, L_0000000001115e00;  1 drivers
S_000000000092eb00 .scope module, "B02_00" "star_operator" 4 20, 5 1 0, S_0000000000890400;
 .timescale 0 0;
    .port_info 0 /OUTPUT 1 "c1";
    .port_info 1 /OUTPUT 1 "c0";
    .port_info 2 /INPUT 1 "b1";
    .port_info 3 /INPUT 1 "b0";
    .port_info 4 /INPUT 1 "a1";
    .port_info 5 /INPUT 1 "a0";
L_0000000001116570 .functor AND 1, L_000000000110e320, L_000000000110e280, C4<1>, C4<1>;
L_00000000011165e0 .functor AND 1, L_0000000001116570, L_000000000110f220, C4<1>, C4<1>;
L_00000000011175a0 .functor AND 1, L_000000000110e320, L_000000000110e280, C4<1>, C4<1>;
L_0000000001117610 .functor NOT 1, L_000000000110e780, C4<0>, C4<0>, C4<0>;
L_0000000001117530 .functor AND 1, L_00000000011175a0, L_0000000001117610, C4<1>, C4<1>;
L_00000000011173e0 .functor OR 1, L_00000000011165e0, L_0000000001117530, C4<0>, C4<0>;
L_0000000001117680 .functor NOT 1, L_000000000110e280, C4<0>, C4<0>, C4<0>;
L_0000000001117370 .functor AND 1, L_000000000110e320, L_0000000001117680, C4<1>, C4<1>;
L_0000000001117450 .functor AND 1, L_0000000001117370, L_000000000110f220, C4<1>, C4<1>;
L_00000000011174c0 .functor AND 1, L_0000000001117450, L_000000000110e780, C4<1>, C4<1>;
L_000000000111cf60 .functor OR 1, L_00000000011173e0, L_00000000011174c0, C4<0>, C4<0>;
L_000000000111cfd0 .functor AND 1, L_000000000110e320, L_000000000110e280, C4<1>, C4<1>;
L_000000000111d580 .functor NOT 1, L_000000000110e780, C4<0>, C4<0>, C4<0>;
L_000000000111d200 .functor AND 1, L_000000000111cfd0, L_000000000111d580, C4<1>, C4<1>;
L_000000000111d7b0 .functor AND 1, L_000000000110e320, L_000000000110f220, C4<1>, C4<1>;
L_000000000111cef0 .functor NOT 1, L_000000000110e780, C4<0>, C4<0>, C4<0>;
L_000000000111bfa0 .functor AND 1, L_000000000111d7b0, L_000000000111cef0, C4<1>, C4<1>;
L_000000000111d040 .functor OR 1, L_000000000111d200, L_000000000111bfa0, C4<0>, C4<0>;
L_000000000111cb70 .functor AND 1, L_000000000110e320, L_000000000110f220, C4<1>, C4<1>;
L_000000000111d0b0 .functor AND 1, L_000000000111cb70, L_000000000110e780, C4<1>, C4<1>;
L_000000000111d820 .functor OR 1, L_000000000111d040, L_000000000111d0b0, C4<0>, C4<0>;
v00000000010a8e70_0 .net *"_s0", 0 0, L_0000000001116570;  1 drivers
v00000000010a7890_0 .net *"_s10", 0 0, L_00000000011173e0;  1 drivers
v00000000010a7930_0 .net *"_s12", 0 0, L_0000000001117680;  1 drivers
v00000000010a8790_0 .net *"_s14", 0 0, L_0000000001117370;  1 drivers
v00000000010a7b10_0 .net *"_s16", 0 0, L_0000000001117450;  1 drivers
v00000000010a8a10_0 .net *"_s18", 0 0, L_00000000011174c0;  1 drivers
v00000000010a8510_0 .net *"_s2", 0 0, L_00000000011165e0;  1 drivers
v00000000010a8bf0_0 .net *"_s22", 0 0, L_000000000111cfd0;  1 drivers
v00000000010a79d0_0 .net *"_s24", 0 0, L_000000000111d580;  1 drivers
v00000000010a8c90_0 .net *"_s26", 0 0, L_000000000111d200;  1 drivers
v00000000010a8010_0 .net *"_s28", 0 0, L_000000000111d7b0;  1 drivers
v00000000010a7bb0_0 .net *"_s30", 0 0, L_000000000111cef0;  1 drivers
v00000000010a7cf0_0 .net *"_s32", 0 0, L_000000000111bfa0;  1 drivers
v00000000010a80b0_0 .net *"_s34", 0 0, L_000000000111d040;  1 drivers
v00000000010a7c50_0 .net *"_s36", 0 0, L_000000000111cb70;  1 drivers
v00000000010a81f0_0 .net *"_s38", 0 0, L_000000000111d0b0;  1 drivers
v00000000010a8290_0 .net *"_s4", 0 0, L_00000000011175a0;  1 drivers
v00000000010ad770_0 .net *"_s6", 0 0, L_0000000001117610;  1 drivers
v00000000010ad810_0 .net *"_s8", 0 0, L_0000000001117530;  1 drivers
v00000000010ad450_0 .net "a0", 0 0, L_000000000110e320;  1 drivers
v00000000010ac910_0 .net "a1", 0 0, L_000000000110e280;  1 drivers
v00000000010ad310_0 .net "b0", 0 0, L_000000000110f220;  1 drivers
v00000000010abf10_0 .net "b1", 0 0, L_000000000110e780;  1 drivers
v00000000010ab150_0 .net "c0", 0 0, L_000000000111d820;  1 drivers
v00000000010ad6d0_0 .net "c1", 0 0, L_000000000111cf60;  1 drivers
S_000000000092ec90 .scope module, "B03_01" "star_operator" 4 21, 5 1 0, S_0000000000890400;
 .timescale 0 0;
    .port_info 0 /OUTPUT 1 "c1";
    .port_info 1 /OUTPUT 1 "c0";
    .port_info 2 /INPUT 1 "b1";
    .port_info 3 /INPUT 1 "b0";
    .port_info 4 /INPUT 1 "a1";
    .port_info 5 /INPUT 1 "a0";
L_000000000111d120 .functor AND 1, L_000000000110f360, L_000000000110e460, C4<1>, C4<1>;
L_000000000111d190 .functor AND 1, L_000000000111d120, L_000000000110fc20, C4<1>, C4<1>;
L_000000000111ca20 .functor AND 1, L_000000000110f360, L_000000000110e460, C4<1>, C4<1>;
L_000000000111c010 .functor NOT 1, L_000000000110e3c0, C4<0>, C4<0>, C4<0>;
L_000000000111c4e0 .functor AND 1, L_000000000111ca20, L_000000000111c010, C4<1>, C4<1>;
L_000000000111c080 .functor OR 1, L_000000000111d190, L_000000000111c4e0, C4<0>, C4<0>;
L_000000000111c710 .functor NOT 1, L_000000000110e460, C4<0>, C4<0>, C4<0>;
L_000000000111bd70 .functor AND 1, L_000000000110f360, L_000000000111c710, C4<1>, C4<1>;
L_000000000111d900 .functor AND 1, L_000000000111bd70, L_000000000110fc20, C4<1>, C4<1>;
L_000000000111d270 .functor AND 1, L_000000000111d900, L_000000000110e3c0, C4<1>, C4<1>;
L_000000000111bde0 .functor OR 1, L_000000000111c080, L_000000000111d270, C4<0>, C4<0>;
L_000000000111d2e0 .functor AND 1, L_000000000110f360, L_000000000110e460, C4<1>, C4<1>;
L_000000000111c160 .functor NOT 1, L_000000000110e3c0, C4<0>, C4<0>, C4<0>;
L_000000000111d350 .functor AND 1, L_000000000111d2e0, L_000000000111c160, C4<1>, C4<1>;
L_000000000111c860 .functor AND 1, L_000000000110f360, L_000000000110fc20, C4<1>, C4<1>;
L_000000000111d890 .functor NOT 1, L_000000000110e3c0, C4<0>, C4<0>, C4<0>;
L_000000000111ce10 .functor AND 1, L_000000000111c860, L_000000000111d890, C4<1>, C4<1>;
L_000000000111c940 .functor OR 1, L_000000000111d350, L_000000000111ce10, C4<0>, C4<0>;
L_000000000111d3c0 .functor AND 1, L_000000000110f360, L_000000000110fc20, C4<1>, C4<1>;
L_000000000111cd30 .functor AND 1, L_000000000111d3c0, L_000000000110e3c0, C4<1>, C4<1>;
L_000000000111cc50 .functor OR 1, L_000000000111c940, L_000000000111cd30, C4<0>, C4<0>;
v00000000010ac870_0 .net *"_s0", 0 0, L_000000000111d120;  1 drivers
v00000000010ab290_0 .net *"_s10", 0 0, L_000000000111c080;  1 drivers
v00000000010ac050_0 .net *"_s12", 0 0, L_000000000111c710;  1 drivers
v00000000010ad630_0 .net *"_s14", 0 0, L_000000000111bd70;  1 drivers
v00000000010abfb0_0 .net *"_s16", 0 0, L_000000000111d900;  1 drivers
v00000000010ad3b0_0 .net *"_s18", 0 0, L_000000000111d270;  1 drivers
v00000000010ab510_0 .net *"_s2", 0 0, L_000000000111d190;  1 drivers
v00000000010abab0_0 .net *"_s22", 0 0, L_000000000111d2e0;  1 drivers
v00000000010ac0f0_0 .net *"_s24", 0 0, L_000000000111c160;  1 drivers
v00000000010ac370_0 .net *"_s26", 0 0, L_000000000111d350;  1 drivers
v00000000010ab3d0_0 .net *"_s28", 0 0, L_000000000111c860;  1 drivers
v00000000010ab330_0 .net *"_s30", 0 0, L_000000000111d890;  1 drivers
v00000000010abdd0_0 .net *"_s32", 0 0, L_000000000111ce10;  1 drivers
v00000000010aca50_0 .net *"_s34", 0 0, L_000000000111c940;  1 drivers
v00000000010ad4f0_0 .net *"_s36", 0 0, L_000000000111d3c0;  1 drivers
v00000000010acb90_0 .net *"_s38", 0 0, L_000000000111cd30;  1 drivers
v00000000010ac190_0 .net *"_s4", 0 0, L_000000000111ca20;  1 drivers
v00000000010ab6f0_0 .net *"_s6", 0 0, L_000000000111c010;  1 drivers
v00000000010ad130_0 .net *"_s8", 0 0, L_000000000111c4e0;  1 drivers
v00000000010ac5f0_0 .net "a0", 0 0, L_000000000110f360;  1 drivers
v00000000010ac9b0_0 .net "a1", 0 0, L_000000000110e460;  1 drivers
v00000000010abb50_0 .net "b0", 0 0, L_000000000110fc20;  1 drivers
v00000000010ac4b0_0 .net "b1", 0 0, L_000000000110e3c0;  1 drivers
v00000000010ad590_0 .net "c0", 0 0, L_000000000111cc50;  1 drivers
v00000000010ac690_0 .net "c1", 0 0, L_000000000111bde0;  1 drivers
S_000000000092ee20 .scope module, "B04_02" "star_operator" 4 22, 5 1 0, S_0000000000890400;
 .timescale 0 0;
    .port_info 0 /OUTPUT 1 "c1";
    .port_info 1 /OUTPUT 1 "c0";
    .port_info 2 /INPUT 1 "b1";
    .port_info 3 /INPUT 1 "b0";
    .port_info 4 /INPUT 1 "a1";
    .port_info 5 /INPUT 1 "a0";
L_000000000111d430 .functor AND 1, L_0000000001112380, L_00000000011101c0, C4<1>, C4<1>;
L_000000000111d4a0 .functor AND 1, L_000000000111d430, L_000000000110e820, C4<1>, C4<1>;
L_000000000111ca90 .functor AND 1, L_0000000001112380, L_00000000011101c0, C4<1>, C4<1>;
L_000000000111d5f0 .functor NOT 1, L_000000000110e500, C4<0>, C4<0>, C4<0>;
L_000000000111ccc0 .functor AND 1, L_000000000111ca90, L_000000000111d5f0, C4<1>, C4<1>;
L_000000000111d510 .functor OR 1, L_000000000111d4a0, L_000000000111ccc0, C4<0>, C4<0>;
L_000000000111cbe0 .functor NOT 1, L_00000000011101c0, C4<0>, C4<0>, C4<0>;
L_000000000111cda0 .functor AND 1, L_0000000001112380, L_000000000111cbe0, C4<1>, C4<1>;
L_000000000111d660 .functor AND 1, L_000000000111cda0, L_000000000110e820, C4<1>, C4<1>;
L_000000000111d6d0 .functor AND 1, L_000000000111d660, L_000000000110e500, C4<1>, C4<1>;
L_000000000111d740 .functor OR 1, L_000000000111d510, L_000000000111d6d0, C4<0>, C4<0>;
L_000000000111ce80 .functor AND 1, L_0000000001112380, L_00000000011101c0, C4<1>, C4<1>;
L_000000000111bec0 .functor NOT 1, L_000000000110e500, C4<0>, C4<0>, C4<0>;
L_000000000111be50 .functor AND 1, L_000000000111ce80, L_000000000111bec0, C4<1>, C4<1>;
L_000000000111bf30 .functor AND 1, L_0000000001112380, L_000000000110e820, C4<1>, C4<1>;
L_000000000111c0f0 .functor NOT 1, L_000000000110e500, C4<0>, C4<0>, C4<0>;
L_000000000111cb00 .functor AND 1, L_000000000111bf30, L_000000000111c0f0, C4<1>, C4<1>;
L_000000000111c1d0 .functor OR 1, L_000000000111be50, L_000000000111cb00, C4<0>, C4<0>;
L_000000000111c240 .functor AND 1, L_0000000001112380, L_000000000110e820, C4<1>, C4<1>;
L_000000000111c2b0 .functor AND 1, L_000000000111c240, L_000000000110e500, C4<1>, C4<1>;
L_000000000111c320 .functor OR 1, L_000000000111c1d0, L_000000000111c2b0, C4<0>, C4<0>;
v00000000010ac550_0 .net *"_s0", 0 0, L_000000000111d430;  1 drivers
v00000000010acaf0_0 .net *"_s10", 0 0, L_000000000111d510;  1 drivers
v00000000010abe70_0 .net *"_s12", 0 0, L_000000000111cbe0;  1 drivers
v00000000010ac230_0 .net *"_s14", 0 0, L_000000000111cda0;  1 drivers
v00000000010ab0b0_0 .net *"_s16", 0 0, L_000000000111d660;  1 drivers
v00000000010ab1f0_0 .net *"_s18", 0 0, L_000000000111d6d0;  1 drivers
v00000000010acf50_0 .net *"_s2", 0 0, L_000000000111d4a0;  1 drivers
v00000000010ac2d0_0 .net *"_s22", 0 0, L_000000000111ce80;  1 drivers
v00000000010ac730_0 .net *"_s24", 0 0, L_000000000111bec0;  1 drivers
v00000000010ab470_0 .net *"_s26", 0 0, L_000000000111be50;  1 drivers
v00000000010acc30_0 .net *"_s28", 0 0, L_000000000111bf30;  1 drivers
v00000000010ad1d0_0 .net *"_s30", 0 0, L_000000000111c0f0;  1 drivers
v00000000010ab5b0_0 .net *"_s32", 0 0, L_000000000111cb00;  1 drivers
v00000000010ab650_0 .net *"_s34", 0 0, L_000000000111c1d0;  1 drivers
v00000000010accd0_0 .net *"_s36", 0 0, L_000000000111c240;  1 drivers
v00000000010ab790_0 .net *"_s38", 0 0, L_000000000111c2b0;  1 drivers
v00000000010acd70_0 .net *"_s4", 0 0, L_000000000111ca90;  1 drivers
v00000000010ace10_0 .net *"_s6", 0 0, L_000000000111d5f0;  1 drivers
v00000000010aceb0_0 .net *"_s8", 0 0, L_000000000111ccc0;  1 drivers
v00000000010ac410_0 .net "a0", 0 0, L_0000000001112380;  1 drivers
v00000000010ab830_0 .net "a1", 0 0, L_00000000011101c0;  1 drivers
v00000000010ac7d0_0 .net "b0", 0 0, L_000000000110e820;  1 drivers
v00000000010ab8d0_0 .net "b1", 0 0, L_000000000110e500;  1 drivers
v00000000010acff0_0 .net "c0", 0 0, L_000000000111c320;  1 drivers
v00000000010ad090_0 .net "c1", 0 0, L_000000000111d740;  1 drivers
S_00000000010b3060 .scope module, "B05_03" "star_operator" 4 23, 5 1 0, S_0000000000890400;
 .timescale 0 0;
    .port_info 0 /OUTPUT 1 "c1";
    .port_info 1 /OUTPUT 1 "c0";
    .port_info 2 /INPUT 1 "b1";
    .port_info 3 /INPUT 1 "b0";
    .port_info 4 /INPUT 1 "a1";
    .port_info 5 /INPUT 1 "a0";
L_000000000111c390 .functor AND 1, L_0000000001112060, L_0000000001110260, C4<1>, C4<1>;
L_000000000111c400 .functor AND 1, L_000000000111c390, L_00000000011115c0, C4<1>, C4<1>;
L_000000000111c470 .functor AND 1, L_0000000001112060, L_0000000001110260, C4<1>, C4<1>;
L_000000000111c550 .functor NOT 1, L_0000000001110620, C4<0>, C4<0>, C4<0>;
L_000000000111c780 .functor AND 1, L_000000000111c470, L_000000000111c550, C4<1>, C4<1>;
L_000000000111c7f0 .functor OR 1, L_000000000111c400, L_000000000111c780, C4<0>, C4<0>;
L_000000000111c8d0 .functor NOT 1, L_0000000001110260, C4<0>, C4<0>, C4<0>;
L_000000000111c5c0 .functor AND 1, L_0000000001112060, L_000000000111c8d0, C4<1>, C4<1>;
L_000000000111c630 .functor AND 1, L_000000000111c5c0, L_00000000011115c0, C4<1>, C4<1>;
L_000000000111c6a0 .functor AND 1, L_000000000111c630, L_0000000001110620, C4<1>, C4<1>;
L_000000000111c9b0 .functor OR 1, L_000000000111c7f0, L_000000000111c6a0, C4<0>, C4<0>;
L_000000000111dac0 .functor AND 1, L_0000000001112060, L_0000000001110260, C4<1>, C4<1>;
L_000000000111e700 .functor NOT 1, L_0000000001110620, C4<0>, C4<0>, C4<0>;
L_000000000111e540 .functor AND 1, L_000000000111dac0, L_000000000111e700, C4<1>, C4<1>;
L_000000000111dba0 .functor AND 1, L_0000000001112060, L_00000000011115c0, C4<1>, C4<1>;
L_000000000111e310 .functor NOT 1, L_0000000001110620, C4<0>, C4<0>, C4<0>;
L_000000000111ebd0 .functor AND 1, L_000000000111dba0, L_000000000111e310, C4<1>, C4<1>;
L_000000000111e620 .functor OR 1, L_000000000111e540, L_000000000111ebd0, C4<0>, C4<0>;
L_000000000111e2a0 .functor AND 1, L_0000000001112060, L_00000000011115c0, C4<1>, C4<1>;
L_000000000111f340 .functor AND 1, L_000000000111e2a0, L_0000000001110620, C4<1>, C4<1>;
L_000000000111dc80 .functor OR 1, L_000000000111e620, L_000000000111f340, C4<0>, C4<0>;
v00000000010ab970_0 .net *"_s0", 0 0, L_000000000111c390;  1 drivers
v00000000010aba10_0 .net *"_s10", 0 0, L_000000000111c7f0;  1 drivers
v00000000010ad270_0 .net *"_s12", 0 0, L_000000000111c8d0;  1 drivers
v00000000010abbf0_0 .net *"_s14", 0 0, L_000000000111c5c0;  1 drivers
v00000000010abc90_0 .net *"_s16", 0 0, L_000000000111c630;  1 drivers
v00000000010abd30_0 .net *"_s18", 0 0, L_000000000111c6a0;  1 drivers
v00000000010af110_0 .net *"_s2", 0 0, L_000000000111c400;  1 drivers
v00000000010af890_0 .net *"_s22", 0 0, L_000000000111dac0;  1 drivers
v00000000010ad950_0 .net *"_s24", 0 0, L_000000000111e700;  1 drivers
v00000000010aee90_0 .net *"_s26", 0 0, L_000000000111e540;  1 drivers
v00000000010af390_0 .net *"_s28", 0 0, L_000000000111dba0;  1 drivers
v00000000010af9d0_0 .net *"_s30", 0 0, L_000000000111e310;  1 drivers
v00000000010adb30_0 .net *"_s32", 0 0, L_000000000111ebd0;  1 drivers
v00000000010af4d0_0 .net *"_s34", 0 0, L_000000000111e620;  1 drivers
v00000000010afa70_0 .net *"_s36", 0 0, L_000000000111e2a0;  1 drivers
v00000000010ae850_0 .net *"_s38", 0 0, L_000000000111f340;  1 drivers
v00000000010ad9f0_0 .net *"_s4", 0 0, L_000000000111c470;  1 drivers
v00000000010ae7b0_0 .net *"_s6", 0 0, L_000000000111c550;  1 drivers
v00000000010af6b0_0 .net *"_s8", 0 0, L_000000000111c780;  1 drivers
v00000000010af570_0 .net "a0", 0 0, L_0000000001112060;  1 drivers
v00000000010ae990_0 .net "a1", 0 0, L_0000000001110260;  1 drivers
v00000000010ae2b0_0 .net "b0", 0 0, L_00000000011115c0;  1 drivers
v00000000010ada90_0 .net "b1", 0 0, L_0000000001110620;  1 drivers
v00000000010af2f0_0 .net "c0", 0 0, L_000000000111dc80;  1 drivers
v00000000010af930_0 .net "c1", 0 0, L_000000000111c9b0;  1 drivers
S_00000000010b31f0 .scope module, "B06_04" "star_operator" 4 24, 5 1 0, S_0000000000890400;
 .timescale 0 0;
    .port_info 0 /OUTPUT 1 "c1";
    .port_info 1 /OUTPUT 1 "c0";
    .port_info 2 /INPUT 1 "b1";
    .port_info 3 /INPUT 1 "b0";
    .port_info 4 /INPUT 1 "a1";
    .port_info 5 /INPUT 1 "a0";
L_000000000111f500 .functor AND 1, L_00000000011110c0, L_0000000001111480, C4<1>, C4<1>;
L_000000000111e770 .functor AND 1, L_000000000111f500, L_0000000001110080, C4<1>, C4<1>;
L_000000000111e8c0 .functor AND 1, L_00000000011110c0, L_0000000001111480, C4<1>, C4<1>;
L_000000000111ec40 .functor NOT 1, L_0000000001110da0, C4<0>, C4<0>, C4<0>;
L_000000000111d9e0 .functor AND 1, L_000000000111e8c0, L_000000000111ec40, C4<1>, C4<1>;
L_000000000111db30 .functor OR 1, L_000000000111e770, L_000000000111d9e0, C4<0>, C4<0>;
L_000000000111dd60 .functor NOT 1, L_0000000001111480, C4<0>, C4<0>, C4<0>;
L_000000000111f420 .functor AND 1, L_00000000011110c0, L_000000000111dd60, C4<1>, C4<1>;
L_000000000111da50 .functor AND 1, L_000000000111f420, L_0000000001110080, C4<1>, C4<1>;
L_000000000111e7e0 .functor AND 1, L_000000000111da50, L_0000000001110da0, C4<1>, C4<1>;
L_000000000111e380 .functor OR 1, L_000000000111db30, L_000000000111e7e0, C4<0>, C4<0>;
L_000000000111ed90 .functor AND 1, L_00000000011110c0, L_0000000001111480, C4<1>, C4<1>;
L_000000000111dc10 .functor NOT 1, L_0000000001110da0, C4<0>, C4<0>, C4<0>;
L_000000000111e850 .functor AND 1, L_000000000111ed90, L_000000000111dc10, C4<1>, C4<1>;
L_000000000111f3b0 .functor AND 1, L_00000000011110c0, L_0000000001110080, C4<1>, C4<1>;
L_000000000111ecb0 .functor NOT 1, L_0000000001110da0, C4<0>, C4<0>, C4<0>;
L_000000000111e0e0 .functor AND 1, L_000000000111f3b0, L_000000000111ecb0, C4<1>, C4<1>;
L_000000000111d970 .functor OR 1, L_000000000111e850, L_000000000111e0e0, C4<0>, C4<0>;
L_000000000111e930 .functor AND 1, L_00000000011110c0, L_0000000001110080, C4<1>, C4<1>;
L_000000000111de40 .functor AND 1, L_000000000111e930, L_0000000001110da0, C4<1>, C4<1>;
L_000000000111f490 .functor OR 1, L_000000000111d970, L_000000000111de40, C4<0>, C4<0>;
v00000000010ae3f0_0 .net *"_s0", 0 0, L_000000000111f500;  1 drivers
v00000000010afbb0_0 .net *"_s10", 0 0, L_000000000111db30;  1 drivers
v00000000010add10_0 .net *"_s12", 0 0, L_000000000111dd60;  1 drivers
v00000000010ae350_0 .net *"_s14", 0 0, L_000000000111f420;  1 drivers
v00000000010aef30_0 .net *"_s16", 0 0, L_000000000111da50;  1 drivers
v00000000010aeb70_0 .net *"_s18", 0 0, L_000000000111e7e0;  1 drivers
v00000000010af1b0_0 .net *"_s2", 0 0, L_000000000111e770;  1 drivers
v00000000010ae490_0 .net *"_s22", 0 0, L_000000000111ed90;  1 drivers
v00000000010afc50_0 .net *"_s24", 0 0, L_000000000111dc10;  1 drivers
v00000000010aec10_0 .net *"_s26", 0 0, L_000000000111e850;  1 drivers
v00000000010afed0_0 .net *"_s28", 0 0, L_000000000111f3b0;  1 drivers
v00000000010ae170_0 .net *"_s30", 0 0, L_000000000111ecb0;  1 drivers
v00000000010adbd0_0 .net *"_s32", 0 0, L_000000000111e0e0;  1 drivers
v00000000010aecb0_0 .net *"_s34", 0 0, L_000000000111d970;  1 drivers
v00000000010adc70_0 .net *"_s36", 0 0, L_000000000111e930;  1 drivers
v00000000010ae670_0 .net *"_s38", 0 0, L_000000000111de40;  1 drivers
v00000000010ade50_0 .net *"_s4", 0 0, L_000000000111e8c0;  1 drivers
v00000000010aff70_0 .net *"_s6", 0 0, L_000000000111ec40;  1 drivers
v00000000010addb0_0 .net *"_s8", 0 0, L_000000000111d9e0;  1 drivers
v00000000010af070_0 .net "a0", 0 0, L_00000000011110c0;  1 drivers
v00000000010af610_0 .net "a1", 0 0, L_0000000001111480;  1 drivers
v00000000010ae8f0_0 .net "b0", 0 0, L_0000000001110080;  1 drivers
v00000000010af7f0_0 .net "b1", 0 0, L_0000000001110da0;  1 drivers
v00000000010aed50_0 .net "c0", 0 0, L_000000000111f490;  1 drivers
v00000000010afb10_0 .net "c1", 0 0, L_000000000111e380;  1 drivers
S_00000000010b3380 .scope module, "B07_05" "star_operator" 4 25, 5 1 0, S_0000000000890400;
 .timescale 0 0;
    .port_info 0 /OUTPUT 1 "c1";
    .port_info 1 /OUTPUT 1 "c0";
    .port_info 2 /INPUT 1 "b1";
    .port_info 3 /INPUT 1 "b0";
    .port_info 4 /INPUT 1 "a1";
    .port_info 5 /INPUT 1 "a0";
L_000000000111e9a0 .functor AND 1, L_0000000001110760, L_0000000001110120, C4<1>, C4<1>;
L_000000000111e3f0 .functor AND 1, L_000000000111e9a0, L_00000000011106c0, C4<1>, C4<1>;
L_000000000111f180 .functor AND 1, L_0000000001110760, L_0000000001110120, C4<1>, C4<1>;
L_000000000111dcf0 .functor NOT 1, L_0000000001110300, C4<0>, C4<0>, C4<0>;
L_000000000111ee00 .functor AND 1, L_000000000111f180, L_000000000111dcf0, C4<1>, C4<1>;
L_000000000111ddd0 .functor OR 1, L_000000000111e3f0, L_000000000111ee00, C4<0>, C4<0>;
L_000000000111ee70 .functor NOT 1, L_0000000001110120, C4<0>, C4<0>, C4<0>;
L_000000000111ea10 .functor AND 1, L_0000000001110760, L_000000000111ee70, C4<1>, C4<1>;
L_000000000111deb0 .functor AND 1, L_000000000111ea10, L_00000000011106c0, C4<1>, C4<1>;
L_000000000111f1f0 .functor AND 1, L_000000000111deb0, L_0000000001110300, C4<1>, C4<1>;
L_000000000111df20 .functor OR 1, L_000000000111ddd0, L_000000000111f1f0, C4<0>, C4<0>;
L_000000000111df90 .functor AND 1, L_0000000001110760, L_0000000001110120, C4<1>, C4<1>;
L_000000000111e000 .functor NOT 1, L_0000000001110300, C4<0>, C4<0>, C4<0>;
L_000000000111eee0 .functor AND 1, L_000000000111df90, L_000000000111e000, C4<1>, C4<1>;
L_000000000111e070 .functor AND 1, L_0000000001110760, L_00000000011106c0, C4<1>, C4<1>;
L_000000000111ed20 .functor NOT 1, L_0000000001110300, C4<0>, C4<0>, C4<0>;
L_000000000111f2d0 .functor AND 1, L_000000000111e070, L_000000000111ed20, C4<1>, C4<1>;
L_000000000111e460 .functor OR 1, L_000000000111eee0, L_000000000111f2d0, C4<0>, C4<0>;
L_000000000111ef50 .functor AND 1, L_0000000001110760, L_00000000011106c0, C4<1>, C4<1>;
L_000000000111eb60 .functor AND 1, L_000000000111ef50, L_0000000001110300, C4<1>, C4<1>;
L_000000000111e690 .functor OR 1, L_000000000111e460, L_000000000111eb60, C4<0>, C4<0>;
v00000000010afcf0_0 .net *"_s0", 0 0, L_000000000111e9a0;  1 drivers
v00000000010af430_0 .net *"_s10", 0 0, L_000000000111ddd0;  1 drivers
v00000000010adef0_0 .net *"_s12", 0 0, L_000000000111ee70;  1 drivers
v00000000010aea30_0 .net *"_s14", 0 0, L_000000000111ea10;  1 drivers
v00000000010b0010_0 .net *"_s16", 0 0, L_000000000111deb0;  1 drivers
v00000000010ae530_0 .net *"_s18", 0 0, L_000000000111f1f0;  1 drivers
v00000000010af250_0 .net *"_s2", 0 0, L_000000000111e3f0;  1 drivers
v00000000010ae5d0_0 .net *"_s22", 0 0, L_000000000111df90;  1 drivers
v00000000010ae710_0 .net *"_s24", 0 0, L_000000000111e000;  1 drivers
v00000000010afd90_0 .net *"_s26", 0 0, L_000000000111eee0;  1 drivers
v00000000010af750_0 .net *"_s28", 0 0, L_000000000111e070;  1 drivers
v00000000010aedf0_0 .net *"_s30", 0 0, L_000000000111ed20;  1 drivers
v00000000010afe30_0 .net *"_s32", 0 0, L_000000000111f2d0;  1 drivers
v00000000010ad8b0_0 .net *"_s34", 0 0, L_000000000111e460;  1 drivers
v00000000010adf90_0 .net *"_s36", 0 0, L_000000000111ef50;  1 drivers
v00000000010ae030_0 .net *"_s38", 0 0, L_000000000111eb60;  1 drivers
v00000000010ae0d0_0 .net *"_s4", 0 0, L_000000000111f180;  1 drivers
v00000000010ae210_0 .net *"_s6", 0 0, L_000000000111dcf0;  1 drivers
v00000000010aefd0_0 .net *"_s8", 0 0, L_000000000111ee00;  1 drivers
v00000000010aead0_0 .net "a0", 0 0, L_0000000001110760;  1 drivers
v00000000010b0290_0 .net "a1", 0 0, L_0000000001110120;  1 drivers
v00000000010b1d70_0 .net "b0", 0 0, L_00000000011106c0;  1 drivers
v00000000010b0c90_0 .net "b1", 0 0, L_0000000001110300;  1 drivers
v00000000010b0650_0 .net "c0", 0 0, L_000000000111e690;  1 drivers
v00000000010b2090_0 .net "c1", 0 0, L_000000000111df20;  1 drivers
S_00000000010b3d30 .scope module, "B08_06" "star_operator" 4 26, 5 1 0, S_0000000000890400;
 .timescale 0 0;
    .port_info 0 /OUTPUT 1 "c1";
    .port_info 1 /OUTPUT 1 "c0";
    .port_info 2 /INPUT 1 "b1";
    .port_info 3 /INPUT 1 "b0";
    .port_info 4 /INPUT 1 "a1";
    .port_info 5 /INPUT 1 "a0";
L_000000000111ea80 .functor AND 1, L_00000000011118e0, L_0000000001111160, C4<1>, C4<1>;
L_000000000111e150 .functor AND 1, L_000000000111ea80, L_0000000001111ca0, C4<1>, C4<1>;
L_000000000111e5b0 .functor AND 1, L_00000000011118e0, L_0000000001111160, C4<1>, C4<1>;
L_000000000111eaf0 .functor NOT 1, L_0000000001111fc0, C4<0>, C4<0>, C4<0>;
L_000000000111efc0 .functor AND 1, L_000000000111e5b0, L_000000000111eaf0, C4<1>, C4<1>;
L_000000000111f110 .functor OR 1, L_000000000111e150, L_000000000111efc0, C4<0>, C4<0>;
L_000000000111e4d0 .functor NOT 1, L_0000000001111160, C4<0>, C4<0>, C4<0>;
L_000000000111f030 .functor AND 1, L_00000000011118e0, L_000000000111e4d0, C4<1>, C4<1>;
L_000000000111f0a0 .functor AND 1, L_000000000111f030, L_0000000001111ca0, C4<1>, C4<1>;
L_000000000111f260 .functor AND 1, L_000000000111f0a0, L_0000000001111fc0, C4<1>, C4<1>;
L_000000000111e1c0 .functor OR 1, L_000000000111f110, L_000000000111f260, C4<0>, C4<0>;
L_000000000111e230 .functor AND 1, L_00000000011118e0, L_0000000001111160, C4<1>, C4<1>;
L_000000000111f5e0 .functor NOT 1, L_0000000001111fc0, C4<0>, C4<0>, C4<0>;
L_000000000111fa40 .functor AND 1, L_000000000111e230, L_000000000111f5e0, C4<1>, C4<1>;
L_000000000111fab0 .functor AND 1, L_00000000011118e0, L_0000000001111ca0, C4<1>, C4<1>;
L_000000000111fb20 .functor NOT 1, L_0000000001111fc0, C4<0>, C4<0>, C4<0>;
L_000000000111fb90 .functor AND 1, L_000000000111fab0, L_000000000111fb20, C4<1>, C4<1>;
L_000000000111f960 .functor OR 1, L_000000000111fa40, L_000000000111fb90, C4<0>, C4<0>;
L_000000000111f9d0 .functor AND 1, L_00000000011118e0, L_0000000001111ca0, C4<1>, C4<1>;
L_000000000111f650 .functor AND 1, L_000000000111f9d0, L_0000000001111fc0, C4<1>, C4<1>;
L_000000000111fc00 .functor OR 1, L_000000000111f960, L_000000000111f650, C4<0>, C4<0>;
v00000000010b1ff0_0 .net *"_s0", 0 0, L_000000000111ea80;  1 drivers
v00000000010b2130_0 .net *"_s10", 0 0, L_000000000111f110;  1 drivers
v00000000010b1910_0 .net *"_s12", 0 0, L_000000000111e4d0;  1 drivers
v00000000010b1690_0 .net *"_s14", 0 0, L_000000000111f030;  1 drivers
v00000000010b0a10_0 .net *"_s16", 0 0, L_000000000111f0a0;  1 drivers
v00000000010b21d0_0 .net *"_s18", 0 0, L_000000000111f260;  1 drivers
v00000000010b2310_0 .net *"_s2", 0 0, L_000000000111e150;  1 drivers
v00000000010b1c30_0 .net *"_s22", 0 0, L_000000000111e230;  1 drivers
v00000000010b14b0_0 .net *"_s24", 0 0, L_000000000111f5e0;  1 drivers
v00000000010b0f10_0 .net *"_s26", 0 0, L_000000000111fa40;  1 drivers
v00000000010b0830_0 .net *"_s28", 0 0, L_000000000111fab0;  1 drivers
v00000000010b1050_0 .net *"_s30", 0 0, L_000000000111fb20;  1 drivers
v00000000010b1cd0_0 .net *"_s32", 0 0, L_000000000111fb90;  1 drivers
v00000000010b24f0_0 .net *"_s34", 0 0, L_000000000111f960;  1 drivers
v00000000010b23b0_0 .net *"_s36", 0 0, L_000000000111f9d0;  1 drivers
v00000000010b1eb0_0 .net *"_s38", 0 0, L_000000000111f650;  1 drivers
v00000000010b1370_0 .net *"_s4", 0 0, L_000000000111e5b0;  1 drivers
v00000000010b2590_0 .net *"_s6", 0 0, L_000000000111eaf0;  1 drivers
v00000000010b1230_0 .net *"_s8", 0 0, L_000000000111efc0;  1 drivers
v00000000010b10f0_0 .net "a0", 0 0, L_00000000011118e0;  1 drivers
v00000000010b2770_0 .net "a1", 0 0, L_0000000001111160;  1 drivers
v00000000010b0fb0_0 .net "b0", 0 0, L_0000000001111ca0;  1 drivers
v00000000010b1730_0 .net "b1", 0 0, L_0000000001111fc0;  1 drivers
v00000000010b15f0_0 .net "c0", 0 0, L_000000000111fc00;  1 drivers
v00000000010b19b0_0 .net "c1", 0 0, L_000000000111e1c0;  1 drivers
S_00000000010b3ec0 .scope module, "Y04_00" "star_operator" 4 33, 5 1 0, S_0000000000890400;
 .timescale 0 0;
    .port_info 0 /OUTPUT 1 "c1";
    .port_info 1 /OUTPUT 1 "c0";
    .port_info 2 /INPUT 1 "b1";
    .port_info 3 /INPUT 1 "b0";
    .port_info 4 /INPUT 1 "a1";
    .port_info 5 /INPUT 1 "a0";
L_000000000111fc70 .functor AND 1, L_0000000001111700, L_0000000001110940, C4<1>, C4<1>;
L_000000000111f6c0 .functor AND 1, L_000000000111fc70, L_0000000001111980, C4<1>, C4<1>;
L_000000000111f570 .functor AND 1, L_0000000001111700, L_0000000001110940, C4<1>, C4<1>;
L_000000000111f730 .functor NOT 1, L_0000000001110440, C4<0>, C4<0>, C4<0>;
L_000000000111f7a0 .functor AND 1, L_000000000111f570, L_000000000111f730, C4<1>, C4<1>;
L_000000000111f810 .functor OR 1, L_000000000111f6c0, L_000000000111f7a0, C4<0>, C4<0>;
L_000000000111f880 .functor NOT 1, L_0000000001110940, C4<0>, C4<0>, C4<0>;
L_000000000111f8f0 .functor AND 1, L_0000000001111700, L_000000000111f880, C4<1>, C4<1>;
L_0000000001125e30 .functor AND 1, L_000000000111f8f0, L_0000000001111980, C4<1>, C4<1>;
L_0000000001125f10 .functor AND 1, L_0000000001125e30, L_0000000001110440, C4<1>, C4<1>;
L_00000000011248c0 .functor OR 1, L_000000000111f810, L_0000000001125f10, C4<0>, C4<0>;
L_0000000001125880 .functor AND 1, L_0000000001111700, L_0000000001110940, C4<1>, C4<1>;
L_00000000011253b0 .functor NOT 1, L_0000000001110440, C4<0>, C4<0>, C4<0>;
L_0000000001124930 .functor AND 1, L_0000000001125880, L_00000000011253b0, C4<1>, C4<1>;
L_0000000001124d90 .functor AND 1, L_0000000001111700, L_0000000001111980, C4<1>, C4<1>;
L_0000000001125650 .functor NOT 1, L_0000000001110440, C4<0>, C4<0>, C4<0>;
L_0000000001125f80 .functor AND 1, L_0000000001124d90, L_0000000001125650, C4<1>, C4<1>;
L_0000000001126220 .functor OR 1, L_0000000001124930, L_0000000001125f80, C4<0>, C4<0>;
L_0000000001124e00 .functor AND 1, L_0000000001111700, L_0000000001111980, C4<1>, C4<1>;
L_00000000011249a0 .functor AND 1, L_0000000001124e00, L_0000000001110440, C4<1>, C4<1>;
L_0000000001126370 .functor OR 1, L_0000000001126220, L_00000000011249a0, C4<0>, C4<0>;
v00000000010b1e10_0 .net *"_s0", 0 0, L_000000000111fc70;  1 drivers
v00000000010b03d0_0 .net *"_s10", 0 0, L_000000000111f810;  1 drivers
v00000000010b17d0_0 .net *"_s12", 0 0, L_000000000111f880;  1 drivers
v00000000010b1190_0 .net *"_s14", 0 0, L_000000000111f8f0;  1 drivers
v00000000010b0470_0 .net *"_s16", 0 0, L_0000000001125e30;  1 drivers
v00000000010b01f0_0 .net *"_s18", 0 0, L_0000000001125f10;  1 drivers
v00000000010b1870_0 .net *"_s2", 0 0, L_000000000111f6c0;  1 drivers
v00000000010b1af0_0 .net *"_s22", 0 0, L_0000000001125880;  1 drivers
v00000000010b2810_0 .net *"_s24", 0 0, L_00000000011253b0;  1 drivers
v00000000010b2270_0 .net *"_s26", 0 0, L_0000000001124930;  1 drivers
v00000000010b2450_0 .net *"_s28", 0 0, L_0000000001124d90;  1 drivers
v00000000010b2630_0 .net *"_s30", 0 0, L_0000000001125650;  1 drivers
v00000000010b1a50_0 .net *"_s32", 0 0, L_0000000001125f80;  1 drivers
v00000000010b26d0_0 .net *"_s34", 0 0, L_0000000001126220;  1 drivers
v00000000010b1b90_0 .net *"_s36", 0 0, L_0000000001124e00;  1 drivers
v00000000010b05b0_0 .net *"_s38", 0 0, L_00000000011249a0;  1 drivers
v00000000010b0970_0 .net *"_s4", 0 0, L_000000000111f570;  1 drivers
v00000000010b00b0_0 .net *"_s6", 0 0, L_000000000111f730;  1 drivers
v00000000010b0330_0 .net *"_s8", 0 0, L_000000000111f7a0;  1 drivers
v00000000010b0510_0 .net "a0", 0 0, L_0000000001111700;  1 drivers
v00000000010b1f50_0 .net "a1", 0 0, L_0000000001110940;  1 drivers
v00000000010b06f0_0 .net "b0", 0 0, L_0000000001111980;  1 drivers
v00000000010b12d0_0 .net "b1", 0 0, L_0000000001110440;  1 drivers
v00000000010b1410_0 .net "c0", 0 0, L_0000000001126370;  1 drivers
v00000000010b0150_0 .net "c1", 0 0, L_00000000011248c0;  1 drivers
S_00000000010b41e0 .scope module, "Y05_01" "star_operator" 4 34, 5 1 0, S_0000000000890400;
 .timescale 0 0;
    .port_info 0 /OUTPUT 1 "c1";
    .port_info 1 /OUTPUT 1 "c0";
    .port_info 2 /INPUT 1 "b1";
    .port_info 3 /INPUT 1 "b0";
    .port_info 4 /INPUT 1 "a1";
    .port_info 5 /INPUT 1 "a0";
L_0000000001125570 .functor AND 1, L_0000000001112420, L_00000000011104e0, C4<1>, C4<1>;
L_0000000001125ff0 .functor AND 1, L_0000000001125570, L_0000000001111840, C4<1>, C4<1>;
L_0000000001125420 .functor AND 1, L_0000000001112420, L_00000000011104e0, C4<1>, C4<1>;
L_0000000001125c00 .functor NOT 1, L_00000000011117a0, C4<0>, C4<0>, C4<0>;
L_0000000001125490 .functor AND 1, L_0000000001125420, L_0000000001125c00, C4<1>, C4<1>;
L_0000000001124a10 .functor OR 1, L_0000000001125ff0, L_0000000001125490, C4<0>, C4<0>;
L_0000000001124bd0 .functor NOT 1, L_00000000011104e0, C4<0>, C4<0>, C4<0>;
L_0000000001125ce0 .functor AND 1, L_0000000001112420, L_0000000001124bd0, C4<1>, C4<1>;
L_0000000001125810 .functor AND 1, L_0000000001125ce0, L_0000000001111840, C4<1>, C4<1>;
L_0000000001124e70 .functor AND 1, L_0000000001125810, L_00000000011117a0, C4<1>, C4<1>;
L_0000000001125340 .functor OR 1, L_0000000001124a10, L_0000000001124e70, C4<0>, C4<0>;
L_00000000011255e0 .functor AND 1, L_0000000001112420, L_00000000011104e0, C4<1>, C4<1>;
L_0000000001126140 .functor NOT 1, L_00000000011117a0, C4<0>, C4<0>, C4<0>;
L_0000000001125730 .functor AND 1, L_00000000011255e0, L_0000000001126140, C4<1>, C4<1>;
L_00000000011261b0 .functor AND 1, L_0000000001112420, L_0000000001111840, C4<1>, C4<1>;
L_00000000011259d0 .functor NOT 1, L_00000000011117a0, C4<0>, C4<0>, C4<0>;
L_0000000001125500 .functor AND 1, L_00000000011261b0, L_00000000011259d0, C4<1>, C4<1>;
L_0000000001125ea0 .functor OR 1, L_0000000001125730, L_0000000001125500, C4<0>, C4<0>;
L_0000000001124af0 .functor AND 1, L_0000000001112420, L_0000000001111840, C4<1>, C4<1>;
L_0000000001124a80 .functor AND 1, L_0000000001124af0, L_00000000011117a0, C4<1>, C4<1>;
L_0000000001125c70 .functor OR 1, L_0000000001125ea0, L_0000000001124a80, C4<0>, C4<0>;
v00000000010b0790_0 .net *"_s0", 0 0, L_0000000001125570;  1 drivers
v00000000010b08d0_0 .net *"_s10", 0 0, L_0000000001124a10;  1 drivers
v00000000010b1550_0 .net *"_s12", 0 0, L_0000000001124bd0;  1 drivers
v00000000010b0bf0_0 .net *"_s14", 0 0, L_0000000001125ce0;  1 drivers
v00000000010b0ab0_0 .net *"_s16", 0 0, L_0000000001125810;  1 drivers
v00000000010b0b50_0 .net *"_s18", 0 0, L_0000000001124e70;  1 drivers
v00000000010b0d30_0 .net *"_s2", 0 0, L_0000000001125ff0;  1 drivers
v00000000010b0dd0_0 .net *"_s22", 0 0, L_00000000011255e0;  1 drivers
v00000000010b0e70_0 .net *"_s24", 0 0, L_0000000001126140;  1 drivers
v00000000010b2c70_0 .net *"_s26", 0 0, L_0000000001125730;  1 drivers
v00000000010b28b0_0 .net *"_s28", 0 0, L_00000000011261b0;  1 drivers
v00000000010b2d10_0 .net *"_s30", 0 0, L_00000000011259d0;  1 drivers
v00000000010b2a90_0 .net *"_s32", 0 0, L_0000000001125500;  1 drivers
v00000000010b2db0_0 .net *"_s34", 0 0, L_0000000001125ea0;  1 drivers
v00000000010b2950_0 .net *"_s36", 0 0, L_0000000001124af0;  1 drivers
v00000000010b2e50_0 .net *"_s38", 0 0, L_0000000001124a80;  1 drivers
v00000000010b29f0_0 .net *"_s4", 0 0, L_0000000001125420;  1 drivers
v00000000010b2b30_0 .net *"_s6", 0 0, L_0000000001125c00;  1 drivers
v00000000010b2bd0_0 .net *"_s8", 0 0, L_0000000001125490;  1 drivers
v00000000010b2ef0_0 .net "a0", 0 0, L_0000000001112420;  1 drivers
v00000000010b2f90_0 .net "a1", 0 0, L_00000000011104e0;  1 drivers
v00000000010bd4f0_0 .net "b0", 0 0, L_0000000001111840;  1 drivers
v00000000010bcf50_0 .net "b1", 0 0, L_00000000011117a0;  1 drivers
v00000000010bd130_0 .net "c0", 0 0, L_0000000001125c70;  1 drivers
v00000000010bc5f0_0 .net "c1", 0 0, L_0000000001125340;  1 drivers
S_00000000010b4370 .scope module, "Y06_02" "star_operator" 4 35, 5 1 0, S_0000000000890400;
 .timescale 0 0;
    .port_info 0 /OUTPUT 1 "c1";
    .port_info 1 /OUTPUT 1 "c0";
    .port_info 2 /INPUT 1 "b1";
    .port_info 3 /INPUT 1 "b0";
    .port_info 4 /INPUT 1 "a1";
    .port_info 5 /INPUT 1 "a0";
L_00000000011256c0 .functor AND 1, L_0000000001112100, L_0000000001110580, C4<1>, C4<1>;
L_0000000001124b60 .functor AND 1, L_00000000011256c0, L_0000000001111a20, C4<1>, C4<1>;
L_00000000011257a0 .functor AND 1, L_0000000001112100, L_0000000001110580, C4<1>, C4<1>;
L_0000000001124cb0 .functor NOT 1, L_00000000011109e0, C4<0>, C4<0>, C4<0>;
L_0000000001125180 .functor AND 1, L_00000000011257a0, L_0000000001124cb0, C4<1>, C4<1>;
L_0000000001125260 .functor OR 1, L_0000000001124b60, L_0000000001125180, C4<0>, C4<0>;
L_00000000011252d0 .functor NOT 1, L_0000000001110580, C4<0>, C4<0>, C4<0>;
L_0000000001126060 .functor AND 1, L_0000000001112100, L_00000000011252d0, C4<1>, C4<1>;
L_0000000001124850 .functor AND 1, L_0000000001126060, L_0000000001111a20, C4<1>, C4<1>;
L_00000000011251f0 .functor AND 1, L_0000000001124850, L_00000000011109e0, C4<1>, C4<1>;
L_0000000001124c40 .functor OR 1, L_0000000001125260, L_00000000011251f0, C4<0>, C4<0>;
L_0000000001124d20 .functor AND 1, L_0000000001112100, L_0000000001110580, C4<1>, C4<1>;
L_0000000001125960 .functor NOT 1, L_00000000011109e0, C4<0>, C4<0>, C4<0>;
L_00000000011258f0 .functor AND 1, L_0000000001124d20, L_0000000001125960, C4<1>, C4<1>;
L_0000000001124ee0 .functor AND 1, L_0000000001112100, L_0000000001111a20, C4<1>, C4<1>;
L_0000000001125a40 .functor NOT 1, L_00000000011109e0, C4<0>, C4<0>, C4<0>;
L_0000000001125ab0 .functor AND 1, L_0000000001124ee0, L_0000000001125a40, C4<1>, C4<1>;
L_0000000001125b20 .functor OR 1, L_00000000011258f0, L_0000000001125ab0, C4<0>, C4<0>;
L_0000000001125110 .functor AND 1, L_0000000001112100, L_0000000001111a20, C4<1>, C4<1>;
L_0000000001126290 .functor AND 1, L_0000000001125110, L_00000000011109e0, C4<1>, C4<1>;
L_0000000001124f50 .functor OR 1, L_0000000001125b20, L_0000000001126290, C4<0>, C4<0>;
v00000000010bc870_0 .net *"_s0", 0 0, L_00000000011256c0;  1 drivers
v00000000010bb650_0 .net *"_s10", 0 0, L_0000000001125260;  1 drivers
v00000000010bad90_0 .net *"_s12", 0 0, L_00000000011252d0;  1 drivers
v00000000010bceb0_0 .net *"_s14", 0 0, L_0000000001126060;  1 drivers
v00000000010bbd30_0 .net *"_s16", 0 0, L_0000000001124850;  1 drivers
v00000000010bd310_0 .net *"_s18", 0 0, L_00000000011251f0;  1 drivers
v00000000010bbc90_0 .net *"_s2", 0 0, L_0000000001124b60;  1 drivers
v00000000010bcb90_0 .net *"_s22", 0 0, L_0000000001124d20;  1 drivers
v00000000010bc9b0_0 .net *"_s24", 0 0, L_0000000001125960;  1 drivers
v00000000010bb790_0 .net *"_s26", 0 0, L_00000000011258f0;  1 drivers
v00000000010bbbf0_0 .net *"_s28", 0 0, L_0000000001124ee0;  1 drivers
v00000000010bce10_0 .net *"_s30", 0 0, L_0000000001125a40;  1 drivers
v00000000010bc410_0 .net *"_s32", 0 0, L_0000000001125ab0;  1 drivers
v00000000010bb0b0_0 .net *"_s34", 0 0, L_0000000001125b20;  1 drivers
v00000000010bc2d0_0 .net *"_s36", 0 0, L_0000000001125110;  1 drivers
v00000000010bb8d0_0 .net *"_s38", 0 0, L_0000000001126290;  1 drivers
v00000000010bd270_0 .net *"_s4", 0 0, L_00000000011257a0;  1 drivers
v00000000010bc910_0 .net *"_s6", 0 0, L_0000000001124cb0;  1 drivers
v00000000010bbe70_0 .net *"_s8", 0 0, L_0000000001125180;  1 drivers
v00000000010bca50_0 .net "a0", 0 0, L_0000000001112100;  1 drivers
v00000000010bc370_0 .net "a1", 0 0, L_0000000001110580;  1 drivers
v00000000010bcff0_0 .net "b0", 0 0, L_0000000001111a20;  1 drivers
v00000000010bc050_0 .net "b1", 0 0, L_00000000011109e0;  1 drivers
v00000000010bae30_0 .net "c0", 0 0, L_0000000001124f50;  1 drivers
v00000000010baed0_0 .net "c1", 0 0, L_0000000001124c40;  1 drivers
S_00000000010b3ba0 .scope module, "Y07_03" "star_operator" 4 36, 5 1 0, S_0000000000890400;
 .timescale 0 0;
    .port_info 0 /OUTPUT 1 "c1";
    .port_info 1 /OUTPUT 1 "c0";
    .port_info 2 /INPUT 1 "b1";
    .port_info 3 /INPUT 1 "b0";
    .port_info 4 /INPUT 1 "a1";
    .port_info 5 /INPUT 1 "a0";
L_00000000011247e0 .functor AND 1, L_0000000001111b60, L_0000000001111ac0, C4<1>, C4<1>;
L_0000000001125b90 .functor AND 1, L_00000000011247e0, L_0000000001110f80, C4<1>, C4<1>;
L_0000000001125d50 .functor AND 1, L_0000000001111b60, L_0000000001111ac0, C4<1>, C4<1>;
L_0000000001125dc0 .functor NOT 1, L_0000000001111d40, C4<0>, C4<0>, C4<0>;
L_0000000001124fc0 .functor AND 1, L_0000000001125d50, L_0000000001125dc0, C4<1>, C4<1>;
L_0000000001125030 .functor OR 1, L_0000000001125b90, L_0000000001124fc0, C4<0>, C4<0>;
L_00000000011250a0 .functor NOT 1, L_0000000001111ac0, C4<0>, C4<0>, C4<0>;
L_0000000001126300 .functor AND 1, L_0000000001111b60, L_00000000011250a0, C4<1>, C4<1>;
L_00000000011260d0 .functor AND 1, L_0000000001126300, L_0000000001110f80, C4<1>, C4<1>;
L_0000000001127170 .functor AND 1, L_00000000011260d0, L_0000000001111d40, C4<1>, C4<1>;
L_00000000011266f0 .functor OR 1, L_0000000001125030, L_0000000001127170, C4<0>, C4<0>;
L_00000000011275d0 .functor AND 1, L_0000000001111b60, L_0000000001111ac0, C4<1>, C4<1>;
L_0000000001127800 .functor NOT 1, L_0000000001111d40, C4<0>, C4<0>, C4<0>;
L_00000000011267d0 .functor AND 1, L_00000000011275d0, L_0000000001127800, C4<1>, C4<1>;
L_0000000001126760 .functor AND 1, L_0000000001111b60, L_0000000001110f80, C4<1>, C4<1>;
L_0000000001126b50 .functor NOT 1, L_0000000001111d40, C4<0>, C4<0>, C4<0>;
L_00000000011271e0 .functor AND 1, L_0000000001126760, L_0000000001126b50, C4<1>, C4<1>;
L_0000000001126840 .functor OR 1, L_00000000011267d0, L_00000000011271e0, C4<0>, C4<0>;
L_0000000001127640 .functor AND 1, L_0000000001111b60, L_0000000001110f80, C4<1>, C4<1>;
L_00000000011278e0 .functor AND 1, L_0000000001127640, L_0000000001111d40, C4<1>, C4<1>;
L_00000000011268b0 .functor OR 1, L_0000000001126840, L_00000000011278e0, C4<0>, C4<0>;
v00000000010bcaf0_0 .net *"_s0", 0 0, L_00000000011247e0;  1 drivers
v00000000010bbb50_0 .net *"_s10", 0 0, L_0000000001125030;  1 drivers
v00000000010bc190_0 .net *"_s12", 0 0, L_00000000011250a0;  1 drivers
v00000000010bcc30_0 .net *"_s14", 0 0, L_0000000001126300;  1 drivers
v00000000010bb970_0 .net *"_s16", 0 0, L_00000000011260d0;  1 drivers
v00000000010bcd70_0 .net *"_s18", 0 0, L_0000000001127170;  1 drivers
v00000000010bccd0_0 .net *"_s2", 0 0, L_0000000001125b90;  1 drivers
v00000000010bd090_0 .net *"_s22", 0 0, L_00000000011275d0;  1 drivers
v00000000010bc4b0_0 .net *"_s24", 0 0, L_0000000001127800;  1 drivers
v00000000010bc0f0_0 .net *"_s26", 0 0, L_00000000011267d0;  1 drivers
v00000000010bc230_0 .net *"_s28", 0 0, L_0000000001126760;  1 drivers
v00000000010baf70_0 .net *"_s30", 0 0, L_0000000001126b50;  1 drivers
v00000000010bc690_0 .net *"_s32", 0 0, L_00000000011271e0;  1 drivers
v00000000010bd1d0_0 .net *"_s34", 0 0, L_0000000001126840;  1 drivers
v00000000010bd3b0_0 .net *"_s36", 0 0, L_0000000001127640;  1 drivers
v00000000010bc7d0_0 .net *"_s38", 0 0, L_00000000011278e0;  1 drivers
v00000000010bd450_0 .net *"_s4", 0 0, L_0000000001125d50;  1 drivers
v00000000010bb1f0_0 .net *"_s6", 0 0, L_0000000001125dc0;  1 drivers
v00000000010bb010_0 .net *"_s8", 0 0, L_0000000001124fc0;  1 drivers
v00000000010bc550_0 .net "a0", 0 0, L_0000000001111b60;  1 drivers
v00000000010bc730_0 .net "a1", 0 0, L_0000000001111ac0;  1 drivers
v00000000010bb290_0 .net "b0", 0 0, L_0000000001110f80;  1 drivers
v00000000010bb510_0 .net "b1", 0 0, L_0000000001111d40;  1 drivers
v00000000010bb150_0 .net "c0", 0 0, L_00000000011268b0;  1 drivers
v00000000010bb330_0 .net "c1", 0 0, L_00000000011266f0;  1 drivers
S_00000000010b4050 .scope module, "Y08_04" "star_operator" 4 37, 5 1 0, S_0000000000890400;
 .timescale 0 0;
    .port_info 0 /OUTPUT 1 "c1";
    .port_info 1 /OUTPUT 1 "c0";
    .port_info 2 /INPUT 1 "b1";
    .port_info 3 /INPUT 1 "b0";
    .port_info 4 /INPUT 1 "a1";
    .port_info 5 /INPUT 1 "a0";
L_0000000001127e90 .functor AND 1, L_00000000011121a0, L_0000000001110a80, C4<1>, C4<1>;
L_0000000001126920 .functor AND 1, L_0000000001127e90, L_0000000001110e40, C4<1>, C4<1>;
L_0000000001126610 .functor AND 1, L_00000000011121a0, L_0000000001110a80, C4<1>, C4<1>;
L_00000000011276b0 .functor NOT 1, L_0000000001111200, C4<0>, C4<0>, C4<0>;
L_0000000001127100 .functor AND 1, L_0000000001126610, L_00000000011276b0, C4<1>, C4<1>;
L_0000000001127aa0 .functor OR 1, L_0000000001126920, L_0000000001127100, C4<0>, C4<0>;
L_0000000001126990 .functor NOT 1, L_0000000001110a80, C4<0>, C4<0>, C4<0>;
L_00000000011272c0 .functor AND 1, L_00000000011121a0, L_0000000001126990, C4<1>, C4<1>;
L_0000000001127a30 .functor AND 1, L_00000000011272c0, L_0000000001110e40, C4<1>, C4<1>;
L_0000000001127720 .functor AND 1, L_0000000001127a30, L_0000000001111200, C4<1>, C4<1>;
L_00000000011279c0 .functor OR 1, L_0000000001127aa0, L_0000000001127720, C4<0>, C4<0>;
L_0000000001126a00 .functor AND 1, L_00000000011121a0, L_0000000001110a80, C4<1>, C4<1>;
L_00000000011264c0 .functor NOT 1, L_0000000001111200, C4<0>, C4<0>, C4<0>;
L_0000000001126680 .functor AND 1, L_0000000001126a00, L_00000000011264c0, C4<1>, C4<1>;
L_0000000001126d80 .functor AND 1, L_00000000011121a0, L_0000000001110e40, C4<1>, C4<1>;
L_00000000011263e0 .functor NOT 1, L_0000000001111200, C4<0>, C4<0>, C4<0>;
L_0000000001127f70 .functor AND 1, L_0000000001126d80, L_00000000011263e0, C4<1>, C4<1>;
L_0000000001127950 .functor OR 1, L_0000000001126680, L_0000000001127f70, C4<0>, C4<0>;
L_0000000001126450 .functor AND 1, L_00000000011121a0, L_0000000001110e40, C4<1>, C4<1>;
L_0000000001127330 .functor AND 1, L_0000000001126450, L_0000000001111200, C4<1>, C4<1>;
L_0000000001126a70 .functor OR 1, L_0000000001127950, L_0000000001127330, C4<0>, C4<0>;
v00000000010bb5b0_0 .net *"_s0", 0 0, L_0000000001127e90;  1 drivers
v00000000010bb3d0_0 .net *"_s10", 0 0, L_0000000001127aa0;  1 drivers
v00000000010bbf10_0 .net *"_s12", 0 0, L_0000000001126990;  1 drivers
v00000000010bb470_0 .net *"_s14", 0 0, L_00000000011272c0;  1 drivers
v00000000010bbdd0_0 .net *"_s16", 0 0, L_0000000001127a30;  1 drivers
v00000000010bb6f0_0 .net *"_s18", 0 0, L_0000000001127720;  1 drivers
v00000000010bb830_0 .net *"_s2", 0 0, L_0000000001126920;  1 drivers
v00000000010bba10_0 .net *"_s22", 0 0, L_0000000001126a00;  1 drivers
v00000000010bbab0_0 .net *"_s24", 0 0, L_00000000011264c0;  1 drivers
v00000000010bbfb0_0 .net *"_s26", 0 0, L_0000000001126680;  1 drivers
v00000000010bfb10_0 .net *"_s28", 0 0, L_0000000001126d80;  1 drivers
v00000000010bd8b0_0 .net *"_s30", 0 0, L_00000000011263e0;  1 drivers
v00000000010bdc70_0 .net *"_s32", 0 0, L_0000000001127f70;  1 drivers
v00000000010bead0_0 .net *"_s34", 0 0, L_0000000001127950;  1 drivers
v00000000010bf7f0_0 .net *"_s36", 0 0, L_0000000001126450;  1 drivers
v00000000010be350_0 .net *"_s38", 0 0, L_0000000001127330;  1 drivers
v00000000010be670_0 .net *"_s4", 0 0, L_0000000001126610;  1 drivers
v00000000010bd770_0 .net *"_s6", 0 0, L_00000000011276b0;  1 drivers
v00000000010be3f0_0 .net *"_s8", 0 0, L_0000000001127100;  1 drivers
v00000000010bdb30_0 .net "a0", 0 0, L_00000000011121a0;  1 drivers
v00000000010bf570_0 .net "a1", 0 0, L_0000000001110a80;  1 drivers
v00000000010bfbb0_0 .net "b0", 0 0, L_0000000001110e40;  1 drivers
v00000000010bda90_0 .net "b1", 0 0, L_0000000001111200;  1 drivers
v00000000010bf110_0 .net "c0", 0 0, L_0000000001126a70;  1 drivers
v00000000010be030_0 .net "c1", 0 0, L_00000000011279c0;  1 drivers
    .scope S_000000000092dea0;
T_0 ;
    %pushi/vec4 85, 0, 9;
    %store/vec4 v00000000010ba7f0_0, 0, 9;
    %pushi/vec4 51, 0, 9;
    %store/vec4 v00000000010b89f0_0, 0, 9;
    %end;
    .thread T_0;
    .scope S_000000000092dea0;
T_1 ;
    %vpi_call 2 11 "$monitor", "A = %b; B = %b; Sum = %b", v00000000010ba7f0_0, v00000000010b89f0_0, v00000000010b8770_0 {0 0 0};
    %end;
    .thread T_1;
# The file index is used to find the file name in the following table.
:file_names 6;
    "N/A";
    "<interactive>";
    "Fast_Adder_tb.v";
    "./Fast_Adder.v";
    "./Parallel_Prefix_Circuit.v";
    "./star_operator.v";
