#! /usr/local/iverilog/bin/vvp
:ivl_version "11.0 (devel)" "(s20150603-642-g3bdb50da)";
:ivl_delay_selection "TYPICAL";
:vpi_time_precision + 0;
:vpi_module "system";
:vpi_module "vhdl_sys";
:vpi_module "vhdl_textio";
:vpi_module "v2005_math";
:vpi_module "va_math";
S_00000000008ac2e0 .scope module, "recoding_tb" "recoding_tb" 2 2;
 .timescale 0 0;
v00000000008f56c0_0 .var "a", 0 0;
v00000000008f5760_0 .var "b", 0 0;
v00000000008f4860_0 .var "c", 0 0;
v00000000008f4900_0 .net "radix", 2 0, v00000000008f5620_0;  1 drivers
S_00000000008f53f0 .scope module, "I0" "recoding" 2 6, 3 1 0, S_00000000008ac2e0;
 .timescale 0 0;
    .port_info 0 /OUTPUT 3 "radix";
    .port_info 1 /INPUT 1 "a";
    .port_info 2 /INPUT 1 "b";
    .port_info 3 /INPUT 1 "c";
v00000000008ac470_0 .net "a", 0 0, v00000000008f56c0_0;  1 drivers
v00000000008ac510_0 .net "b", 0 0, v00000000008f5760_0;  1 drivers
v00000000008f5580_0 .net "c", 0 0, v00000000008f4860_0;  1 drivers
v00000000008f5620_0 .var "radix", 2 0;
    .scope S_00000000008f53f0;
T_0 ;
    %load/vec4 v00000000008ac470_0;
    %load/vec4 v00000000008ac510_0;
    %and;
    %load/vec4 v00000000008f5580_0;
    %and;
    %load/vec4 v00000000008ac470_0;
    %inv;
    %load/vec4 v00000000008ac510_0;
    %inv;
    %and;
    %load/vec4 v00000000008f5580_0;
    %inv;
    %and;
    %or;
    %flag_set/vec4 8;
    %jmp/0xz  T_0.0, 8;
    %pushi/vec4 0, 0, 3;
    %store/vec4 v00000000008f5620_0, 0, 3;
    %jmp T_0.1;
T_0.0 ;
    %load/vec4 v00000000008ac470_0;
    %inv;
    %load/vec4 v00000000008ac510_0;
    %load/vec4 v00000000008f5580_0;
    %xor;
    %and;
    %flag_set/vec4 8;
    %jmp/0xz  T_0.2, 8;
    %pushi/vec4 1, 0, 3;
    %store/vec4 v00000000008f5620_0, 0, 3;
    %jmp T_0.3;
T_0.2 ;
    %load/vec4 v00000000008ac470_0;
    %load/vec4 v00000000008ac510_0;
    %load/vec4 v00000000008f5580_0;
    %xor;
    %and;
    %flag_set/vec4 8;
    %jmp/0xz  T_0.4, 8;
    %pushi/vec4 2, 0, 3;
    %cassign/vec4 v00000000008f5620_0;
    %jmp T_0.5;
T_0.4 ;
    %load/vec4 v00000000008ac470_0;
    %inv;
    %load/vec4 v00000000008ac510_0;
    %and;
    %load/vec4 v00000000008f5580_0;
    %and;
    %flag_set/vec4 8;
    %jmp/0xz  T_0.6, 8;
    %pushi/vec4 4, 0, 3;
    %cassign/vec4 v00000000008f5620_0;
    %jmp T_0.7;
T_0.6 ;
    %load/vec4 v00000000008ac470_0;
    %load/vec4 v00000000008ac510_0;
    %inv;
    %and;
    %load/vec4 v00000000008f5580_0;
    %nand;
    %flag_set/vec4 8;
    %jmp/0xz  T_0.8, 8;
    %pushi/vec4 5, 0, 3;
    %cassign/vec4 v00000000008f5620_0;
    %jmp T_0.9;
T_0.8 ;
    %pushi/vec4 6, 0, 3;
    %cassign/vec4 v00000000008f5620_0;
T_0.9 ;
T_0.7 ;
T_0.5 ;
T_0.3 ;
T_0.1 ;
    %end;
    .thread T_0;
    .scope S_00000000008ac2e0;
T_1 ;
    %pushi/vec4 1, 0, 1;
    %store/vec4 v00000000008f56c0_0, 0, 1;
    %pushi/vec4 1, 0, 1;
    %store/vec4 v00000000008f5760_0, 0, 1;
    %pushi/vec4 0, 0, 1;
    %store/vec4 v00000000008f4860_0, 0, 1;
    %delay 1, 0;
    %pushi/vec4 0, 0, 1;
    %store/vec4 v00000000008f56c0_0, 0, 1;
    %pushi/vec4 0, 0, 1;
    %store/vec4 v00000000008f5760_0, 0, 1;
    %pushi/vec4 0, 0, 1;
    %store/vec4 v00000000008f4860_0, 0, 1;
    %delay 1, 0;
    %pushi/vec4 0, 0, 1;
    %store/vec4 v00000000008f56c0_0, 0, 1;
    %pushi/vec4 0, 0, 1;
    %store/vec4 v00000000008f5760_0, 0, 1;
    %pushi/vec4 1, 0, 1;
    %store/vec4 v00000000008f4860_0, 0, 1;
    %delay 1, 0;
    %pushi/vec4 0, 0, 1;
    %store/vec4 v00000000008f56c0_0, 0, 1;
    %pushi/vec4 1, 0, 1;
    %store/vec4 v00000000008f5760_0, 0, 1;
    %pushi/vec4 0, 0, 1;
    %store/vec4 v00000000008f4860_0, 0, 1;
    %delay 1, 0;
    %pushi/vec4 0, 0, 1;
    %store/vec4 v00000000008f56c0_0, 0, 1;
    %pushi/vec4 1, 0, 1;
    %store/vec4 v00000000008f5760_0, 0, 1;
    %pushi/vec4 1, 0, 1;
    %store/vec4 v00000000008f4860_0, 0, 1;
    %delay 1, 0;
    %pushi/vec4 1, 0, 1;
    %store/vec4 v00000000008f56c0_0, 0, 1;
    %pushi/vec4 0, 0, 1;
    %store/vec4 v00000000008f5760_0, 0, 1;
    %pushi/vec4 0, 0, 1;
    %store/vec4 v00000000008f4860_0, 0, 1;
    %delay 1, 0;
    %pushi/vec4 1, 0, 1;
    %store/vec4 v00000000008f56c0_0, 0, 1;
    %pushi/vec4 0, 0, 1;
    %store/vec4 v00000000008f5760_0, 0, 1;
    %pushi/vec4 1, 0, 1;
    %store/vec4 v00000000008f4860_0, 0, 1;
    %delay 1, 0;
    %pushi/vec4 1, 0, 1;
    %store/vec4 v00000000008f56c0_0, 0, 1;
    %pushi/vec4 1, 0, 1;
    %store/vec4 v00000000008f5760_0, 0, 1;
    %pushi/vec4 1, 0, 1;
    %store/vec4 v00000000008f4860_0, 0, 1;
    %end;
    .thread T_1;
    .scope S_00000000008ac2e0;
T_2 ;
    %vpi_call 2 19 "$monitor", $time, "a = %b, b = %b, c = %b, radix = %b", v00000000008f56c0_0, v00000000008f5760_0, v00000000008f4860_0, v00000000008f4900_0 {0 0 0};
    %end;
    .thread T_2;
# The file index is used to find the file name in the following table.
:file_names 4;
    "N/A";
    "<interactive>";
    "recoding_tb.v";
    "./recoding.v";
