#! /usr/local/iverilog/bin/vvp
:ivl_version "11.0 (devel)" "(s20150603-642-g3bdb50da)";
:ivl_delay_selection "TYPICAL";
:vpi_time_precision + 0;
:vpi_module "system";
:vpi_module "vhdl_sys";
:vpi_module "vhdl_textio";
:vpi_module "v2005_math";
:vpi_module "va_math";
S_000000000109cdb0 .scope module, "Fast_Adder_tb" "Fast_Adder_tb" 2 2;
 .timescale 0 0;
v000000000110da20_0 .net "Sum", 8 0, L_000000000116e140;  1 drivers
v000000000110f820_0 .var "a", 8 0;
v000000000110ea60_0 .var "b", 8 0;
S_00000000001bb930 .scope module, "I1" "Fast_Adder" 2 5, 3 2 0, S_000000000109cdb0;
 .timescale 0 0;
    .port_info 0 /OUTPUT 9 "sum";
    .port_info 1 /INPUT 9 "A";
    .port_info 2 /INPUT 9 "B";
L_0000000001094850 .functor AND 1, L_000000000110dc00, L_000000000110d340, C4<1>, C4<1>;
L_0000000001093cf0 .functor OR 1, L_000000000110d3e0, L_000000000110d8e0, C4<0>, C4<0>;
L_0000000001094460 .functor AND 1, L_000000000110dac0, L_000000000110ed80, C4<1>, C4<1>;
L_0000000001093eb0 .functor OR 1, L_000000000110e4c0, L_000000000110df20, C4<0>, C4<0>;
L_0000000001093f90 .functor AND 1, L_000000000110ee20, L_000000000110db60, C4<1>, C4<1>;
L_00000000010944d0 .functor OR 1, L_000000000110f8c0, L_000000000110e9c0, C4<0>, C4<0>;
L_00000000010940e0 .functor AND 1, L_000000000110eb00, L_000000000110d980, C4<1>, C4<1>;
L_0000000001094150 .functor OR 1, L_000000000110f960, L_000000000110eec0, C4<0>, C4<0>;
L_00000000010941c0 .functor AND 1, L_000000000110e740, L_000000000110e600, C4<1>, C4<1>;
L_0000000001094540 .functor OR 1, L_000000000110faa0, L_000000000110d660, C4<0>, C4<0>;
L_0000000001094230 .functor AND 1, L_000000000110ef60, L_000000000110d480, C4<1>, C4<1>;
L_00000000010942a0 .functor OR 1, L_000000000110f000, L_000000000110dca0, C4<0>, C4<0>;
L_00000000010bbef0 .functor AND 1, L_000000000110e060, L_000000000110e420, C4<1>, C4<1>;
L_00000000010bc740 .functor OR 1, L_000000000110e100, L_000000000110e7e0, C4<0>, C4<0>;
L_00000000010bc270 .functor AND 1, L_000000000110d700, L_000000000110f0a0, C4<1>, C4<1>;
L_00000000010bba20 .functor OR 1, L_000000000110f500, L_000000000110dd40, C4<0>, C4<0>;
L_0000000001169090 .functor AND 1, L_0000000001113d80, L_00000000011146e0, C4<1>, C4<1>;
L_0000000001169100 .functor AND 1, L_00000000011140a0, L_0000000001113060, C4<1>, C4<1>;
L_000000000116a050 .functor AND 1, L_0000000001112340, L_0000000001114aa0, C4<1>, C4<1>;
L_0000000001169f70 .functor AND 1, L_0000000001112b60, L_0000000001112520, C4<1>, C4<1>;
L_0000000001169f00 .functor AND 1, L_00000000011143c0, L_00000000011134c0, C4<1>, C4<1>;
L_0000000001169e90 .functor AND 1, L_0000000001114a00, L_00000000011125c0, C4<1>, C4<1>;
L_000000000116a0c0 .functor AND 1, L_0000000001114320, L_0000000001112f20, C4<1>, C4<1>;
L_0000000001169fe0 .functor AND 1, L_0000000001113ba0, L_0000000001112660, C4<1>, C4<1>;
L_000000000116a130 .functor AND 1, L_0000000001113420, L_0000000001114460, C4<1>, C4<1>;
L_000000000116a1a0 .functor XOR 9, v000000000110f820_0, v000000000110ea60_0, C4<000000000>, C4<000000000>;
L_000000000116e140 .functor XOR 9, L_000000000116a1a0, L_0000000001113920, C4<000000000>, C4<000000000>;
v0000000001109710_0 .net "A", 8 0, v000000000110f820_0;  1 drivers
v000000000110b0b0_0 .net "B", 8 0, v000000000110ea60_0;  1 drivers
v0000000001109850_0 .net "X", 17 0, L_000000000110d7a0;  1 drivers
v00000000011098f0_0 .net "Y", 17 0, L_0000000001112480;  1 drivers
v000000000110a930_0 .net "Y0", 8 0, L_0000000001113920;  1 drivers
v0000000001109a30_0 .net *"_s101", 0 0, L_000000000110dca0;  1 drivers
v000000000110a430_0 .net *"_s102", 0 0, L_00000000010942a0;  1 drivers
v000000000110b1f0_0 .net *"_s107", 0 0, L_000000000110e060;  1 drivers
v000000000110a9d0_0 .net *"_s109", 0 0, L_000000000110e420;  1 drivers
v0000000001109ad0_0 .net *"_s11", 0 0, L_000000000110dc00;  1 drivers
v0000000001108e50_0 .net *"_s110", 0 0, L_00000000010bbef0;  1 drivers
v000000000110ad90_0 .net *"_s115", 0 0, L_000000000110e100;  1 drivers
v000000000110b330_0 .net *"_s117", 0 0, L_000000000110e7e0;  1 drivers
v000000000110aa70_0 .net *"_s118", 0 0, L_00000000010bc740;  1 drivers
v000000000110b3d0_0 .net *"_s123", 0 0, L_000000000110d700;  1 drivers
v000000000110abb0_0 .net *"_s125", 0 0, L_000000000110f0a0;  1 drivers
v0000000001109fd0_0 .net *"_s126", 0 0, L_00000000010bc270;  1 drivers
v000000000110ac50_0 .net *"_s13", 0 0, L_000000000110d340;  1 drivers
v0000000001109b70_0 .net *"_s132", 0 0, L_000000000110f500;  1 drivers
v0000000001109030_0 .net *"_s134", 0 0, L_000000000110dd40;  1 drivers
v000000000110acf0_0 .net *"_s135", 0 0, L_00000000010bba20;  1 drivers
v0000000001109e90_0 .net *"_s138", 0 0, L_0000000001113d80;  1 drivers
v0000000001109f30_0 .net *"_s14", 0 0, L_0000000001094850;  1 drivers
v000000000110ae30_0 .net *"_s140", 0 0, L_00000000011146e0;  1 drivers
v000000000110b470_0 .net *"_s141", 0 0, L_0000000001169090;  1 drivers
v000000000110af70_0 .net *"_s144", 0 0, L_00000000011140a0;  1 drivers
v000000000110b150_0 .net *"_s146", 0 0, L_0000000001113060;  1 drivers
v000000000110b010_0 .net *"_s147", 0 0, L_0000000001169100;  1 drivers
v000000000110a070_0 .net *"_s150", 0 0, L_0000000001112340;  1 drivers
v000000000110a1b0_0 .net *"_s152", 0 0, L_0000000001114aa0;  1 drivers
v0000000001108f90_0 .net *"_s153", 0 0, L_000000000116a050;  1 drivers
v00000000011090d0_0 .net *"_s156", 0 0, L_0000000001112b60;  1 drivers
v000000000110bb50_0 .net *"_s158", 0 0, L_0000000001112520;  1 drivers
v000000000110b8d0_0 .net *"_s159", 0 0, L_0000000001169f70;  1 drivers
v000000000110c7d0_0 .net *"_s162", 0 0, L_00000000011143c0;  1 drivers
v000000000110b650_0 .net *"_s164", 0 0, L_00000000011134c0;  1 drivers
v000000000110c2d0_0 .net *"_s165", 0 0, L_0000000001169f00;  1 drivers
v000000000110b830_0 .net *"_s168", 0 0, L_0000000001114a00;  1 drivers
v000000000110b510_0 .net *"_s170", 0 0, L_00000000011125c0;  1 drivers
v000000000110bbf0_0 .net *"_s171", 0 0, L_0000000001169e90;  1 drivers
v000000000110bc90_0 .net *"_s174", 0 0, L_0000000001114320;  1 drivers
v000000000110b6f0_0 .net *"_s176", 0 0, L_0000000001112f20;  1 drivers
v000000000110c4b0_0 .net *"_s177", 0 0, L_000000000116a0c0;  1 drivers
v000000000110c870_0 .net *"_s180", 0 0, L_0000000001113ba0;  1 drivers
v000000000110b790_0 .net *"_s182", 0 0, L_0000000001112660;  1 drivers
v000000000110c910_0 .net *"_s183", 0 0, L_0000000001169fe0;  1 drivers
v000000000110b970_0 .net *"_s186", 0 0, L_0000000001113420;  1 drivers
v000000000110c730_0 .net *"_s188", 0 0, L_0000000001114460;  1 drivers
v000000000110c5f0_0 .net *"_s189", 0 0, L_000000000116a130;  1 drivers
v000000000110bfb0_0 .net *"_s19", 0 0, L_000000000110d3e0;  1 drivers
v000000000110bdd0_0 .net *"_s193", 8 0, L_000000000116a1a0;  1 drivers
L_00000000011156f8 .functor BUFT 1, C4<0>, C4<0>, C4<0>, C4<0>;
v000000000110c9b0_0 .net/2s *"_s2", 0 0, L_00000000011156f8;  1 drivers
v000000000110bd30_0 .net *"_s21", 0 0, L_000000000110d8e0;  1 drivers
v000000000110be70_0 .net *"_s22", 0 0, L_0000000001093cf0;  1 drivers
v000000000110ca50_0 .net *"_s27", 0 0, L_000000000110dac0;  1 drivers
v000000000110ba10_0 .net *"_s29", 0 0, L_000000000110ed80;  1 drivers
v000000000110caf0_0 .net *"_s30", 0 0, L_0000000001094460;  1 drivers
v000000000110bf10_0 .net *"_s35", 0 0, L_000000000110e4c0;  1 drivers
v000000000110bab0_0 .net *"_s37", 0 0, L_000000000110df20;  1 drivers
v000000000110c050_0 .net *"_s38", 0 0, L_0000000001093eb0;  1 drivers
v000000000110b5b0_0 .net *"_s43", 0 0, L_000000000110ee20;  1 drivers
v000000000110c690_0 .net *"_s45", 0 0, L_000000000110db60;  1 drivers
v000000000110c0f0_0 .net *"_s46", 0 0, L_0000000001093f90;  1 drivers
v000000000110c370_0 .net *"_s51", 0 0, L_000000000110f8c0;  1 drivers
v000000000110c190_0 .net *"_s53", 0 0, L_000000000110e9c0;  1 drivers
v000000000110c230_0 .net *"_s54", 0 0, L_00000000010944d0;  1 drivers
v000000000110c410_0 .net *"_s59", 0 0, L_000000000110eb00;  1 drivers
L_0000000001115740 .functor BUFT 1, C4<0>, C4<0>, C4<0>, C4<0>;
v000000000110cb90_0 .net/2s *"_s6", 0 0, L_0000000001115740;  1 drivers
v000000000110c550_0 .net *"_s61", 0 0, L_000000000110d980;  1 drivers
v000000000110dfc0_0 .net *"_s62", 0 0, L_00000000010940e0;  1 drivers
v000000000110d520_0 .net *"_s67", 0 0, L_000000000110f960;  1 drivers
v000000000110dde0_0 .net *"_s69", 0 0, L_000000000110eec0;  1 drivers
v000000000110fa00_0 .net *"_s70", 0 0, L_0000000001094150;  1 drivers
v000000000110d840_0 .net *"_s75", 0 0, L_000000000110e740;  1 drivers
v000000000110f6e0_0 .net *"_s77", 0 0, L_000000000110e600;  1 drivers
v000000000110f780_0 .net *"_s78", 0 0, L_00000000010941c0;  1 drivers
v000000000110de80_0 .net *"_s83", 0 0, L_000000000110faa0;  1 drivers
v000000000110ec40_0 .net *"_s85", 0 0, L_000000000110d660;  1 drivers
v000000000110eba0_0 .net *"_s86", 0 0, L_0000000001094540;  1 drivers
v000000000110e880_0 .net *"_s91", 0 0, L_000000000110ef60;  1 drivers
v000000000110ece0_0 .net *"_s93", 0 0, L_000000000110d480;  1 drivers
v000000000110d5c0_0 .net *"_s94", 0 0, L_0000000001094230;  1 drivers
v000000000110e2e0_0 .net *"_s99", 0 0, L_000000000110f000;  1 drivers
v000000000110e920_0 .net "sum", 8 0, L_000000000116e140;  alias, 1 drivers
L_000000000110dc00 .part v000000000110f820_0, 0, 1;
L_000000000110d340 .part v000000000110ea60_0, 0, 1;
L_000000000110d3e0 .part v000000000110f820_0, 0, 1;
L_000000000110d8e0 .part v000000000110ea60_0, 0, 1;
L_000000000110dac0 .part v000000000110f820_0, 1, 1;
L_000000000110ed80 .part v000000000110ea60_0, 1, 1;
L_000000000110e4c0 .part v000000000110f820_0, 1, 1;
L_000000000110df20 .part v000000000110ea60_0, 1, 1;
L_000000000110ee20 .part v000000000110f820_0, 2, 1;
L_000000000110db60 .part v000000000110ea60_0, 2, 1;
L_000000000110f8c0 .part v000000000110f820_0, 2, 1;
L_000000000110e9c0 .part v000000000110ea60_0, 2, 1;
L_000000000110eb00 .part v000000000110f820_0, 3, 1;
L_000000000110d980 .part v000000000110ea60_0, 3, 1;
L_000000000110f960 .part v000000000110f820_0, 3, 1;
L_000000000110eec0 .part v000000000110ea60_0, 3, 1;
L_000000000110e740 .part v000000000110f820_0, 4, 1;
L_000000000110e600 .part v000000000110ea60_0, 4, 1;
L_000000000110faa0 .part v000000000110f820_0, 4, 1;
L_000000000110d660 .part v000000000110ea60_0, 4, 1;
L_000000000110ef60 .part v000000000110f820_0, 5, 1;
L_000000000110d480 .part v000000000110ea60_0, 5, 1;
L_000000000110f000 .part v000000000110f820_0, 5, 1;
L_000000000110dca0 .part v000000000110ea60_0, 5, 1;
L_000000000110e060 .part v000000000110f820_0, 6, 1;
L_000000000110e420 .part v000000000110ea60_0, 6, 1;
L_000000000110e100 .part v000000000110f820_0, 6, 1;
L_000000000110e7e0 .part v000000000110ea60_0, 6, 1;
L_000000000110d700 .part v000000000110f820_0, 7, 1;
L_000000000110f0a0 .part v000000000110ea60_0, 7, 1;
LS_000000000110d7a0_0_0 .concat8 [ 1 1 1 1], L_0000000001115740, L_00000000011156f8, L_0000000001093cf0, L_0000000001094850;
LS_000000000110d7a0_0_4 .concat8 [ 1 1 1 1], L_0000000001093eb0, L_0000000001094460, L_00000000010944d0, L_0000000001093f90;
LS_000000000110d7a0_0_8 .concat8 [ 1 1 1 1], L_0000000001094150, L_00000000010940e0, L_0000000001094540, L_00000000010941c0;
LS_000000000110d7a0_0_12 .concat8 [ 1 1 1 1], L_00000000010942a0, L_0000000001094230, L_00000000010bc740, L_00000000010bbef0;
LS_000000000110d7a0_0_16 .concat8 [ 1 1 0 0], L_00000000010bba20, L_00000000010bc270;
LS_000000000110d7a0_1_0 .concat8 [ 4 4 4 4], LS_000000000110d7a0_0_0, LS_000000000110d7a0_0_4, LS_000000000110d7a0_0_8, LS_000000000110d7a0_0_12;
LS_000000000110d7a0_1_4 .concat8 [ 2 0 0 0], LS_000000000110d7a0_0_16;
L_000000000110d7a0 .concat8 [ 16 2 0 0], LS_000000000110d7a0_1_0, LS_000000000110d7a0_1_4;
L_000000000110f500 .part v000000000110f820_0, 7, 1;
L_000000000110dd40 .part v000000000110ea60_0, 7, 1;
L_0000000001113d80 .part L_0000000001112480, 17, 1;
L_00000000011146e0 .part L_0000000001112480, 16, 1;
L_00000000011140a0 .part L_0000000001112480, 15, 1;
L_0000000001113060 .part L_0000000001112480, 14, 1;
L_0000000001112340 .part L_0000000001112480, 13, 1;
L_0000000001114aa0 .part L_0000000001112480, 12, 1;
L_0000000001112b60 .part L_0000000001112480, 11, 1;
L_0000000001112520 .part L_0000000001112480, 10, 1;
L_00000000011143c0 .part L_0000000001112480, 9, 1;
L_00000000011134c0 .part L_0000000001112480, 8, 1;
L_0000000001114a00 .part L_0000000001112480, 7, 1;
L_00000000011125c0 .part L_0000000001112480, 6, 1;
L_0000000001114320 .part L_0000000001112480, 5, 1;
L_0000000001112f20 .part L_0000000001112480, 4, 1;
L_0000000001113ba0 .part L_0000000001112480, 3, 1;
L_0000000001112660 .part L_0000000001112480, 2, 1;
L_0000000001113420 .part L_0000000001112480, 1, 1;
L_0000000001114460 .part L_0000000001112480, 0, 1;
LS_0000000001113920_0_0 .concat [ 1 1 1 1], L_000000000116a130, L_0000000001169fe0, L_000000000116a0c0, L_0000000001169e90;
LS_0000000001113920_0_4 .concat [ 1 1 1 1], L_0000000001169f00, L_0000000001169f70, L_000000000116a050, L_0000000001169100;
LS_0000000001113920_0_8 .concat [ 1 0 0 0], L_0000000001169090;
L_0000000001113920 .concat [ 4 4 1 0], LS_0000000001113920_0_0, LS_0000000001113920_0_4, LS_0000000001113920_0_8;
S_00000000001bbac0 .scope module, "PPC" "Parallel_Prefix_Circuit" 3 19, 4 2 0, S_00000000001bb930;
 .timescale 0 0;
    .port_info 0 /OUTPUT 18 "Y";
    .port_info 1 /INPUT 18 "X";
v0000000001109cb0_0 .net "A", 17 0, L_00000000011120c0;  1 drivers
v000000000110a110_0 .net "B", 17 0, L_0000000001110a40;  1 drivers
v0000000001109670_0 .net "X", 17 0, L_000000000110d7a0;  alias, 1 drivers
v000000000110a250_0 .net "Y", 17 0, L_0000000001112480;  alias, 1 drivers
v0000000001109490_0 .net *"_s100", 0 0, L_0000000001110180;  1 drivers
v000000000110aed0_0 .net *"_s104", 0 0, L_0000000001111f80;  1 drivers
v0000000001109170_0 .net *"_s108", 0 0, L_00000000011111c0;  1 drivers
v000000000110ab10_0 .net *"_s112", 0 0, L_0000000001111620;  1 drivers
v00000000011093f0_0 .net *"_s116", 0 0, L_000000000110fdc0;  1 drivers
v0000000001109210_0 .net *"_s192", 0 0, L_00000000011109a0;  1 drivers
v00000000011092b0_0 .net *"_s197", 0 0, L_00000000011113a0;  1 drivers
v0000000001109d50_0 .net *"_s201", 0 0, L_0000000001110d60;  1 drivers
v0000000001108db0_0 .net *"_s205", 0 0, L_0000000001110e00;  1 drivers
v0000000001109350_0 .net *"_s209", 0 0, L_0000000001111760;  1 drivers
v000000000110b290_0 .net *"_s213", 0 0, L_0000000001111800;  1 drivers
v0000000001109530_0 .net *"_s217", 0 0, L_00000000011118a0;  1 drivers
v00000000011095d0_0 .net *"_s221", 0 0, L_0000000001111940;  1 drivers
v000000000110a610_0 .net *"_s225", 0 0, L_0000000001111a80;  1 drivers
v000000000110a570_0 .net *"_s229", 0 0, L_0000000001111bc0;  1 drivers
v000000000110a2f0_0 .net *"_s281", 0 0, L_0000000001112980;  1 drivers
v000000000110a890_0 .net *"_s286", 0 0, L_00000000011145a0;  1 drivers
v0000000001108ef0_0 .net *"_s3", 0 0, L_000000000110f1e0;  1 drivers
v0000000001109df0_0 .net *"_s7", 0 0, L_000000000110e560;  1 drivers
v000000000110a390_0 .net *"_s95", 0 0, L_0000000001111440;  1 drivers
L_000000000110f1e0 .part L_000000000110d7a0, 1, 1;
L_000000000110e560 .part L_000000000110d7a0, 0, 1;
L_000000000110e1a0 .part L_000000000110d7a0, 3, 1;
L_000000000110f280 .part L_000000000110d7a0, 2, 1;
L_000000000110e240 .part L_000000000110d7a0, 1, 1;
L_000000000110e380 .part L_000000000110d7a0, 0, 1;
L_000000000110f320 .part L_000000000110d7a0, 5, 1;
L_000000000110e6a0 .part L_000000000110d7a0, 4, 1;
L_000000000110f3c0 .part L_000000000110d7a0, 3, 1;
L_000000000110f460 .part L_000000000110d7a0, 2, 1;
L_000000000110f5a0 .part L_000000000110d7a0, 7, 1;
L_000000000110f640 .part L_000000000110d7a0, 6, 1;
L_000000000110ffa0 .part L_000000000110d7a0, 5, 1;
L_000000000110fe60 .part L_000000000110d7a0, 4, 1;
L_00000000011104a0 .part L_000000000110d7a0, 9, 1;
L_0000000001110680 .part L_000000000110d7a0, 8, 1;
L_0000000001110f40 .part L_000000000110d7a0, 7, 1;
L_000000000110fc80 .part L_000000000110d7a0, 6, 1;
L_0000000001111ee0 .part L_000000000110d7a0, 11, 1;
L_0000000001110400 .part L_000000000110d7a0, 10, 1;
L_0000000001111120 .part L_000000000110d7a0, 9, 1;
L_0000000001111580 .part L_000000000110d7a0, 8, 1;
L_00000000011100e0 .part L_000000000110d7a0, 13, 1;
L_00000000011119e0 .part L_000000000110d7a0, 12, 1;
L_0000000001111080 .part L_000000000110d7a0, 11, 1;
L_0000000001112200 .part L_000000000110d7a0, 10, 1;
L_0000000001110220 .part L_000000000110d7a0, 15, 1;
L_0000000001110ae0 .part L_000000000110d7a0, 14, 1;
L_00000000011122a0 .part L_000000000110d7a0, 13, 1;
L_0000000001112020 .part L_000000000110d7a0, 12, 1;
L_0000000001111440 .part L_000000000110d7a0, 17, 1;
LS_00000000011120c0_0_0 .concat8 [ 1 1 1 1], L_000000000110e560, L_000000000110f1e0, L_00000000010bbcc0, L_00000000010bba90;
LS_00000000011120c0_0_4 .concat8 [ 1 1 1 1], L_00000000010bc5f0, L_00000000010bc4a0, L_000000000115dc90, L_000000000115ebe0;
LS_00000000011120c0_0_8 .concat8 [ 1 1 1 1], L_000000000115d910, L_000000000115f190, L_000000000115f0b0, L_000000000115e240;
LS_00000000011120c0_0_12 .concat8 [ 1 1 1 1], L_000000000115e780, L_000000000115e5c0, L_000000000115f4a0, L_000000000115ec50;
LS_00000000011120c0_0_16 .concat8 [ 1 1 0 0], L_0000000001110180, L_0000000001111440;
LS_00000000011120c0_1_0 .concat8 [ 4 4 4 4], LS_00000000011120c0_0_0, LS_00000000011120c0_0_4, LS_00000000011120c0_0_8, LS_00000000011120c0_0_12;
LS_00000000011120c0_1_4 .concat8 [ 2 0 0 0], LS_00000000011120c0_0_16;
L_00000000011120c0 .concat8 [ 16 2 0 0], LS_00000000011120c0_1_0, LS_00000000011120c0_1_4;
L_0000000001110180 .part L_000000000110d7a0, 16, 1;
L_0000000001111f80 .part L_00000000011120c0, 1, 1;
L_00000000011111c0 .part L_00000000011120c0, 0, 1;
L_0000000001111620 .part L_00000000011120c0, 3, 1;
L_000000000110fdc0 .part L_00000000011120c0, 2, 1;
L_0000000001110cc0 .part L_00000000011120c0, 5, 1;
L_0000000001110ea0 .part L_00000000011120c0, 4, 1;
L_000000000110fb40 .part L_00000000011120c0, 1, 1;
L_0000000001111b20 .part L_00000000011120c0, 0, 1;
L_00000000011102c0 .part L_00000000011120c0, 7, 1;
L_0000000001110540 .part L_00000000011120c0, 6, 1;
L_0000000001110b80 .part L_00000000011120c0, 3, 1;
L_0000000001110fe0 .part L_00000000011120c0, 2, 1;
L_0000000001110360 .part L_00000000011120c0, 9, 1;
L_0000000001111300 .part L_00000000011120c0, 8, 1;
L_00000000011114e0 .part L_00000000011120c0, 5, 1;
L_00000000011105e0 .part L_00000000011120c0, 4, 1;
L_000000000110ff00 .part L_00000000011120c0, 11, 1;
L_0000000001111260 .part L_00000000011120c0, 10, 1;
L_0000000001111e40 .part L_00000000011120c0, 7, 1;
L_0000000001111d00 .part L_00000000011120c0, 6, 1;
L_0000000001110720 .part L_00000000011120c0, 13, 1;
L_0000000001110040 .part L_00000000011120c0, 12, 1;
L_00000000011107c0 .part L_00000000011120c0, 9, 1;
L_0000000001110860 .part L_00000000011120c0, 8, 1;
L_00000000011116c0 .part L_00000000011120c0, 15, 1;
L_0000000001110900 .part L_00000000011120c0, 14, 1;
L_000000000110fbe0 .part L_00000000011120c0, 11, 1;
L_0000000001112160 .part L_00000000011120c0, 10, 1;
L_00000000011109a0 .part L_00000000011120c0, 17, 1;
LS_0000000001110a40_0_0 .concat8 [ 1 1 1 1], L_00000000011111c0, L_0000000001111f80, L_000000000110fdc0, L_0000000001111620;
LS_0000000001110a40_0_4 .concat8 [ 1 1 1 1], L_00000000011631d0, L_00000000011635c0, L_00000000011636a0, L_0000000001161db0;
LS_0000000001110a40_0_8 .concat8 [ 1 1 1 1], L_0000000001162360, L_00000000011632b0, L_0000000001162830, L_0000000001162440;
LS_0000000001110a40_0_12 .concat8 [ 1 1 1 1], L_0000000001162bb0, L_0000000001162ad0, L_0000000001168920, L_0000000001168680;
LS_0000000001110a40_0_16 .concat8 [ 1 1 0 0], L_00000000011113a0, L_00000000011109a0;
LS_0000000001110a40_1_0 .concat8 [ 4 4 4 4], LS_0000000001110a40_0_0, LS_0000000001110a40_0_4, LS_0000000001110a40_0_8, LS_0000000001110a40_0_12;
LS_0000000001110a40_1_4 .concat8 [ 2 0 0 0], LS_0000000001110a40_0_16;
L_0000000001110a40 .concat8 [ 16 2 0 0], LS_0000000001110a40_1_0, LS_0000000001110a40_1_4;
L_00000000011113a0 .part L_00000000011120c0, 16, 1;
L_0000000001110d60 .part L_0000000001110a40, 1, 1;
L_0000000001110e00 .part L_0000000001110a40, 0, 1;
L_0000000001111760 .part L_0000000001110a40, 3, 1;
L_0000000001111800 .part L_0000000001110a40, 2, 1;
L_00000000011118a0 .part L_0000000001110a40, 5, 1;
L_0000000001111940 .part L_0000000001110a40, 4, 1;
L_0000000001111a80 .part L_0000000001110a40, 7, 1;
L_0000000001111bc0 .part L_0000000001110a40, 6, 1;
L_0000000001111c60 .part L_0000000001110a40, 9, 1;
L_0000000001111da0 .part L_0000000001110a40, 8, 1;
L_00000000011131a0 .part L_0000000001110a40, 1, 1;
L_0000000001112840 .part L_0000000001110a40, 0, 1;
L_0000000001112a20 .part L_0000000001110a40, 11, 1;
L_0000000001113b00 .part L_0000000001110a40, 10, 1;
L_0000000001113c40 .part L_0000000001110a40, 3, 1;
L_00000000011128e0 .part L_0000000001110a40, 2, 1;
L_0000000001112ac0 .part L_0000000001110a40, 13, 1;
L_0000000001114640 .part L_0000000001110a40, 12, 1;
L_0000000001114820 .part L_0000000001110a40, 5, 1;
L_0000000001113ce0 .part L_0000000001110a40, 4, 1;
L_0000000001112e80 .part L_0000000001110a40, 15, 1;
L_0000000001112de0 .part L_0000000001110a40, 14, 1;
L_0000000001113a60 .part L_0000000001110a40, 7, 1;
L_0000000001113240 .part L_0000000001110a40, 6, 1;
L_0000000001112980 .part L_0000000001110a40, 17, 1;
LS_0000000001112480_0_0 .concat8 [ 1 1 1 1], L_0000000001110e00, L_0000000001110d60, L_0000000001111800, L_0000000001111760;
LS_0000000001112480_0_4 .concat8 [ 1 1 1 1], L_0000000001111940, L_00000000011118a0, L_0000000001111bc0, L_0000000001111a80;
LS_0000000001112480_0_8 .concat8 [ 1 1 1 1], L_00000000011695d0, L_0000000001168450, L_0000000001169020, L_0000000001168990;
LS_0000000001112480_0_12 .concat8 [ 1 1 1 1], L_0000000001168e60, L_0000000001168ca0, L_0000000001169c60, L_0000000001168610;
LS_0000000001112480_0_16 .concat8 [ 1 1 0 0], L_00000000011145a0, L_0000000001112980;
LS_0000000001112480_1_0 .concat8 [ 4 4 4 4], LS_0000000001112480_0_0, LS_0000000001112480_0_4, LS_0000000001112480_0_8, LS_0000000001112480_0_12;
LS_0000000001112480_1_4 .concat8 [ 2 0 0 0], LS_0000000001112480_0_16;
L_0000000001112480 .concat8 [ 16 2 0 0], LS_0000000001112480_1_0, LS_0000000001112480_1_4;
L_00000000011145a0 .part L_0000000001110a40, 16, 1;
S_0000000001020290 .scope module, "A01_00" "star_operator" 4 8, 5 1 0, S_00000000001bbac0;
 .timescale 0 0;
    .port_info 0 /OUTPUT 1 "c1";
    .port_info 1 /OUTPUT 1 "c0";
    .port_info 2 /INPUT 1 "b1";
    .port_info 3 /INPUT 1 "b0";
    .port_info 4 /INPUT 1 "a1";
    .port_info 5 /INPUT 1 "a0";
L_00000000010bb9b0 .functor AND 1, L_000000000110e380, L_000000000110e240, C4<1>, C4<1>;
L_00000000010bc2e0 .functor AND 1, L_00000000010bb9b0, L_000000000110f280, C4<1>, C4<1>;
L_00000000010bc190 .functor AND 1, L_000000000110e380, L_000000000110f280, C4<1>, C4<1>;
L_00000000010bbb00 .functor AND 1, L_00000000010bc190, L_000000000110e1a0, C4<1>, C4<1>;
L_00000000010bbe80 .functor OR 1, L_00000000010bc2e0, L_00000000010bbb00, C4<0>, C4<0>;
L_00000000010bbb70 .functor NOT 1, L_000000000110e240, C4<0>, C4<0>, C4<0>;
L_00000000010bc040 .functor AND 1, L_00000000010bbb70, L_000000000110f280, C4<1>, C4<1>;
L_00000000010bc120 .functor AND 1, L_00000000010bc040, L_000000000110e1a0, C4<1>, C4<1>;
L_00000000010bba90 .functor OR 1, L_00000000010bbe80, L_00000000010bc120, C4<0>, C4<0>;
L_00000000010bbbe0 .functor NOT 1, L_000000000110e240, C4<0>, C4<0>, C4<0>;
L_00000000010bbc50 .functor AND 1, L_000000000110f280, L_00000000010bbbe0, C4<1>, C4<1>;
L_00000000010bb8d0 .functor AND 1, L_00000000010bbc50, L_000000000110e1a0, C4<1>, C4<1>;
L_00000000010bb940 .functor AND 1, L_000000000110e380, L_000000000110f280, C4<1>, C4<1>;
L_00000000010bbcc0 .functor OR 1, L_00000000010bb8d0, L_00000000010bb940, C4<0>, C4<0>;
v0000000001095240_0 .net *"_s0", 0 0, L_00000000010bb9b0;  1 drivers
v0000000001096a00_0 .net *"_s10", 0 0, L_00000000010bbb70;  1 drivers
v0000000001096960_0 .net *"_s12", 0 0, L_00000000010bc040;  1 drivers
v0000000001097400_0 .net *"_s14", 0 0, L_00000000010bc120;  1 drivers
v0000000001094e80_0 .net *"_s18", 0 0, L_00000000010bbbe0;  1 drivers
v0000000001097220_0 .net *"_s2", 0 0, L_00000000010bc2e0;  1 drivers
v00000000010952e0_0 .net *"_s20", 0 0, L_00000000010bbc50;  1 drivers
v0000000001095420_0 .net *"_s22", 0 0, L_00000000010bb8d0;  1 drivers
v00000000010965a0_0 .net *"_s24", 0 0, L_00000000010bb940;  1 drivers
v0000000001096500_0 .net *"_s4", 0 0, L_00000000010bc190;  1 drivers
v0000000001096280_0 .net *"_s6", 0 0, L_00000000010bbb00;  1 drivers
v0000000001096640_0 .net *"_s8", 0 0, L_00000000010bbe80;  1 drivers
v0000000001094f20_0 .net "a0", 0 0, L_000000000110e380;  1 drivers
v0000000001094fc0_0 .net "a1", 0 0, L_000000000110e240;  1 drivers
v0000000001096460_0 .net "b0", 0 0, L_000000000110f280;  1 drivers
v0000000001096320_0 .net "b1", 0 0, L_000000000110e1a0;  1 drivers
v00000000010966e0_0 .net "c0", 0 0, L_00000000010bbcc0;  1 drivers
v0000000001094ca0_0 .net "c1", 0 0, L_00000000010bba90;  1 drivers
S_0000000001020420 .scope module, "A02_01" "star_operator" 4 9, 5 1 0, S_00000000001bbac0;
 .timescale 0 0;
    .port_info 0 /OUTPUT 1 "c1";
    .port_info 1 /OUTPUT 1 "c0";
    .port_info 2 /INPUT 1 "b1";
    .port_info 3 /INPUT 1 "b0";
    .port_info 4 /INPUT 1 "a1";
    .port_info 5 /INPUT 1 "a0";
L_00000000010bbd30 .functor AND 1, L_000000000110f460, L_000000000110f3c0, C4<1>, C4<1>;
L_00000000010bbda0 .functor AND 1, L_00000000010bbd30, L_000000000110e6a0, C4<1>, C4<1>;
L_00000000010bc350 .functor AND 1, L_000000000110f460, L_000000000110e6a0, C4<1>, C4<1>;
L_00000000010bbe10 .functor AND 1, L_00000000010bc350, L_000000000110f320, C4<1>, C4<1>;
L_00000000010bc200 .functor OR 1, L_00000000010bbda0, L_00000000010bbe10, C4<0>, C4<0>;
L_00000000010bc0b0 .functor NOT 1, L_000000000110f3c0, C4<0>, C4<0>, C4<0>;
L_00000000010bc3c0 .functor AND 1, L_00000000010bc0b0, L_000000000110e6a0, C4<1>, C4<1>;
L_00000000010bc430 .functor AND 1, L_00000000010bc3c0, L_000000000110f320, C4<1>, C4<1>;
L_00000000010bc4a0 .functor OR 1, L_00000000010bc200, L_00000000010bc430, C4<0>, C4<0>;
L_00000000010bbf60 .functor NOT 1, L_000000000110f3c0, C4<0>, C4<0>, C4<0>;
L_00000000010bc510 .functor AND 1, L_000000000110e6a0, L_00000000010bbf60, C4<1>, C4<1>;
L_00000000010bc580 .functor AND 1, L_00000000010bc510, L_000000000110f320, C4<1>, C4<1>;
L_00000000010bbfd0 .functor AND 1, L_000000000110f460, L_000000000110e6a0, C4<1>, C4<1>;
L_00000000010bc5f0 .functor OR 1, L_00000000010bc580, L_00000000010bbfd0, C4<0>, C4<0>;
v0000000001095560_0 .net *"_s0", 0 0, L_00000000010bbd30;  1 drivers
v00000000010954c0_0 .net *"_s10", 0 0, L_00000000010bc0b0;  1 drivers
v0000000001095ba0_0 .net *"_s12", 0 0, L_00000000010bc3c0;  1 drivers
v0000000001096780_0 .net *"_s14", 0 0, L_00000000010bc430;  1 drivers
v0000000001094de0_0 .net *"_s18", 0 0, L_00000000010bbf60;  1 drivers
v0000000001096d20_0 .net *"_s2", 0 0, L_00000000010bbda0;  1 drivers
v00000000010972c0_0 .net *"_s20", 0 0, L_00000000010bc510;  1 drivers
v0000000001096820_0 .net *"_s22", 0 0, L_00000000010bc580;  1 drivers
v0000000001095060_0 .net *"_s24", 0 0, L_00000000010bbfd0;  1 drivers
v00000000010960a0_0 .net *"_s4", 0 0, L_00000000010bc350;  1 drivers
v0000000001096c80_0 .net *"_s6", 0 0, L_00000000010bbe10;  1 drivers
v00000000010968c0_0 .net *"_s8", 0 0, L_00000000010bc200;  1 drivers
v0000000001095380_0 .net "a0", 0 0, L_000000000110f460;  1 drivers
v0000000001095d80_0 .net "a1", 0 0, L_000000000110f3c0;  1 drivers
v0000000001096aa0_0 .net "b0", 0 0, L_000000000110e6a0;  1 drivers
v0000000001096b40_0 .net "b1", 0 0, L_000000000110f320;  1 drivers
v0000000001096dc0_0 .net "c0", 0 0, L_00000000010bc5f0;  1 drivers
v0000000001096e60_0 .net "c1", 0 0, L_00000000010bc4a0;  1 drivers
S_0000000001016830 .scope module, "A03_02" "star_operator" 4 10, 5 1 0, S_00000000001bbac0;
 .timescale 0 0;
    .port_info 0 /OUTPUT 1 "c1";
    .port_info 1 /OUTPUT 1 "c0";
    .port_info 2 /INPUT 1 "b1";
    .port_info 3 /INPUT 1 "b0";
    .port_info 4 /INPUT 1 "a1";
    .port_info 5 /INPUT 1 "a0";
L_00000000010bc660 .functor AND 1, L_000000000110fe60, L_000000000110ffa0, C4<1>, C4<1>;
L_00000000010bc6d0 .functor AND 1, L_00000000010bc660, L_000000000110f640, C4<1>, C4<1>;
L_00000000010bc7b0 .functor AND 1, L_000000000110fe60, L_000000000110f640, C4<1>, C4<1>;
L_00000000010943f0 .functor AND 1, L_00000000010bc7b0, L_000000000110f5a0, C4<1>, C4<1>;
L_000000000115e390 .functor OR 1, L_00000000010bc6d0, L_00000000010943f0, C4<0>, C4<0>;
L_000000000115e400 .functor NOT 1, L_000000000110ffa0, C4<0>, C4<0>, C4<0>;
L_000000000115ee10 .functor AND 1, L_000000000115e400, L_000000000110f640, C4<1>, C4<1>;
L_000000000115e630 .functor AND 1, L_000000000115ee10, L_000000000110f5a0, C4<1>, C4<1>;
L_000000000115ebe0 .functor OR 1, L_000000000115e390, L_000000000115e630, C4<0>, C4<0>;
L_000000000115e160 .functor NOT 1, L_000000000110ffa0, C4<0>, C4<0>, C4<0>;
L_000000000115d8a0 .functor AND 1, L_000000000110f640, L_000000000115e160, C4<1>, C4<1>;
L_000000000115eda0 .functor AND 1, L_000000000115d8a0, L_000000000110f5a0, C4<1>, C4<1>;
L_000000000115e6a0 .functor AND 1, L_000000000110fe60, L_000000000110f640, C4<1>, C4<1>;
L_000000000115dc90 .functor OR 1, L_000000000115eda0, L_000000000115e6a0, C4<0>, C4<0>;
v0000000001097040_0 .net *"_s0", 0 0, L_00000000010bc660;  1 drivers
v0000000001095100_0 .net *"_s10", 0 0, L_000000000115e400;  1 drivers
v00000000010951a0_0 .net *"_s12", 0 0, L_000000000115ee10;  1 drivers
v0000000001095600_0 .net *"_s14", 0 0, L_000000000115e630;  1 drivers
v0000000001095ce0_0 .net *"_s18", 0 0, L_000000000115e160;  1 drivers
v00000000010956a0_0 .net *"_s2", 0 0, L_00000000010bc6d0;  1 drivers
v0000000001095740_0 .net *"_s20", 0 0, L_000000000115d8a0;  1 drivers
v0000000001096f00_0 .net *"_s22", 0 0, L_000000000115eda0;  1 drivers
v00000000010957e0_0 .net *"_s24", 0 0, L_000000000115e6a0;  1 drivers
v0000000001096fa0_0 .net *"_s4", 0 0, L_00000000010bc7b0;  1 drivers
v00000000010970e0_0 .net *"_s6", 0 0, L_00000000010943f0;  1 drivers
v0000000001095880_0 .net *"_s8", 0 0, L_000000000115e390;  1 drivers
v0000000001095b00_0 .net "a0", 0 0, L_000000000110fe60;  1 drivers
v0000000001095920_0 .net "a1", 0 0, L_000000000110ffa0;  1 drivers
v00000000010959c0_0 .net "b0", 0 0, L_000000000110f640;  1 drivers
v0000000001097180_0 .net "b1", 0 0, L_000000000110f5a0;  1 drivers
v0000000001095a60_0 .net "c0", 0 0, L_000000000115dc90;  1 drivers
v0000000001095e20_0 .net "c1", 0 0, L_000000000115ebe0;  1 drivers
S_00000000010169c0 .scope module, "A04_03" "star_operator" 4 11, 5 1 0, S_00000000001bbac0;
 .timescale 0 0;
    .port_info 0 /OUTPUT 1 "c1";
    .port_info 1 /OUTPUT 1 "c0";
    .port_info 2 /INPUT 1 "b1";
    .port_info 3 /INPUT 1 "b0";
    .port_info 4 /INPUT 1 "a1";
    .port_info 5 /INPUT 1 "a0";
L_000000000115ee80 .functor AND 1, L_000000000110fc80, L_0000000001110f40, C4<1>, C4<1>;
L_000000000115e010 .functor AND 1, L_000000000115ee80, L_0000000001110680, C4<1>, C4<1>;
L_000000000115d980 .functor AND 1, L_000000000110fc80, L_0000000001110680, C4<1>, C4<1>;
L_000000000115df30 .functor AND 1, L_000000000115d980, L_00000000011104a0, C4<1>, C4<1>;
L_000000000115dc20 .functor OR 1, L_000000000115e010, L_000000000115df30, C4<0>, C4<0>;
L_000000000115dde0 .functor NOT 1, L_0000000001110f40, C4<0>, C4<0>, C4<0>;
L_000000000115d830 .functor AND 1, L_000000000115dde0, L_0000000001110680, C4<1>, C4<1>;
L_000000000115f120 .functor AND 1, L_000000000115d830, L_00000000011104a0, C4<1>, C4<1>;
L_000000000115f190 .functor OR 1, L_000000000115dc20, L_000000000115f120, C4<0>, C4<0>;
L_000000000115e080 .functor NOT 1, L_0000000001110f40, C4<0>, C4<0>, C4<0>;
L_000000000115e7f0 .functor AND 1, L_0000000001110680, L_000000000115e080, C4<1>, C4<1>;
L_000000000115db40 .functor AND 1, L_000000000115e7f0, L_00000000011104a0, C4<1>, C4<1>;
L_000000000115dad0 .functor AND 1, L_000000000110fc80, L_0000000001110680, C4<1>, C4<1>;
L_000000000115d910 .functor OR 1, L_000000000115db40, L_000000000115dad0, C4<0>, C4<0>;
v0000000001095ec0_0 .net *"_s0", 0 0, L_000000000115ee80;  1 drivers
v0000000001095f60_0 .net *"_s10", 0 0, L_000000000115dde0;  1 drivers
v0000000001096000_0 .net *"_s12", 0 0, L_000000000115d830;  1 drivers
v0000000001096140_0 .net *"_s14", 0 0, L_000000000115f120;  1 drivers
v00000000010963c0_0 .net *"_s18", 0 0, L_000000000115e080;  1 drivers
v00000000010981c0_0 .net *"_s2", 0 0, L_000000000115e010;  1 drivers
v0000000001097720_0 .net *"_s20", 0 0, L_000000000115e7f0;  1 drivers
v0000000001098940_0 .net *"_s22", 0 0, L_000000000115db40;  1 drivers
v0000000001098b20_0 .net *"_s24", 0 0, L_000000000115dad0;  1 drivers
v0000000001098120_0 .net *"_s4", 0 0, L_000000000115d980;  1 drivers
v0000000001097d60_0 .net *"_s6", 0 0, L_000000000115df30;  1 drivers
v0000000001097680_0 .net *"_s8", 0 0, L_000000000115dc20;  1 drivers
v00000000010977c0_0 .net "a0", 0 0, L_000000000110fc80;  1 drivers
v0000000001097540_0 .net "a1", 0 0, L_0000000001110f40;  1 drivers
v00000000010984e0_0 .net "b0", 0 0, L_0000000001110680;  1 drivers
v0000000001098760_0 .net "b1", 0 0, L_00000000011104a0;  1 drivers
v0000000001097860_0 .net "c0", 0 0, L_000000000115d910;  1 drivers
v0000000001098260_0 .net "c1", 0 0, L_000000000115f190;  1 drivers
S_0000000000fd2c80 .scope module, "A05_04" "star_operator" 4 12, 5 1 0, S_00000000001bbac0;
 .timescale 0 0;
    .port_info 0 /OUTPUT 1 "c1";
    .port_info 1 /OUTPUT 1 "c0";
    .port_info 2 /INPUT 1 "b1";
    .port_info 3 /INPUT 1 "b0";
    .port_info 4 /INPUT 1 "a1";
    .port_info 5 /INPUT 1 "a0";
L_000000000115dd00 .functor AND 1, L_0000000001111580, L_0000000001111120, C4<1>, C4<1>;
L_000000000115e9b0 .functor AND 1, L_000000000115dd00, L_0000000001110400, C4<1>, C4<1>;
L_000000000115e1d0 .functor AND 1, L_0000000001111580, L_0000000001110400, C4<1>, C4<1>;
L_000000000115e0f0 .functor AND 1, L_000000000115e1d0, L_0000000001111ee0, C4<1>, C4<1>;
L_000000000115dec0 .functor OR 1, L_000000000115e9b0, L_000000000115e0f0, C4<0>, C4<0>;
L_000000000115dbb0 .functor NOT 1, L_0000000001111120, C4<0>, C4<0>, C4<0>;
L_000000000115dd70 .functor AND 1, L_000000000115dbb0, L_0000000001110400, C4<1>, C4<1>;
L_000000000115de50 .functor AND 1, L_000000000115dd70, L_0000000001111ee0, C4<1>, C4<1>;
L_000000000115e240 .functor OR 1, L_000000000115dec0, L_000000000115de50, C4<0>, C4<0>;
L_000000000115e470 .functor NOT 1, L_0000000001111120, C4<0>, C4<0>, C4<0>;
L_000000000115d9f0 .functor AND 1, L_0000000001110400, L_000000000115e470, C4<1>, C4<1>;
L_000000000115e8d0 .functor AND 1, L_000000000115d9f0, L_0000000001111ee0, C4<1>, C4<1>;
L_000000000115e2b0 .functor AND 1, L_0000000001111580, L_0000000001110400, C4<1>, C4<1>;
L_000000000115f0b0 .functor OR 1, L_000000000115e8d0, L_000000000115e2b0, C4<0>, C4<0>;
v0000000001097a40_0 .net *"_s0", 0 0, L_000000000115dd00;  1 drivers
v0000000001097900_0 .net *"_s10", 0 0, L_000000000115dbb0;  1 drivers
v0000000001098580_0 .net *"_s12", 0 0, L_000000000115dd70;  1 drivers
v0000000001098300_0 .net *"_s14", 0 0, L_000000000115de50;  1 drivers
v00000000010983a0_0 .net *"_s18", 0 0, L_000000000115e470;  1 drivers
v0000000001098440_0 .net *"_s2", 0 0, L_000000000115e9b0;  1 drivers
v00000000010974a0_0 .net *"_s20", 0 0, L_000000000115d9f0;  1 drivers
v0000000001098620_0 .net *"_s22", 0 0, L_000000000115e8d0;  1 drivers
v0000000001098a80_0 .net *"_s24", 0 0, L_000000000115e2b0;  1 drivers
v00000000010975e0_0 .net *"_s4", 0 0, L_000000000115e1d0;  1 drivers
v0000000001097f40_0 .net *"_s6", 0 0, L_000000000115e0f0;  1 drivers
v00000000010979a0_0 .net *"_s8", 0 0, L_000000000115dec0;  1 drivers
v0000000001097fe0_0 .net "a0", 0 0, L_0000000001111580;  1 drivers
v00000000010986c0_0 .net "a1", 0 0, L_0000000001111120;  1 drivers
v0000000001098800_0 .net "b0", 0 0, L_0000000001110400;  1 drivers
v0000000001098080_0 .net "b1", 0 0, L_0000000001111ee0;  1 drivers
v0000000001097ea0_0 .net "c0", 0 0, L_000000000115f0b0;  1 drivers
v0000000001097ae0_0 .net "c1", 0 0, L_000000000115e240;  1 drivers
S_0000000000fd2e10 .scope module, "A06_05" "star_operator" 4 13, 5 1 0, S_00000000001bbac0;
 .timescale 0 0;
    .port_info 0 /OUTPUT 1 "c1";
    .port_info 1 /OUTPUT 1 "c0";
    .port_info 2 /INPUT 1 "b1";
    .port_info 3 /INPUT 1 "b0";
    .port_info 4 /INPUT 1 "a1";
    .port_info 5 /INPUT 1 "a0";
L_000000000115dfa0 .functor AND 1, L_0000000001112200, L_0000000001111080, C4<1>, C4<1>;
L_000000000115da60 .functor AND 1, L_000000000115dfa0, L_00000000011119e0, C4<1>, C4<1>;
L_000000000115d7c0 .functor AND 1, L_0000000001112200, L_00000000011119e0, C4<1>, C4<1>;
L_000000000115f200 .functor AND 1, L_000000000115d7c0, L_00000000011100e0, C4<1>, C4<1>;
L_000000000115f270 .functor OR 1, L_000000000115da60, L_000000000115f200, C4<0>, C4<0>;
L_000000000115e4e0 .functor NOT 1, L_0000000001111080, C4<0>, C4<0>, C4<0>;
L_000000000115e320 .functor AND 1, L_000000000115e4e0, L_00000000011119e0, C4<1>, C4<1>;
L_000000000115e550 .functor AND 1, L_000000000115e320, L_00000000011100e0, C4<1>, C4<1>;
L_000000000115e5c0 .functor OR 1, L_000000000115f270, L_000000000115e550, C4<0>, C4<0>;
L_000000000115ea20 .functor NOT 1, L_0000000001111080, C4<0>, C4<0>, C4<0>;
L_000000000115ecc0 .functor AND 1, L_00000000011119e0, L_000000000115ea20, C4<1>, C4<1>;
L_000000000115e710 .functor AND 1, L_000000000115ecc0, L_00000000011100e0, C4<1>, C4<1>;
L_000000000115e860 .functor AND 1, L_0000000001112200, L_00000000011119e0, C4<1>, C4<1>;
L_000000000115e780 .functor OR 1, L_000000000115e710, L_000000000115e860, C4<0>, C4<0>;
v0000000001097b80_0 .net *"_s0", 0 0, L_000000000115dfa0;  1 drivers
v0000000001097c20_0 .net *"_s10", 0 0, L_000000000115e4e0;  1 drivers
v0000000001097cc0_0 .net *"_s12", 0 0, L_000000000115e320;  1 drivers
v0000000001097e00_0 .net *"_s14", 0 0, L_000000000115e550;  1 drivers
v00000000010988a0_0 .net *"_s18", 0 0, L_000000000115ea20;  1 drivers
v00000000010989e0_0 .net *"_s2", 0 0, L_000000000115da60;  1 drivers
v00000000010b5be0_0 .net *"_s20", 0 0, L_000000000115ecc0;  1 drivers
v00000000010b7a80_0 .net *"_s22", 0 0, L_000000000115e710;  1 drivers
v00000000010b5960_0 .net *"_s24", 0 0, L_000000000115e860;  1 drivers
v00000000010b6a40_0 .net *"_s4", 0 0, L_000000000115d7c0;  1 drivers
v00000000010b64a0_0 .net *"_s6", 0 0, L_000000000115f200;  1 drivers
v00000000010b7080_0 .net *"_s8", 0 0, L_000000000115f270;  1 drivers
v00000000010b6e00_0 .net "a0", 0 0, L_0000000001112200;  1 drivers
v00000000010b7da0_0 .net "a1", 0 0, L_0000000001111080;  1 drivers
v00000000010b67c0_0 .net "b0", 0 0, L_00000000011119e0;  1 drivers
v00000000010b78a0_0 .net "b1", 0 0, L_00000000011100e0;  1 drivers
v00000000010b7300_0 .net "c0", 0 0, L_000000000115e780;  1 drivers
v00000000010b6220_0 .net "c1", 0 0, L_000000000115e5c0;  1 drivers
S_0000000001103010 .scope module, "A07_06" "star_operator" 4 14, 5 1 0, S_00000000001bbac0;
 .timescale 0 0;
    .port_info 0 /OUTPUT 1 "c1";
    .port_info 1 /OUTPUT 1 "c0";
    .port_info 2 /INPUT 1 "b1";
    .port_info 3 /INPUT 1 "b0";
    .port_info 4 /INPUT 1 "a1";
    .port_info 5 /INPUT 1 "a0";
L_000000000115d750 .functor AND 1, L_0000000001112020, L_00000000011122a0, C4<1>, C4<1>;
L_000000000115e940 .functor AND 1, L_000000000115d750, L_0000000001110ae0, C4<1>, C4<1>;
L_000000000115ea90 .functor AND 1, L_0000000001112020, L_0000000001110ae0, C4<1>, C4<1>;
L_000000000115eb70 .functor AND 1, L_000000000115ea90, L_0000000001110220, C4<1>, C4<1>;
L_000000000115ed30 .functor OR 1, L_000000000115e940, L_000000000115eb70, C4<0>, C4<0>;
L_000000000115eb00 .functor NOT 1, L_00000000011122a0, C4<0>, C4<0>, C4<0>;
L_000000000115eef0 .functor AND 1, L_000000000115eb00, L_0000000001110ae0, C4<1>, C4<1>;
L_000000000115ef60 .functor AND 1, L_000000000115eef0, L_0000000001110220, C4<1>, C4<1>;
L_000000000115ec50 .functor OR 1, L_000000000115ed30, L_000000000115ef60, C4<0>, C4<0>;
L_000000000115efd0 .functor NOT 1, L_00000000011122a0, C4<0>, C4<0>, C4<0>;
L_000000000115f040 .functor AND 1, L_0000000001110ae0, L_000000000115efd0, C4<1>, C4<1>;
L_000000000115f2e0 .functor AND 1, L_000000000115f040, L_0000000001110220, C4<1>, C4<1>;
L_000000000115f3c0 .functor AND 1, L_0000000001112020, L_0000000001110ae0, C4<1>, C4<1>;
L_000000000115f4a0 .functor OR 1, L_000000000115f2e0, L_000000000115f3c0, C4<0>, C4<0>;
v00000000010b6cc0_0 .net *"_s0", 0 0, L_000000000115d750;  1 drivers
v00000000010b62c0_0 .net *"_s10", 0 0, L_000000000115eb00;  1 drivers
v00000000010b6ea0_0 .net *"_s12", 0 0, L_000000000115eef0;  1 drivers
v00000000010b6f40_0 .net *"_s14", 0 0, L_000000000115ef60;  1 drivers
v00000000010b7b20_0 .net *"_s18", 0 0, L_000000000115efd0;  1 drivers
v00000000010b6720_0 .net *"_s2", 0 0, L_000000000115e940;  1 drivers
v00000000010b5c80_0 .net *"_s20", 0 0, L_000000000115f040;  1 drivers
v00000000010b7ee0_0 .net *"_s22", 0 0, L_000000000115f2e0;  1 drivers
v00000000010b7620_0 .net *"_s24", 0 0, L_000000000115f3c0;  1 drivers
v00000000010b7580_0 .net *"_s4", 0 0, L_000000000115ea90;  1 drivers
v00000000010b6360_0 .net *"_s6", 0 0, L_000000000115eb70;  1 drivers
v00000000010b7f80_0 .net *"_s8", 0 0, L_000000000115ed30;  1 drivers
v00000000010b5dc0_0 .net "a0", 0 0, L_0000000001112020;  1 drivers
v00000000010b7e40_0 .net "a1", 0 0, L_00000000011122a0;  1 drivers
v00000000010b6fe0_0 .net "b0", 0 0, L_0000000001110ae0;  1 drivers
v00000000010b7c60_0 .net "b1", 0 0, L_0000000001110220;  1 drivers
v00000000010b6040_0 .net "c0", 0 0, L_000000000115f4a0;  1 drivers
v00000000010b6ae0_0 .net "c1", 0 0, L_000000000115ec50;  1 drivers
S_00000000011031a0 .scope module, "B02_00" "star_operator" 4 19, 5 1 0, S_00000000001bbac0;
 .timescale 0 0;
    .port_info 0 /OUTPUT 1 "c1";
    .port_info 1 /OUTPUT 1 "c0";
    .port_info 2 /INPUT 1 "b1";
    .port_info 3 /INPUT 1 "b0";
    .port_info 4 /INPUT 1 "a1";
    .port_info 5 /INPUT 1 "a0";
L_000000000115f430 .functor AND 1, L_0000000001111b20, L_000000000110fb40, C4<1>, C4<1>;
L_000000000115f510 .functor AND 1, L_000000000115f430, L_0000000001110ea0, C4<1>, C4<1>;
L_000000000115f5f0 .functor AND 1, L_0000000001111b20, L_0000000001110ea0, C4<1>, C4<1>;
L_000000000115f580 .functor AND 1, L_000000000115f5f0, L_0000000001110cc0, C4<1>, C4<1>;
L_000000000115f660 .functor OR 1, L_000000000115f510, L_000000000115f580, C4<0>, C4<0>;
L_000000000115f350 .functor NOT 1, L_000000000110fb40, C4<0>, C4<0>, C4<0>;
L_0000000001163160 .functor AND 1, L_000000000115f350, L_0000000001110ea0, C4<1>, C4<1>;
L_0000000001163010 .functor AND 1, L_0000000001163160, L_0000000001110cc0, C4<1>, C4<1>;
L_00000000011635c0 .functor OR 1, L_000000000115f660, L_0000000001163010, C4<0>, C4<0>;
L_00000000011630f0 .functor NOT 1, L_000000000110fb40, C4<0>, C4<0>, C4<0>;
L_0000000001161f00 .functor AND 1, L_0000000001110ea0, L_00000000011630f0, C4<1>, C4<1>;
L_00000000011621a0 .functor AND 1, L_0000000001161f00, L_0000000001110cc0, C4<1>, C4<1>;
L_0000000001161f70 .functor AND 1, L_0000000001111b20, L_0000000001110ea0, C4<1>, C4<1>;
L_00000000011631d0 .functor OR 1, L_00000000011621a0, L_0000000001161f70, C4<0>, C4<0>;
v00000000010b6540_0 .net *"_s0", 0 0, L_000000000115f430;  1 drivers
v00000000010b7120_0 .net *"_s10", 0 0, L_000000000115f350;  1 drivers
v00000000010b6400_0 .net *"_s12", 0 0, L_0000000001163160;  1 drivers
v00000000010b65e0_0 .net *"_s14", 0 0, L_0000000001163010;  1 drivers
v00000000010b5e60_0 .net *"_s18", 0 0, L_00000000011630f0;  1 drivers
v00000000010b5b40_0 .net *"_s2", 0 0, L_000000000115f510;  1 drivers
v00000000010b5f00_0 .net *"_s20", 0 0, L_0000000001161f00;  1 drivers
v00000000010b6900_0 .net *"_s22", 0 0, L_00000000011621a0;  1 drivers
v00000000010b71c0_0 .net *"_s24", 0 0, L_0000000001161f70;  1 drivers
v00000000010b7260_0 .net *"_s4", 0 0, L_000000000115f5f0;  1 drivers
v00000000010b7bc0_0 .net *"_s6", 0 0, L_000000000115f580;  1 drivers
v00000000010b5d20_0 .net *"_s8", 0 0, L_000000000115f660;  1 drivers
v00000000010b76c0_0 .net "a0", 0 0, L_0000000001111b20;  1 drivers
v00000000010b6860_0 .net "a1", 0 0, L_000000000110fb40;  1 drivers
v00000000010b8020_0 .net "b0", 0 0, L_0000000001110ea0;  1 drivers
v00000000010b69a0_0 .net "b1", 0 0, L_0000000001110cc0;  1 drivers
v00000000010b73a0_0 .net "c0", 0 0, L_00000000011631d0;  1 drivers
v00000000010b7760_0 .net "c1", 0 0, L_00000000011635c0;  1 drivers
S_0000000001103330 .scope module, "B03_01" "star_operator" 4 20, 5 1 0, S_00000000001bbac0;
 .timescale 0 0;
    .port_info 0 /OUTPUT 1 "c1";
    .port_info 1 /OUTPUT 1 "c0";
    .port_info 2 /INPUT 1 "b1";
    .port_info 3 /INPUT 1 "b0";
    .port_info 4 /INPUT 1 "a1";
    .port_info 5 /INPUT 1 "a0";
L_0000000001161d40 .functor AND 1, L_0000000001110fe0, L_0000000001110b80, C4<1>, C4<1>;
L_0000000001161fe0 .functor AND 1, L_0000000001161d40, L_0000000001110540, C4<1>, C4<1>;
L_00000000011623d0 .functor AND 1, L_0000000001110fe0, L_0000000001110540, C4<1>, C4<1>;
L_0000000001161cd0 .functor AND 1, L_00000000011623d0, L_00000000011102c0, C4<1>, C4<1>;
L_0000000001163240 .functor OR 1, L_0000000001161fe0, L_0000000001161cd0, C4<0>, C4<0>;
L_0000000001163320 .functor NOT 1, L_0000000001110b80, C4<0>, C4<0>, C4<0>;
L_0000000001163390 .functor AND 1, L_0000000001163320, L_0000000001110540, C4<1>, C4<1>;
L_0000000001162750 .functor AND 1, L_0000000001163390, L_00000000011102c0, C4<1>, C4<1>;
L_0000000001161db0 .functor OR 1, L_0000000001163240, L_0000000001162750, C4<0>, C4<0>;
L_0000000001162e50 .functor NOT 1, L_0000000001110b80, C4<0>, C4<0>, C4<0>;
L_0000000001162de0 .functor AND 1, L_0000000001110540, L_0000000001162e50, C4<1>, C4<1>;
L_0000000001162210 .functor AND 1, L_0000000001162de0, L_00000000011102c0, C4<1>, C4<1>;
L_0000000001163400 .functor AND 1, L_0000000001110fe0, L_0000000001110540, C4<1>, C4<1>;
L_00000000011636a0 .functor OR 1, L_0000000001162210, L_0000000001163400, C4<0>, C4<0>;
v00000000010b7440_0 .net *"_s0", 0 0, L_0000000001161d40;  1 drivers
v00000000010b60e0_0 .net *"_s10", 0 0, L_0000000001163320;  1 drivers
v00000000010b74e0_0 .net *"_s12", 0 0, L_0000000001163390;  1 drivers
v00000000010b6b80_0 .net *"_s14", 0 0, L_0000000001162750;  1 drivers
v00000000010b58c0_0 .net *"_s18", 0 0, L_0000000001162e50;  1 drivers
v00000000010b5a00_0 .net *"_s2", 0 0, L_0000000001161fe0;  1 drivers
v00000000010b5fa0_0 .net *"_s20", 0 0, L_0000000001162de0;  1 drivers
v00000000010b7d00_0 .net *"_s22", 0 0, L_0000000001162210;  1 drivers
v00000000010b7800_0 .net *"_s24", 0 0, L_0000000001163400;  1 drivers
v00000000010b79e0_0 .net *"_s4", 0 0, L_00000000011623d0;  1 drivers
v00000000010b7940_0 .net *"_s6", 0 0, L_0000000001161cd0;  1 drivers
v00000000010b5aa0_0 .net *"_s8", 0 0, L_0000000001163240;  1 drivers
v00000000010b6180_0 .net "a0", 0 0, L_0000000001110fe0;  1 drivers
v00000000010b6c20_0 .net "a1", 0 0, L_0000000001110b80;  1 drivers
v00000000010b6680_0 .net "b0", 0 0, L_0000000001110540;  1 drivers
v00000000010b6d60_0 .net "b1", 0 0, L_00000000011102c0;  1 drivers
v00000000010b8d40_0 .net "c0", 0 0, L_00000000011636a0;  1 drivers
v00000000010b8700_0 .net "c1", 0 0, L_0000000001161db0;  1 drivers
S_00000000011034c0 .scope module, "B04_02" "star_operator" 4 21, 5 1 0, S_00000000001bbac0;
 .timescale 0 0;
    .port_info 0 /OUTPUT 1 "c1";
    .port_info 1 /OUTPUT 1 "c0";
    .port_info 2 /INPUT 1 "b1";
    .port_info 3 /INPUT 1 "b0";
    .port_info 4 /INPUT 1 "a1";
    .port_info 5 /INPUT 1 "a0";
L_0000000001161c60 .functor AND 1, L_00000000011105e0, L_00000000011114e0, C4<1>, C4<1>;
L_0000000001163470 .functor AND 1, L_0000000001161c60, L_0000000001111300, C4<1>, C4<1>;
L_0000000001163080 .functor AND 1, L_00000000011105e0, L_0000000001111300, C4<1>, C4<1>;
L_0000000001161b80 .functor AND 1, L_0000000001163080, L_0000000001110360, C4<1>, C4<1>;
L_0000000001161e20 .functor OR 1, L_0000000001163470, L_0000000001161b80, C4<0>, C4<0>;
L_0000000001162590 .functor NOT 1, L_00000000011114e0, C4<0>, C4<0>, C4<0>;
L_0000000001162d70 .functor AND 1, L_0000000001162590, L_0000000001111300, C4<1>, C4<1>;
L_0000000001161bf0 .functor AND 1, L_0000000001162d70, L_0000000001110360, C4<1>, C4<1>;
L_00000000011632b0 .functor OR 1, L_0000000001161e20, L_0000000001161bf0, C4<0>, C4<0>;
L_0000000001161e90 .functor NOT 1, L_00000000011114e0, C4<0>, C4<0>, C4<0>;
L_00000000011634e0 .functor AND 1, L_0000000001111300, L_0000000001161e90, C4<1>, C4<1>;
L_0000000001163550 .functor AND 1, L_00000000011634e0, L_0000000001110360, C4<1>, C4<1>;
L_00000000011627c0 .functor AND 1, L_00000000011105e0, L_0000000001111300, C4<1>, C4<1>;
L_0000000001162360 .functor OR 1, L_0000000001163550, L_00000000011627c0, C4<0>, C4<0>;
v00000000010b8340_0 .net *"_s0", 0 0, L_0000000001161c60;  1 drivers
v00000000010b8de0_0 .net *"_s10", 0 0, L_0000000001162590;  1 drivers
v00000000010b9600_0 .net *"_s12", 0 0, L_0000000001162d70;  1 drivers
v00000000010b8c00_0 .net *"_s14", 0 0, L_0000000001161bf0;  1 drivers
v00000000010b92e0_0 .net *"_s18", 0 0, L_0000000001161e90;  1 drivers
v00000000010b88e0_0 .net *"_s2", 0 0, L_0000000001163470;  1 drivers
v00000000010b9740_0 .net *"_s20", 0 0, L_00000000011634e0;  1 drivers
v00000000010b91a0_0 .net *"_s22", 0 0, L_0000000001163550;  1 drivers
v00000000010b9240_0 .net *"_s24", 0 0, L_00000000011627c0;  1 drivers
v00000000010b8f20_0 .net *"_s4", 0 0, L_0000000001163080;  1 drivers
v00000000010b9380_0 .net *"_s6", 0 0, L_0000000001161b80;  1 drivers
v00000000010b96a0_0 .net *"_s8", 0 0, L_0000000001161e20;  1 drivers
v00000000010b85c0_0 .net "a0", 0 0, L_00000000011105e0;  1 drivers
v00000000010b9420_0 .net "a1", 0 0, L_00000000011114e0;  1 drivers
v00000000010b9560_0 .net "b0", 0 0, L_0000000001111300;  1 drivers
v00000000010b8520_0 .net "b1", 0 0, L_0000000001110360;  1 drivers
v00000000010b80c0_0 .net "c0", 0 0, L_0000000001162360;  1 drivers
v00000000010b87a0_0 .net "c1", 0 0, L_00000000011632b0;  1 drivers
S_0000000001103650 .scope module, "B05_03" "star_operator" 4 22, 5 1 0, S_00000000001bbac0;
 .timescale 0 0;
    .port_info 0 /OUTPUT 1 "c1";
    .port_info 1 /OUTPUT 1 "c0";
    .port_info 2 /INPUT 1 "b1";
    .port_info 3 /INPUT 1 "b0";
    .port_info 4 /INPUT 1 "a1";
    .port_info 5 /INPUT 1 "a0";
L_0000000001163630 .functor AND 1, L_0000000001111d00, L_0000000001111e40, C4<1>, C4<1>;
L_0000000001162600 .functor AND 1, L_0000000001163630, L_0000000001111260, C4<1>, C4<1>;
L_0000000001162f30 .functor AND 1, L_0000000001111d00, L_0000000001111260, C4<1>, C4<1>;
L_0000000001163710 .functor AND 1, L_0000000001162f30, L_000000000110ff00, C4<1>, C4<1>;
L_0000000001162050 .functor OR 1, L_0000000001162600, L_0000000001163710, C4<0>, C4<0>;
L_00000000011620c0 .functor NOT 1, L_0000000001111e40, C4<0>, C4<0>, C4<0>;
L_0000000001162130 .functor AND 1, L_00000000011620c0, L_0000000001111260, C4<1>, C4<1>;
L_0000000001162280 .functor AND 1, L_0000000001162130, L_000000000110ff00, C4<1>, C4<1>;
L_0000000001162440 .functor OR 1, L_0000000001162050, L_0000000001162280, C4<0>, C4<0>;
L_00000000011622f0 .functor NOT 1, L_0000000001111e40, C4<0>, C4<0>, C4<0>;
L_00000000011624b0 .functor AND 1, L_0000000001111260, L_00000000011622f0, C4<1>, C4<1>;
L_0000000001162670 .functor AND 1, L_00000000011624b0, L_000000000110ff00, C4<1>, C4<1>;
L_0000000001162520 .functor AND 1, L_0000000001111d00, L_0000000001111260, C4<1>, C4<1>;
L_0000000001162830 .functor OR 1, L_0000000001162670, L_0000000001162520, C4<0>, C4<0>;
v00000000010b8660_0 .net *"_s0", 0 0, L_0000000001163630;  1 drivers
v00000000010b8840_0 .net *"_s10", 0 0, L_00000000011620c0;  1 drivers
v00000000010b82a0_0 .net *"_s12", 0 0, L_0000000001162130;  1 drivers
v00000000010b8fc0_0 .net *"_s14", 0 0, L_0000000001162280;  1 drivers
v00000000010b8e80_0 .net *"_s18", 0 0, L_00000000011622f0;  1 drivers
v00000000010b83e0_0 .net *"_s2", 0 0, L_0000000001162600;  1 drivers
v00000000010b8980_0 .net *"_s20", 0 0, L_00000000011624b0;  1 drivers
v00000000010b94c0_0 .net *"_s22", 0 0, L_0000000001162670;  1 drivers
v00000000010b8160_0 .net *"_s24", 0 0, L_0000000001162520;  1 drivers
v00000000010b8200_0 .net *"_s4", 0 0, L_0000000001162f30;  1 drivers
v00000000010b8a20_0 .net *"_s6", 0 0, L_0000000001163710;  1 drivers
v00000000010b8480_0 .net *"_s8", 0 0, L_0000000001162050;  1 drivers
v00000000010b9060_0 .net "a0", 0 0, L_0000000001111d00;  1 drivers
v00000000010b8ac0_0 .net "a1", 0 0, L_0000000001111e40;  1 drivers
v00000000010b9100_0 .net "b0", 0 0, L_0000000001111260;  1 drivers
v00000000010b8b60_0 .net "b1", 0 0, L_000000000110ff00;  1 drivers
v00000000010b8ca0_0 .net "c0", 0 0, L_0000000001162830;  1 drivers
v0000000001107440_0 .net "c1", 0 0, L_0000000001162440;  1 drivers
S_00000000011077f0 .scope module, "B06_04" "star_operator" 4 23, 5 1 0, S_00000000001bbac0;
 .timescale 0 0;
    .port_info 0 /OUTPUT 1 "c1";
    .port_info 1 /OUTPUT 1 "c0";
    .port_info 2 /INPUT 1 "b1";
    .port_info 3 /INPUT 1 "b0";
    .port_info 4 /INPUT 1 "a1";
    .port_info 5 /INPUT 1 "a0";
L_0000000001162ec0 .functor AND 1, L_0000000001110860, L_00000000011107c0, C4<1>, C4<1>;
L_00000000011626e0 .functor AND 1, L_0000000001162ec0, L_0000000001110040, C4<1>, C4<1>;
L_00000000011628a0 .functor AND 1, L_0000000001110860, L_0000000001110040, C4<1>, C4<1>;
L_0000000001162910 .functor AND 1, L_00000000011628a0, L_0000000001110720, C4<1>, C4<1>;
L_0000000001162980 .functor OR 1, L_00000000011626e0, L_0000000001162910, C4<0>, C4<0>;
L_00000000011629f0 .functor NOT 1, L_00000000011107c0, C4<0>, C4<0>, C4<0>;
L_0000000001162d00 .functor AND 1, L_00000000011629f0, L_0000000001110040, C4<1>, C4<1>;
L_0000000001162a60 .functor AND 1, L_0000000001162d00, L_0000000001110720, C4<1>, C4<1>;
L_0000000001162ad0 .functor OR 1, L_0000000001162980, L_0000000001162a60, C4<0>, C4<0>;
L_0000000001162c20 .functor NOT 1, L_00000000011107c0, C4<0>, C4<0>, C4<0>;
L_0000000001162fa0 .functor AND 1, L_0000000001110040, L_0000000001162c20, C4<1>, C4<1>;
L_0000000001162b40 .functor AND 1, L_0000000001162fa0, L_0000000001110720, C4<1>, C4<1>;
L_0000000001162c90 .functor AND 1, L_0000000001110860, L_0000000001110040, C4<1>, C4<1>;
L_0000000001162bb0 .functor OR 1, L_0000000001162b40, L_0000000001162c90, C4<0>, C4<0>;
v0000000001106540_0 .net *"_s0", 0 0, L_0000000001162ec0;  1 drivers
v0000000001106400_0 .net *"_s10", 0 0, L_00000000011629f0;  1 drivers
v0000000001106860_0 .net *"_s12", 0 0, L_0000000001162d00;  1 drivers
v00000000011060e0_0 .net *"_s14", 0 0, L_0000000001162a60;  1 drivers
v0000000001106f40_0 .net *"_s18", 0 0, L_0000000001162c20;  1 drivers
v0000000001107580_0 .net *"_s2", 0 0, L_00000000011626e0;  1 drivers
v0000000001106e00_0 .net *"_s20", 0 0, L_0000000001162fa0;  1 drivers
v0000000001107620_0 .net *"_s22", 0 0, L_0000000001162b40;  1 drivers
v0000000001107120_0 .net *"_s24", 0 0, L_0000000001162c90;  1 drivers
v0000000001107260_0 .net *"_s4", 0 0, L_00000000011628a0;  1 drivers
v0000000001106fe0_0 .net *"_s6", 0 0, L_0000000001162910;  1 drivers
v0000000001106360_0 .net *"_s8", 0 0, L_0000000001162980;  1 drivers
v0000000001106220_0 .net "a0", 0 0, L_0000000001110860;  1 drivers
v00000000011064a0_0 .net "a1", 0 0, L_00000000011107c0;  1 drivers
v00000000011071c0_0 .net "b0", 0 0, L_0000000001110040;  1 drivers
v00000000011067c0_0 .net "b1", 0 0, L_0000000001110720;  1 drivers
v0000000001106ea0_0 .net "c0", 0 0, L_0000000001162bb0;  1 drivers
v0000000001107300_0 .net "c1", 0 0, L_0000000001162ad0;  1 drivers
S_0000000001107980 .scope module, "B07_05" "star_operator" 4 24, 5 1 0, S_00000000001bbac0;
 .timescale 0 0;
    .port_info 0 /OUTPUT 1 "c1";
    .port_info 1 /OUTPUT 1 "c0";
    .port_info 2 /INPUT 1 "b1";
    .port_info 3 /INPUT 1 "b0";
    .port_info 4 /INPUT 1 "a1";
    .port_info 5 /INPUT 1 "a0";
L_0000000001163780 .functor AND 1, L_0000000001112160, L_000000000110fbe0, C4<1>, C4<1>;
L_00000000011637f0 .functor AND 1, L_0000000001163780, L_0000000001110900, C4<1>, C4<1>;
L_0000000001163860 .functor AND 1, L_0000000001112160, L_0000000001110900, C4<1>, C4<1>;
L_00000000011638d0 .functor AND 1, L_0000000001163860, L_00000000011116c0, C4<1>, C4<1>;
L_0000000001163a90 .functor OR 1, L_00000000011637f0, L_00000000011638d0, C4<0>, C4<0>;
L_0000000001163940 .functor NOT 1, L_000000000110fbe0, C4<0>, C4<0>, C4<0>;
L_00000000011639b0 .functor AND 1, L_0000000001163940, L_0000000001110900, C4<1>, C4<1>;
L_0000000001163a20 .functor AND 1, L_00000000011639b0, L_00000000011116c0, C4<1>, C4<1>;
L_0000000001168680 .functor OR 1, L_0000000001163a90, L_0000000001163a20, C4<0>, C4<0>;
L_0000000001168a00 .functor NOT 1, L_000000000110fbe0, C4<0>, C4<0>, C4<0>;
L_0000000001169b10 .functor AND 1, L_0000000001110900, L_0000000001168a00, C4<1>, C4<1>;
L_0000000001168300 .functor AND 1, L_0000000001169b10, L_00000000011116c0, C4<1>, C4<1>;
L_00000000011687d0 .functor AND 1, L_0000000001112160, L_0000000001110900, C4<1>, C4<1>;
L_0000000001168920 .functor OR 1, L_0000000001168300, L_00000000011687d0, C4<0>, C4<0>;
v00000000011065e0_0 .net *"_s0", 0 0, L_0000000001163780;  1 drivers
v0000000001106720_0 .net *"_s10", 0 0, L_0000000001163940;  1 drivers
v00000000011073a0_0 .net *"_s12", 0 0, L_00000000011639b0;  1 drivers
v0000000001106180_0 .net *"_s14", 0 0, L_0000000001163a20;  1 drivers
v00000000011069a0_0 .net *"_s18", 0 0, L_0000000001168a00;  1 drivers
v0000000001106680_0 .net *"_s2", 0 0, L_00000000011637f0;  1 drivers
v00000000011074e0_0 .net *"_s20", 0 0, L_0000000001169b10;  1 drivers
v00000000011062c0_0 .net *"_s22", 0 0, L_0000000001168300;  1 drivers
v0000000001107080_0 .net *"_s24", 0 0, L_00000000011687d0;  1 drivers
v0000000001106d60_0 .net *"_s4", 0 0, L_0000000001163860;  1 drivers
v00000000011076c0_0 .net *"_s6", 0 0, L_00000000011638d0;  1 drivers
v0000000001106040_0 .net *"_s8", 0 0, L_0000000001163a90;  1 drivers
v0000000001106ae0_0 .net "a0", 0 0, L_0000000001112160;  1 drivers
v0000000001106a40_0 .net "a1", 0 0, L_000000000110fbe0;  1 drivers
v0000000001106900_0 .net "b0", 0 0, L_0000000001110900;  1 drivers
v0000000001106b80_0 .net "b1", 0 0, L_00000000011116c0;  1 drivers
v0000000001106c20_0 .net "c0", 0 0, L_0000000001168920;  1 drivers
v0000000001106cc0_0 .net "c1", 0 0, L_0000000001168680;  1 drivers
S_0000000001107b10 .scope module, "Y04_00" "star_operator" 4 32, 5 1 0, S_00000000001bbac0;
 .timescale 0 0;
    .port_info 0 /OUTPUT 1 "c1";
    .port_info 1 /OUTPUT 1 "c0";
    .port_info 2 /INPUT 1 "b1";
    .port_info 3 /INPUT 1 "b0";
    .port_info 4 /INPUT 1 "a1";
    .port_info 5 /INPUT 1 "a0";
L_0000000001169790 .functor AND 1, L_0000000001112840, L_00000000011131a0, C4<1>, C4<1>;
L_00000000011686f0 .functor AND 1, L_0000000001169790, L_0000000001111da0, C4<1>, C4<1>;
L_0000000001169480 .functor AND 1, L_0000000001112840, L_0000000001111da0, C4<1>, C4<1>;
L_00000000011683e0 .functor AND 1, L_0000000001169480, L_0000000001111c60, C4<1>, C4<1>;
L_00000000011691e0 .functor OR 1, L_00000000011686f0, L_00000000011683e0, C4<0>, C4<0>;
L_00000000011688b0 .functor NOT 1, L_00000000011131a0, C4<0>, C4<0>, C4<0>;
L_00000000011693a0 .functor AND 1, L_00000000011688b0, L_0000000001111da0, C4<1>, C4<1>;
L_0000000001169aa0 .functor AND 1, L_00000000011693a0, L_0000000001111c60, C4<1>, C4<1>;
L_0000000001168450 .functor OR 1, L_00000000011691e0, L_0000000001169aa0, C4<0>, C4<0>;
L_0000000001169410 .functor NOT 1, L_00000000011131a0, C4<0>, C4<0>, C4<0>;
L_0000000001168760 .functor AND 1, L_0000000001111da0, L_0000000001169410, C4<1>, C4<1>;
L_00000000011694f0 .functor AND 1, L_0000000001168760, L_0000000001111c60, C4<1>, C4<1>;
L_0000000001168f40 .functor AND 1, L_0000000001112840, L_0000000001111da0, C4<1>, C4<1>;
L_00000000011695d0 .functor OR 1, L_00000000011694f0, L_0000000001168f40, C4<0>, C4<0>;
v0000000001105500_0 .net *"_s0", 0 0, L_0000000001169790;  1 drivers
v0000000001103ca0_0 .net *"_s10", 0 0, L_00000000011688b0;  1 drivers
v0000000001104740_0 .net *"_s12", 0 0, L_00000000011693a0;  1 drivers
v0000000001104d80_0 .net *"_s14", 0 0, L_0000000001169aa0;  1 drivers
v00000000011044c0_0 .net *"_s18", 0 0, L_0000000001169410;  1 drivers
v0000000001105000_0 .net *"_s2", 0 0, L_00000000011686f0;  1 drivers
v00000000011042e0_0 .net *"_s20", 0 0, L_0000000001168760;  1 drivers
v0000000001103de0_0 .net *"_s22", 0 0, L_00000000011694f0;  1 drivers
v0000000001105aa0_0 .net *"_s24", 0 0, L_0000000001168f40;  1 drivers
v0000000001105f00_0 .net *"_s4", 0 0, L_0000000001169480;  1 drivers
v0000000001104c40_0 .net *"_s6", 0 0, L_00000000011683e0;  1 drivers
v0000000001105fa0_0 .net *"_s8", 0 0, L_00000000011691e0;  1 drivers
v0000000001104380_0 .net "a0", 0 0, L_0000000001112840;  1 drivers
v0000000001104e20_0 .net "a1", 0 0, L_00000000011131a0;  1 drivers
v0000000001103b60_0 .net "b0", 0 0, L_0000000001111da0;  1 drivers
v0000000001104ec0_0 .net "b1", 0 0, L_0000000001111c60;  1 drivers
v0000000001105d20_0 .net "c0", 0 0, L_00000000011695d0;  1 drivers
v0000000001105280_0 .net "c1", 0 0, L_0000000001168450;  1 drivers
S_0000000001108970 .scope module, "Y05_01" "star_operator" 4 33, 5 1 0, S_00000000001bbac0;
 .timescale 0 0;
    .port_info 0 /OUTPUT 1 "c1";
    .port_info 1 /OUTPUT 1 "c0";
    .port_info 2 /INPUT 1 "b1";
    .port_info 3 /INPUT 1 "b0";
    .port_info 4 /INPUT 1 "a1";
    .port_info 5 /INPUT 1 "a0";
L_0000000001168370 .functor AND 1, L_00000000011128e0, L_0000000001113c40, C4<1>, C4<1>;
L_0000000001168840 .functor AND 1, L_0000000001168370, L_0000000001113b00, C4<1>, C4<1>;
L_0000000001169870 .functor AND 1, L_00000000011128e0, L_0000000001113b00, C4<1>, C4<1>;
L_00000000011692c0 .functor AND 1, L_0000000001169870, L_0000000001112a20, C4<1>, C4<1>;
L_0000000001168c30 .functor OR 1, L_0000000001168840, L_00000000011692c0, C4<0>, C4<0>;
L_0000000001169800 .functor NOT 1, L_0000000001113c40, C4<0>, C4<0>, C4<0>;
L_0000000001168bc0 .functor AND 1, L_0000000001169800, L_0000000001113b00, C4<1>, C4<1>;
L_00000000011698e0 .functor AND 1, L_0000000001168bc0, L_0000000001112a20, C4<1>, C4<1>;
L_0000000001168990 .functor OR 1, L_0000000001168c30, L_00000000011698e0, C4<0>, C4<0>;
L_0000000001168a70 .functor NOT 1, L_0000000001113c40, C4<0>, C4<0>, C4<0>;
L_0000000001168b50 .functor AND 1, L_0000000001113b00, L_0000000001168a70, C4<1>, C4<1>;
L_0000000001168ed0 .functor AND 1, L_0000000001168b50, L_0000000001112a20, C4<1>, C4<1>;
L_0000000001169950 .functor AND 1, L_00000000011128e0, L_0000000001113b00, C4<1>, C4<1>;
L_0000000001169020 .functor OR 1, L_0000000001168ed0, L_0000000001169950, C4<0>, C4<0>;
v0000000001103d40_0 .net *"_s0", 0 0, L_0000000001168370;  1 drivers
v0000000001104420_0 .net *"_s10", 0 0, L_0000000001169800;  1 drivers
v0000000001103a20_0 .net *"_s12", 0 0, L_0000000001168bc0;  1 drivers
v0000000001105dc0_0 .net *"_s14", 0 0, L_00000000011698e0;  1 drivers
v0000000001103e80_0 .net *"_s18", 0 0, L_0000000001168a70;  1 drivers
v0000000001104560_0 .net *"_s2", 0 0, L_0000000001168840;  1 drivers
v0000000001105140_0 .net *"_s20", 0 0, L_0000000001168b50;  1 drivers
v00000000011050a0_0 .net *"_s22", 0 0, L_0000000001168ed0;  1 drivers
v0000000001104f60_0 .net *"_s24", 0 0, L_0000000001169950;  1 drivers
v00000000011049c0_0 .net *"_s4", 0 0, L_0000000001169870;  1 drivers
v0000000001104600_0 .net *"_s6", 0 0, L_00000000011692c0;  1 drivers
v00000000011051e0_0 .net *"_s8", 0 0, L_0000000001168c30;  1 drivers
v0000000001103840_0 .net "a0", 0 0, L_00000000011128e0;  1 drivers
v0000000001105c80_0 .net "a1", 0 0, L_0000000001113c40;  1 drivers
v0000000001103ac0_0 .net "b0", 0 0, L_0000000001113b00;  1 drivers
v00000000011038e0_0 .net "b1", 0 0, L_0000000001112a20;  1 drivers
v0000000001105320_0 .net "c0", 0 0, L_0000000001169020;  1 drivers
v0000000001103f20_0 .net "c1", 0 0, L_0000000001168990;  1 drivers
S_0000000001107cf0 .scope module, "Y06_02" "star_operator" 4 34, 5 1 0, S_00000000001bbac0;
 .timescale 0 0;
    .port_info 0 /OUTPUT 1 "c1";
    .port_info 1 /OUTPUT 1 "c0";
    .port_info 2 /INPUT 1 "b1";
    .port_info 3 /INPUT 1 "b0";
    .port_info 4 /INPUT 1 "a1";
    .port_info 5 /INPUT 1 "a0";
L_0000000001169720 .functor AND 1, L_0000000001113ce0, L_0000000001114820, C4<1>, C4<1>;
L_0000000001169db0 .functor AND 1, L_0000000001169720, L_0000000001114640, C4<1>, C4<1>;
L_0000000001169640 .functor AND 1, L_0000000001113ce0, L_0000000001114640, C4<1>, C4<1>;
L_00000000011699c0 .functor AND 1, L_0000000001169640, L_0000000001112ac0, C4<1>, C4<1>;
L_00000000011684c0 .functor OR 1, L_0000000001169db0, L_00000000011699c0, C4<0>, C4<0>;
L_0000000001168ae0 .functor NOT 1, L_0000000001114820, C4<0>, C4<0>, C4<0>;
L_0000000001169330 .functor AND 1, L_0000000001168ae0, L_0000000001114640, C4<1>, C4<1>;
L_0000000001169a30 .functor AND 1, L_0000000001169330, L_0000000001112ac0, C4<1>, C4<1>;
L_0000000001168ca0 .functor OR 1, L_00000000011684c0, L_0000000001169a30, C4<0>, C4<0>;
L_0000000001168530 .functor NOT 1, L_0000000001114820, C4<0>, C4<0>, C4<0>;
L_0000000001168d10 .functor AND 1, L_0000000001114640, L_0000000001168530, C4<1>, C4<1>;
L_0000000001168d80 .functor AND 1, L_0000000001168d10, L_0000000001112ac0, C4<1>, C4<1>;
L_0000000001169e20 .functor AND 1, L_0000000001113ce0, L_0000000001114640, C4<1>, C4<1>;
L_0000000001168e60 .functor OR 1, L_0000000001168d80, L_0000000001169e20, C4<0>, C4<0>;
v0000000001104b00_0 .net *"_s0", 0 0, L_0000000001169720;  1 drivers
v00000000011053c0_0 .net *"_s10", 0 0, L_0000000001168ae0;  1 drivers
v0000000001103980_0 .net *"_s12", 0 0, L_0000000001169330;  1 drivers
v0000000001103fc0_0 .net *"_s14", 0 0, L_0000000001169a30;  1 drivers
v0000000001105460_0 .net *"_s18", 0 0, L_0000000001168530;  1 drivers
v0000000001104920_0 .net *"_s2", 0 0, L_0000000001169db0;  1 drivers
v00000000011055a0_0 .net *"_s20", 0 0, L_0000000001168d10;  1 drivers
v0000000001103c00_0 .net *"_s22", 0 0, L_0000000001168d80;  1 drivers
v0000000001105640_0 .net *"_s24", 0 0, L_0000000001169e20;  1 drivers
v0000000001104a60_0 .net *"_s4", 0 0, L_0000000001169640;  1 drivers
v0000000001104060_0 .net *"_s6", 0 0, L_00000000011699c0;  1 drivers
v00000000011046a0_0 .net *"_s8", 0 0, L_00000000011684c0;  1 drivers
v0000000001105780_0 .net "a0", 0 0, L_0000000001113ce0;  1 drivers
v0000000001104100_0 .net "a1", 0 0, L_0000000001114820;  1 drivers
v00000000011041a0_0 .net "b0", 0 0, L_0000000001114640;  1 drivers
v00000000011056e0_0 .net "b1", 0 0, L_0000000001112ac0;  1 drivers
v00000000011047e0_0 .net "c0", 0 0, L_0000000001168e60;  1 drivers
v0000000001104240_0 .net "c1", 0 0, L_0000000001168ca0;  1 drivers
S_00000000011087e0 .scope module, "Y07_03" "star_operator" 4 35, 5 1 0, S_00000000001bbac0;
 .timescale 0 0;
    .port_info 0 /OUTPUT 1 "c1";
    .port_info 1 /OUTPUT 1 "c0";
    .port_info 2 /INPUT 1 "b1";
    .port_info 3 /INPUT 1 "b0";
    .port_info 4 /INPUT 1 "a1";
    .port_info 5 /INPUT 1 "a0";
L_0000000001168df0 .functor AND 1, L_0000000001113240, L_0000000001113a60, C4<1>, C4<1>;
L_0000000001169d40 .functor AND 1, L_0000000001168df0, L_0000000001112de0, C4<1>, C4<1>;
L_00000000011685a0 .functor AND 1, L_0000000001113240, L_0000000001112de0, C4<1>, C4<1>;
L_0000000001168290 .functor AND 1, L_00000000011685a0, L_0000000001112e80, C4<1>, C4<1>;
L_0000000001169cd0 .functor OR 1, L_0000000001169d40, L_0000000001168290, C4<0>, C4<0>;
L_0000000001168fb0 .functor NOT 1, L_0000000001113a60, C4<0>, C4<0>, C4<0>;
L_0000000001169b80 .functor AND 1, L_0000000001168fb0, L_0000000001112de0, C4<1>, C4<1>;
L_0000000001169170 .functor AND 1, L_0000000001169b80, L_0000000001112e80, C4<1>, C4<1>;
L_0000000001168610 .functor OR 1, L_0000000001169cd0, L_0000000001169170, C4<0>, C4<0>;
L_0000000001169250 .functor NOT 1, L_0000000001113a60, C4<0>, C4<0>, C4<0>;
L_0000000001169560 .functor AND 1, L_0000000001112de0, L_0000000001169250, C4<1>, C4<1>;
L_0000000001169bf0 .functor AND 1, L_0000000001169560, L_0000000001112e80, C4<1>, C4<1>;
L_00000000011696b0 .functor AND 1, L_0000000001113240, L_0000000001112de0, C4<1>, C4<1>;
L_0000000001169c60 .functor OR 1, L_0000000001169bf0, L_00000000011696b0, C4<0>, C4<0>;
v0000000001105820_0 .net *"_s0", 0 0, L_0000000001168df0;  1 drivers
v0000000001104880_0 .net *"_s10", 0 0, L_0000000001168fb0;  1 drivers
v0000000001104ba0_0 .net *"_s12", 0 0, L_0000000001169b80;  1 drivers
v00000000011058c0_0 .net *"_s14", 0 0, L_0000000001169170;  1 drivers
v0000000001105960_0 .net *"_s18", 0 0, L_0000000001169250;  1 drivers
v0000000001104ce0_0 .net *"_s2", 0 0, L_0000000001169d40;  1 drivers
v0000000001105a00_0 .net *"_s20", 0 0, L_0000000001169560;  1 drivers
v0000000001105b40_0 .net *"_s22", 0 0, L_0000000001169bf0;  1 drivers
v0000000001105be0_0 .net *"_s24", 0 0, L_00000000011696b0;  1 drivers
v0000000001105e60_0 .net *"_s4", 0 0, L_00000000011685a0;  1 drivers
v000000000110a6b0_0 .net *"_s6", 0 0, L_0000000001168290;  1 drivers
v0000000001108d10_0 .net *"_s8", 0 0, L_0000000001169cd0;  1 drivers
v0000000001109c10_0 .net "a0", 0 0, L_0000000001113240;  1 drivers
v000000000110a7f0_0 .net "a1", 0 0, L_0000000001113a60;  1 drivers
v0000000001109990_0 .net "b0", 0 0, L_0000000001112de0;  1 drivers
v000000000110a750_0 .net "b1", 0 0, L_0000000001112e80;  1 drivers
v000000000110a4d0_0 .net "c0", 0 0, L_0000000001169c60;  1 drivers
v00000000011097b0_0 .net "c1", 0 0, L_0000000001168610;  1 drivers
    .scope S_000000000109cdb0;
T_0 ;
    %pushi/vec4 85, 0, 9;
    %store/vec4 v000000000110f820_0, 0, 9;
    %pushi/vec4 51, 0, 9;
    %store/vec4 v000000000110ea60_0, 0, 9;
    %delay 1, 0;
    %pushi/vec4 255, 0, 9;
    %store/vec4 v000000000110f820_0, 0, 9;
    %pushi/vec4 255, 0, 9;
    %store/vec4 v000000000110ea60_0, 0, 9;
    %delay 1, 0;
    %pushi/vec4 138, 0, 9;
    %store/vec4 v000000000110f820_0, 0, 9;
    %pushi/vec4 0, 0, 9;
    %store/vec4 v000000000110ea60_0, 0, 9;
    %end;
    .thread T_0;
    .scope S_000000000109cdb0;
T_1 ;
    %vpi_call 2 13 "$monitor", "A = %d; B = %d; Sum = %d", v000000000110f820_0, v000000000110ea60_0, v000000000110da20_0 {0 0 0};
    %end;
    .thread T_1;
# The file index is used to find the file name in the following table.
:file_names 6;
    "N/A";
    "<interactive>";
    "Fast_Adder_tb.v";
    "./Fast_Adder.v";
    "./Parallel_Prefix_Circuit.v";
    "./star_operator.v";
