#! /usr/local/iverilog/bin/vvp
:ivl_version "11.0 (devel)" "(s20150603-642-g3bdb50da)";
:ivl_delay_selection "TYPICAL";
:vpi_time_precision + 0;
:vpi_module "system";
:vpi_module "vhdl_sys";
:vpi_module "vhdl_textio";
:vpi_module "v2005_math";
:vpi_module "va_math";
S_00000000001cd270 .scope module, "Ripple_Counter_tb" "Ripple_Counter_tb" 2 2;
 .timescale 0 0;
v0000000000873390_0 .var "CLK", 0 0;
v0000000000873ed0_0 .net "Q", 3 0, L_00000000008c23d0;  1 drivers
v0000000000873890_0 .var "RESET", 0 0;
v0000000000873430_0 .var "T", 0 0;
S_00000000008753e0 .scope module, "I0" "Ripple_Counter" 2 5, 3 2 0, S_00000000001cd270;
 .timescale 0 0;
    .port_info 0 /OUTPUT 4 "Q";
    .port_info 1 /INPUT 1 "T";
    .port_info 2 /INPUT 1 "CLK";
    .port_info 3 /INPUT 1 "reset";
v0000000000873c50_0 .net "CLK", 0 0, v0000000000873390_0;  1 drivers
v00000000008732f0_0 .net "Q", 3 0, L_00000000008c23d0;  alias, 1 drivers
v0000000000873cf0_0 .net "T", 0 0, v0000000000873430_0;  1 drivers
v0000000000873d90_0 .net "reset", 0 0, v0000000000873890_0;  1 drivers
L_0000000000873930 .part L_00000000008c23d0, 0, 1;
L_0000000000873f70 .part L_00000000008c23d0, 1, 1;
L_00000000008c23d0 .concat8 [ 1 1 1 1], v00000000001cb700_0, v00000000008736b0_0, v0000000000873110_0, v00000000008731b0_0;
L_00000000008c1930 .part L_00000000008c23d0, 2, 1;
S_0000000000875570 .scope module, "I0" "T_Flip_Flop" 3 3, 4 1 0, S_00000000008753e0;
 .timescale 0 0;
    .port_info 0 /OUTPUT 1 "Q";
    .port_info 1 /INPUT 1 "T";
    .port_info 2 /INPUT 1 "clk";
    .port_info 3 /INPUT 1 "reset";
v00000000001cb700_0 .var "Q", 0 0;
v00000000008739d0_0 .net "T", 0 0, v0000000000873430_0;  alias, 1 drivers
v0000000000873610_0 .net "clk", 0 0, v0000000000873390_0;  alias, 1 drivers
v0000000000873570_0 .net "reset", 0 0, v0000000000873890_0;  alias, 1 drivers
E_00000000001c9560 .event posedge, v0000000000873610_0;
S_000000000086a6c0 .scope module, "I1" "T_Flip_Flop" 3 4, 4 1 0, S_00000000008753e0;
 .timescale 0 0;
    .port_info 0 /OUTPUT 1 "Q";
    .port_info 1 /INPUT 1 "T";
    .port_info 2 /INPUT 1 "clk";
    .port_info 3 /INPUT 1 "reset";
v00000000008736b0_0 .var "Q", 0 0;
v0000000000873a70_0 .net "T", 0 0, v0000000000873430_0;  alias, 1 drivers
v0000000000873b10_0 .net "clk", 0 0, L_0000000000873930;  1 drivers
v0000000000873e30_0 .net "reset", 0 0, v0000000000873890_0;  alias, 1 drivers
E_00000000001c9d60 .event posedge, v0000000000873b10_0;
S_000000000086a850 .scope module, "I2" "T_Flip_Flop" 3 5, 4 1 0, S_00000000008753e0;
 .timescale 0 0;
    .port_info 0 /OUTPUT 1 "Q";
    .port_info 1 /INPUT 1 "T";
    .port_info 2 /INPUT 1 "clk";
    .port_info 3 /INPUT 1 "reset";
v0000000000873110_0 .var "Q", 0 0;
v0000000000873bb0_0 .net "T", 0 0, v0000000000873430_0;  alias, 1 drivers
v0000000000873250_0 .net "clk", 0 0, L_0000000000873f70;  1 drivers
v00000000008734d0_0 .net "reset", 0 0, v0000000000873890_0;  alias, 1 drivers
E_00000000001c9e20 .event posedge, v0000000000873250_0;
S_000000000086a9e0 .scope module, "I3" "T_Flip_Flop" 3 6, 4 1 0, S_00000000008753e0;
 .timescale 0 0;
    .port_info 0 /OUTPUT 1 "Q";
    .port_info 1 /INPUT 1 "T";
    .port_info 2 /INPUT 1 "clk";
    .port_info 3 /INPUT 1 "reset";
v00000000008731b0_0 .var "Q", 0 0;
v0000000000873750_0 .net "T", 0 0, v0000000000873430_0;  alias, 1 drivers
v00000000008737f0_0 .net "clk", 0 0, L_00000000008c1930;  1 drivers
v0000000000874010_0 .net "reset", 0 0, v0000000000873890_0;  alias, 1 drivers
E_00000000001c9620 .event posedge, v00000000008737f0_0;
    .scope S_0000000000875570;
T_0 ;
    %wait E_00000000001c9560;
    %load/vec4 v0000000000873570_0;
    %cmpi/e 1, 0, 1;
    %jmp/0xz  T_0.0, 4;
    %pushi/vec4 1, 0, 1;
    %assign/vec4 v00000000001cb700_0, 0;
    %jmp T_0.1;
T_0.0 ;
    %load/vec4 v00000000008739d0_0;
    %load/vec4 v00000000001cb700_0;
    %xor;
    %assign/vec4 v00000000001cb700_0, 0;
T_0.1 ;
    %jmp T_0;
    .thread T_0;
    .scope S_000000000086a6c0;
T_1 ;
    %wait E_00000000001c9d60;
    %load/vec4 v0000000000873e30_0;
    %cmpi/e 1, 0, 1;
    %jmp/0xz  T_1.0, 4;
    %pushi/vec4 1, 0, 1;
    %assign/vec4 v00000000008736b0_0, 0;
    %jmp T_1.1;
T_1.0 ;
    %load/vec4 v0000000000873a70_0;
    %load/vec4 v00000000008736b0_0;
    %xor;
    %assign/vec4 v00000000008736b0_0, 0;
T_1.1 ;
    %jmp T_1;
    .thread T_1;
    .scope S_000000000086a850;
T_2 ;
    %wait E_00000000001c9e20;
    %load/vec4 v00000000008734d0_0;
    %cmpi/e 1, 0, 1;
    %jmp/0xz  T_2.0, 4;
    %pushi/vec4 1, 0, 1;
    %assign/vec4 v0000000000873110_0, 0;
    %jmp T_2.1;
T_2.0 ;
    %load/vec4 v0000000000873bb0_0;
    %load/vec4 v0000000000873110_0;
    %xor;
    %assign/vec4 v0000000000873110_0, 0;
T_2.1 ;
    %jmp T_2;
    .thread T_2;
    .scope S_000000000086a9e0;
T_3 ;
    %wait E_00000000001c9620;
    %load/vec4 v0000000000874010_0;
    %cmpi/e 1, 0, 1;
    %jmp/0xz  T_3.0, 4;
    %pushi/vec4 1, 0, 1;
    %assign/vec4 v00000000008731b0_0, 0;
    %jmp T_3.1;
T_3.0 ;
    %load/vec4 v0000000000873750_0;
    %load/vec4 v00000000008731b0_0;
    %xor;
    %assign/vec4 v00000000008731b0_0, 0;
T_3.1 ;
    %jmp T_3;
    .thread T_3;
    .scope S_00000000001cd270;
T_4 ;
    %pushi/vec4 1, 0, 1;
    %store/vec4 v0000000000873890_0, 0, 1;
    %pushi/vec4 1, 0, 1;
    %store/vec4 v0000000000873390_0, 0, 1;
    %pushi/vec4 1, 0, 1;
    %store/vec4 v0000000000873430_0, 0, 1;
    %delay 1, 0;
    %pushi/vec4 0, 0, 1;
    %store/vec4 v0000000000873890_0, 0, 1;
    %end;
    .thread T_4;
    .scope S_00000000001cd270;
T_5 ;
    %delay 1, 0;
    %load/vec4 v0000000000873390_0;
    %inv;
    %store/vec4 v0000000000873390_0, 0, 1;
    %jmp T_5;
    .thread T_5;
    .scope S_00000000001cd270;
T_6 ;
    %delay 20, 0;
    %vpi_call 2 17 "$finish" {0 0 0};
    %jmp T_6;
    .thread T_6;
    .scope S_00000000001cd270;
T_7 ;
    %vpi_call 2 20 "$monitor", "%0t Q3 = %b,Q2 = %b, Q1 = %b, Q0 = %b", $time, &PV<v0000000000873ed0_0, 3, 1>, &PV<v0000000000873ed0_0, 2, 1>, &PV<v0000000000873ed0_0, 1, 1>, &PV<v0000000000873ed0_0, 0, 1> {0 0 0};
    %end;
    .thread T_7;
# The file index is used to find the file name in the following table.
:file_names 5;
    "N/A";
    "<interactive>";
    "Ripple_Counter_tb.v";
    "./Ripple_Counter.v";
    "./T_Flip_Flop.v";
