#! /usr/local/iverilog/bin/vvp
:ivl_version "11.0 (devel)" "(s20150603-642-g3bdb50da)";
:ivl_delay_selection "TYPICAL";
:vpi_time_precision + 0;
:vpi_module "system";
:vpi_module "vhdl_sys";
:vpi_module "vhdl_textio";
:vpi_module "v2005_math";
:vpi_module "va_math";
S_00000000010e3f40 .scope module, "Ripple_Counter_tb" "Ripple_Counter_tb" 2 2;
 .timescale 0 0;
v000000000113dbd0_0 .var "J", 0 0;
v000000000113e7b0_0 .var "K", 0 0;
v000000000113de50_0 .net "Q", 3 0, L_000000000113caf0;  1 drivers
v000000000113e350_0 .var "clock", 0 0;
S_00000000010e3710 .scope module, "I0" "Ripple_Counter" 2 5, 3 2 0, S_00000000010e3f40;
 .timescale 0 0;
    .port_info 0 /OUTPUT 4 "Q";
    .port_info 1 /INPUT 1 "J";
    .port_info 2 /INPUT 1 "K";
    .port_info 3 /INPUT 1 "clock";
L_00000000010eaf40 .functor AND 1, L_000000000113e3f0, L_000000000113e5d0, C4<1>, C4<1>;
L_00000000010d5f40 .functor AND 1, L_000000000113c910, L_000000000113ce10, C4<1>, C4<1>;
L_00000000010daaa0 .functor AND 1, L_000000000113e030, L_000000000113e0d0, C4<1>, C4<1>;
L_00000000010d7ff0 .functor AND 1, L_00000000010daaa0, L_000000000113cb90, C4<1>, C4<1>;
L_0000000001147fd0 .functor AND 1, L_000000000113d630, L_000000000113d130, C4<1>, C4<1>;
L_0000000001148040 .functor AND 1, L_0000000001147fd0, L_000000000113e670, C4<1>, C4<1>;
v00000000010e2aa0_0 .net "J", 0 0, v000000000113dbd0_0;  1 drivers
v00000000010e2b40_0 .net "K", 0 0, v000000000113e7b0_0;  1 drivers
v00000000010e2be0_0 .net "Q", 3 0, L_000000000113caf0;  alias, 1 drivers
v00000000010e2c80_0 .net *"_s11", 0 0, L_000000000113e3f0;  1 drivers
v000000000113ca50_0 .net *"_s13", 0 0, L_000000000113e5d0;  1 drivers
v000000000113d4f0_0 .net *"_s17", 0 0, L_000000000113c910;  1 drivers
v000000000113def0_0 .net *"_s19", 0 0, L_000000000113ce10;  1 drivers
v000000000113d310_0 .net *"_s26", 0 0, L_000000000113e030;  1 drivers
v000000000113e710_0 .net *"_s28", 0 0, L_000000000113e0d0;  1 drivers
v000000000113e530_0 .net *"_s29", 0 0, L_00000000010daaa0;  1 drivers
v000000000113e170_0 .net *"_s32", 0 0, L_000000000113cb90;  1 drivers
v000000000113df90_0 .net *"_s36", 0 0, L_000000000113d630;  1 drivers
v000000000113e490_0 .net *"_s38", 0 0, L_000000000113d130;  1 drivers
v000000000113e210_0 .net *"_s39", 0 0, L_0000000001147fd0;  1 drivers
v000000000113cff0_0 .net *"_s42", 0 0, L_000000000113e670;  1 drivers
v000000000113e2b0_0 .net "clock", 0 0, v000000000113e350_0;  1 drivers
L_000000000113c9b0 .part L_000000000113caf0, 0, 1;
L_000000000113d590 .part L_000000000113caf0, 0, 1;
L_000000000113e3f0 .part L_000000000113caf0, 0, 1;
L_000000000113e5d0 .part L_000000000113caf0, 1, 1;
L_000000000113c910 .part L_000000000113caf0, 0, 1;
L_000000000113ce10 .part L_000000000113caf0, 1, 1;
L_000000000113caf0 .concat8 [ 1 1 1 1], v00000000010e25a0_0, v00000000010e2320_0, v00000000010e2780_0, v00000000010e2960_0;
L_000000000113e030 .part L_000000000113caf0, 0, 1;
L_000000000113e0d0 .part L_000000000113caf0, 1, 1;
L_000000000113cb90 .part L_000000000113caf0, 2, 1;
L_000000000113d630 .part L_000000000113caf0, 0, 1;
L_000000000113d130 .part L_000000000113caf0, 1, 1;
L_000000000113e670 .part L_000000000113caf0, 2, 1;
S_00000000010e38a0 .scope module, "I0" "JK_Flip_Flop" 3 3, 4 1 0, S_00000000010e3710;
 .timescale 0 0;
    .port_info 0 /OUTPUT 1 "Q";
    .port_info 1 /INPUT 1 "J";
    .port_info 2 /INPUT 1 "K";
    .port_info 3 /INPUT 1 "clock";
v00000000010e2f00_0 .net "J", 0 0, v000000000113dbd0_0;  alias, 1 drivers
v00000000010e2500_0 .net "K", 0 0, v000000000113e7b0_0;  alias, 1 drivers
v00000000010e25a0_0 .var "Q", 0 0;
v00000000010e2640_0 .net "clock", 0 0, v000000000113e350_0;  alias, 1 drivers
E_00000000010e11e0 .event posedge, v00000000010e2640_0;
S_00000000010e6730 .scope module, "I1" "JK_Flip_Flop" 3 4, 4 1 0, S_00000000010e3710;
 .timescale 0 0;
    .port_info 0 /OUTPUT 1 "Q";
    .port_info 1 /INPUT 1 "J";
    .port_info 2 /INPUT 1 "K";
    .port_info 3 /INPUT 1 "clock";
v00000000010e2fa0_0 .net "J", 0 0, L_000000000113c9b0;  1 drivers
v00000000010e3040_0 .net "K", 0 0, L_000000000113d590;  1 drivers
v00000000010e2320_0 .var "Q", 0 0;
v00000000010e2140_0 .net "clock", 0 0, v000000000113e350_0;  alias, 1 drivers
S_00000000010e68c0 .scope module, "I2" "JK_Flip_Flop" 3 5, 4 1 0, S_00000000010e3710;
 .timescale 0 0;
    .port_info 0 /OUTPUT 1 "Q";
    .port_info 1 /INPUT 1 "J";
    .port_info 2 /INPUT 1 "K";
    .port_info 3 /INPUT 1 "clock";
v00000000010e21e0_0 .net "J", 0 0, L_00000000010eaf40;  1 drivers
v00000000010e23c0_0 .net "K", 0 0, L_00000000010d5f40;  1 drivers
v00000000010e2780_0 .var "Q", 0 0;
v00000000010e2280_0 .net "clock", 0 0, v000000000113e350_0;  alias, 1 drivers
S_00000000010b2c40 .scope module, "I3" "JK_Flip_Flop" 3 6, 4 1 0, S_00000000010e3710;
 .timescale 0 0;
    .port_info 0 /OUTPUT 1 "Q";
    .port_info 1 /INPUT 1 "J";
    .port_info 2 /INPUT 1 "K";
    .port_info 3 /INPUT 1 "clock";
v00000000010e2820_0 .net "J", 0 0, L_00000000010d7ff0;  1 drivers
v00000000010e28c0_0 .net "K", 0 0, L_0000000001148040;  1 drivers
v00000000010e2960_0 .var "Q", 0 0;
v00000000010e2a00_0 .net "clock", 0 0, v000000000113e350_0;  alias, 1 drivers
    .scope S_00000000010e38a0;
T_0 ;
    %wait E_00000000010e11e0;
    %load/vec4 v00000000010e2f00_0;
    %pad/u 32;
    %pushi/vec4 0, 0, 32;
    %cmp/e;
    %flag_get/vec4 4;
    %load/vec4 v00000000010e2500_0;
    %pad/u 32;
    %pushi/vec4 0, 0, 32;
    %cmp/e;
    %flag_get/vec4 4;
    %and;
    %flag_set/vec4 8;
    %jmp/0xz  T_0.0, 8;
    %load/vec4 v00000000010e25a0_0;
    %assign/vec4 v00000000010e25a0_0, 0;
    %jmp T_0.1;
T_0.0 ;
    %load/vec4 v00000000010e2f00_0;
    %pad/u 32;
    %pushi/vec4 0, 0, 32;
    %cmp/e;
    %flag_get/vec4 4;
    %load/vec4 v00000000010e2500_0;
    %pad/u 32;
    %pushi/vec4 1, 0, 32;
    %cmp/e;
    %flag_get/vec4 4;
    %and;
    %flag_set/vec4 8;
    %jmp/0xz  T_0.2, 8;
    %pushi/vec4 0, 0, 1;
    %store/vec4 v00000000010e25a0_0, 0, 1;
    %jmp T_0.3;
T_0.2 ;
    %load/vec4 v00000000010e2f00_0;
    %pad/u 32;
    %pushi/vec4 1, 0, 32;
    %cmp/e;
    %flag_get/vec4 4;
    %load/vec4 v00000000010e2500_0;
    %pad/u 32;
    %pushi/vec4 0, 0, 32;
    %cmp/e;
    %flag_get/vec4 4;
    %and;
    %flag_set/vec4 8;
    %jmp/0xz  T_0.4, 8;
    %pushi/vec4 1, 0, 1;
    %store/vec4 v00000000010e25a0_0, 0, 1;
    %jmp T_0.5;
T_0.4 ;
    %load/vec4 v00000000010e2f00_0;
    %pad/u 32;
    %pushi/vec4 1, 0, 32;
    %cmp/e;
    %flag_get/vec4 4;
    %load/vec4 v00000000010e2500_0;
    %pad/u 32;
    %pushi/vec4 1, 0, 32;
    %cmp/e;
    %flag_get/vec4 4;
    %and;
    %flag_set/vec4 8;
    %jmp/0xz  T_0.6, 8;
    %load/vec4 v00000000010e25a0_0;
    %inv;
    %assign/vec4 v00000000010e25a0_0, 0;
T_0.6 ;
T_0.5 ;
T_0.3 ;
T_0.1 ;
    %jmp T_0;
    .thread T_0;
    .scope S_00000000010e6730;
T_1 ;
    %wait E_00000000010e11e0;
    %load/vec4 v00000000010e2fa0_0;
    %pad/u 32;
    %pushi/vec4 0, 0, 32;
    %cmp/e;
    %flag_get/vec4 4;
    %load/vec4 v00000000010e3040_0;
    %pad/u 32;
    %pushi/vec4 0, 0, 32;
    %cmp/e;
    %flag_get/vec4 4;
    %and;
    %flag_set/vec4 8;
    %jmp/0xz  T_1.0, 8;
    %load/vec4 v00000000010e2320_0;
    %assign/vec4 v00000000010e2320_0, 0;
    %jmp T_1.1;
T_1.0 ;
    %load/vec4 v00000000010e2fa0_0;
    %pad/u 32;
    %pushi/vec4 0, 0, 32;
    %cmp/e;
    %flag_get/vec4 4;
    %load/vec4 v00000000010e3040_0;
    %pad/u 32;
    %pushi/vec4 1, 0, 32;
    %cmp/e;
    %flag_get/vec4 4;
    %and;
    %flag_set/vec4 8;
    %jmp/0xz  T_1.2, 8;
    %pushi/vec4 0, 0, 1;
    %store/vec4 v00000000010e2320_0, 0, 1;
    %jmp T_1.3;
T_1.2 ;
    %load/vec4 v00000000010e2fa0_0;
    %pad/u 32;
    %pushi/vec4 1, 0, 32;
    %cmp/e;
    %flag_get/vec4 4;
    %load/vec4 v00000000010e3040_0;
    %pad/u 32;
    %pushi/vec4 0, 0, 32;
    %cmp/e;
    %flag_get/vec4 4;
    %and;
    %flag_set/vec4 8;
    %jmp/0xz  T_1.4, 8;
    %pushi/vec4 1, 0, 1;
    %store/vec4 v00000000010e2320_0, 0, 1;
    %jmp T_1.5;
T_1.4 ;
    %load/vec4 v00000000010e2fa0_0;
    %pad/u 32;
    %pushi/vec4 1, 0, 32;
    %cmp/e;
    %flag_get/vec4 4;
    %load/vec4 v00000000010e3040_0;
    %pad/u 32;
    %pushi/vec4 1, 0, 32;
    %cmp/e;
    %flag_get/vec4 4;
    %and;
    %flag_set/vec4 8;
    %jmp/0xz  T_1.6, 8;
    %load/vec4 v00000000010e2320_0;
    %inv;
    %assign/vec4 v00000000010e2320_0, 0;
T_1.6 ;
T_1.5 ;
T_1.3 ;
T_1.1 ;
    %jmp T_1;
    .thread T_1;
    .scope S_00000000010e68c0;
T_2 ;
    %wait E_00000000010e11e0;
    %load/vec4 v00000000010e21e0_0;
    %pad/u 32;
    %pushi/vec4 0, 0, 32;
    %cmp/e;
    %flag_get/vec4 4;
    %load/vec4 v00000000010e23c0_0;
    %pad/u 32;
    %pushi/vec4 0, 0, 32;
    %cmp/e;
    %flag_get/vec4 4;
    %and;
    %flag_set/vec4 8;
    %jmp/0xz  T_2.0, 8;
    %load/vec4 v00000000010e2780_0;
    %assign/vec4 v00000000010e2780_0, 0;
    %jmp T_2.1;
T_2.0 ;
    %load/vec4 v00000000010e21e0_0;
    %pad/u 32;
    %pushi/vec4 0, 0, 32;
    %cmp/e;
    %flag_get/vec4 4;
    %load/vec4 v00000000010e23c0_0;
    %pad/u 32;
    %pushi/vec4 1, 0, 32;
    %cmp/e;
    %flag_get/vec4 4;
    %and;
    %flag_set/vec4 8;
    %jmp/0xz  T_2.2, 8;
    %pushi/vec4 0, 0, 1;
    %store/vec4 v00000000010e2780_0, 0, 1;
    %jmp T_2.3;
T_2.2 ;
    %load/vec4 v00000000010e21e0_0;
    %pad/u 32;
    %pushi/vec4 1, 0, 32;
    %cmp/e;
    %flag_get/vec4 4;
    %load/vec4 v00000000010e23c0_0;
    %pad/u 32;
    %pushi/vec4 0, 0, 32;
    %cmp/e;
    %flag_get/vec4 4;
    %and;
    %flag_set/vec4 8;
    %jmp/0xz  T_2.4, 8;
    %pushi/vec4 1, 0, 1;
    %store/vec4 v00000000010e2780_0, 0, 1;
    %jmp T_2.5;
T_2.4 ;
    %load/vec4 v00000000010e21e0_0;
    %pad/u 32;
    %pushi/vec4 1, 0, 32;
    %cmp/e;
    %flag_get/vec4 4;
    %load/vec4 v00000000010e23c0_0;
    %pad/u 32;
    %pushi/vec4 1, 0, 32;
    %cmp/e;
    %flag_get/vec4 4;
    %and;
    %flag_set/vec4 8;
    %jmp/0xz  T_2.6, 8;
    %load/vec4 v00000000010e2780_0;
    %inv;
    %assign/vec4 v00000000010e2780_0, 0;
T_2.6 ;
T_2.5 ;
T_2.3 ;
T_2.1 ;
    %jmp T_2;
    .thread T_2;
    .scope S_00000000010b2c40;
T_3 ;
    %wait E_00000000010e11e0;
    %load/vec4 v00000000010e2820_0;
    %pad/u 32;
    %pushi/vec4 0, 0, 32;
    %cmp/e;
    %flag_get/vec4 4;
    %load/vec4 v00000000010e28c0_0;
    %pad/u 32;
    %pushi/vec4 0, 0, 32;
    %cmp/e;
    %flag_get/vec4 4;
    %and;
    %flag_set/vec4 8;
    %jmp/0xz  T_3.0, 8;
    %load/vec4 v00000000010e2960_0;
    %assign/vec4 v00000000010e2960_0, 0;
    %jmp T_3.1;
T_3.0 ;
    %load/vec4 v00000000010e2820_0;
    %pad/u 32;
    %pushi/vec4 0, 0, 32;
    %cmp/e;
    %flag_get/vec4 4;
    %load/vec4 v00000000010e28c0_0;
    %pad/u 32;
    %pushi/vec4 1, 0, 32;
    %cmp/e;
    %flag_get/vec4 4;
    %and;
    %flag_set/vec4 8;
    %jmp/0xz  T_3.2, 8;
    %pushi/vec4 0, 0, 1;
    %store/vec4 v00000000010e2960_0, 0, 1;
    %jmp T_3.3;
T_3.2 ;
    %load/vec4 v00000000010e2820_0;
    %pad/u 32;
    %pushi/vec4 1, 0, 32;
    %cmp/e;
    %flag_get/vec4 4;
    %load/vec4 v00000000010e28c0_0;
    %pad/u 32;
    %pushi/vec4 0, 0, 32;
    %cmp/e;
    %flag_get/vec4 4;
    %and;
    %flag_set/vec4 8;
    %jmp/0xz  T_3.4, 8;
    %pushi/vec4 1, 0, 1;
    %store/vec4 v00000000010e2960_0, 0, 1;
    %jmp T_3.5;
T_3.4 ;
    %load/vec4 v00000000010e2820_0;
    %pad/u 32;
    %pushi/vec4 1, 0, 32;
    %cmp/e;
    %flag_get/vec4 4;
    %load/vec4 v00000000010e28c0_0;
    %pad/u 32;
    %pushi/vec4 1, 0, 32;
    %cmp/e;
    %flag_get/vec4 4;
    %and;
    %flag_set/vec4 8;
    %jmp/0xz  T_3.6, 8;
    %load/vec4 v00000000010e2960_0;
    %inv;
    %assign/vec4 v00000000010e2960_0, 0;
T_3.6 ;
T_3.5 ;
T_3.3 ;
T_3.1 ;
    %jmp T_3;
    .thread T_3;
    .scope S_00000000010e3f40;
T_4 ;
    %delay 1, 0;
    %load/vec4 v000000000113e350_0;
    %inv;
    %store/vec4 v000000000113e350_0, 0, 1;
    %jmp T_4;
    .thread T_4;
    .scope S_00000000010e3f40;
T_5 ;
    %pushi/vec4 1, 0, 1;
    %store/vec4 v000000000113e350_0, 0, 1;
    %pushi/vec4 0, 0, 1;
    %store/vec4 v000000000113dbd0_0, 0, 1;
    %pushi/vec4 1, 0, 1;
    %store/vec4 v000000000113e7b0_0, 0, 1;
    %delay 1, 0;
    %pushi/vec4 1, 0, 1;
    %store/vec4 v000000000113dbd0_0, 0, 1;
    %pushi/vec4 1, 0, 1;
    %store/vec4 v000000000113e7b0_0, 0, 1;
    %end;
    .thread T_5;
    .scope S_00000000010e3f40;
T_6 ;
    %delay 10, 0;
    %vpi_call 2 15 "$finish" {0 0 0};
    %jmp T_6;
    .thread T_6;
    .scope S_00000000010e3f40;
T_7 ;
    %vpi_call 2 18 "$monitor", "%t| clock = %b | Q3Q2Q1Q0 = %b%b%b%b|", $time, v000000000113e350_0, &PV<v000000000113de50_0, 3, 1>, &PV<v000000000113de50_0, 2, 1>, &PV<v000000000113de50_0, 1, 1>, &PV<v000000000113de50_0, 0, 1> {0 0 0};
    %vpi_call 2 19 "$dumpfile", "dump2.vcd" {0 0 0};
    %vpi_call 2 20 "$dumpvars" {0 0 0};
    %end;
    .thread T_7;
# The file index is used to find the file name in the following table.
:file_names 5;
    "N/A";
    "<interactive>";
    "Ripple_Counter_tb.v";
    "./Ripple_Counter.v";
    "./JK_Flip_Flop.v";
