#! /usr/local/iverilog/bin/vvp
:ivl_version "11.0 (devel)" "(s20150603-642-g3bdb50da)";
:ivl_delay_selection "TYPICAL";
:vpi_time_precision + 0;
:vpi_module "system";
:vpi_module "vhdl_sys";
:vpi_module "vhdl_textio";
:vpi_module "v2005_math";
:vpi_module "va_math";
S_0000000001030070 .scope module, "Ripple_Counter_tb" "Ripple_Counter_tb" 2 2;
 .timescale 0 0;
v0000000001087b60_0 .var "J", 0 0;
v0000000001087a20_0 .var "K", 0 0;
v0000000001087980_0 .net "Q", 3 0, L_0000000001087ac0;  1 drivers
v0000000001087340_0 .var "clock", 0 0;
S_000000000113e8b0 .scope module, "I0" "Ripple_Counter" 2 5, 3 2 0, S_0000000001030070;
 .timescale 0 0;
    .port_info 0 /OUTPUT 4 "Q";
    .port_info 1 /INPUT 1 "J";
    .port_info 2 /INPUT 1 "K";
    .port_info 3 /INPUT 1 "clock";
v0000000001088100_0 .net "J", 0 0, v0000000001087b60_0;  1 drivers
v0000000001087520_0 .net "K", 0 0, v0000000001087a20_0;  1 drivers
v00000000010872a0_0 .net "Q", 3 0, L_0000000001087ac0;  alias, 1 drivers
v0000000001087700_0 .net "clock", 0 0, v0000000001087340_0;  1 drivers
L_0000000001087ca0 .part L_0000000001087ac0, 0, 1;
L_0000000001087e80 .part L_0000000001087ac0, 1, 1;
L_0000000001087ac0 .concat8 [ 1 1 1 1], v000000000113b1b0_0, v0000000001002dd0_0, v0000000001087c00_0, v0000000001087fc0_0;
L_00000000010873e0 .part L_0000000001087ac0, 2, 1;
S_000000000113ea40 .scope module, "I0" "JK_Flip_Flop" 3 3, 4 1 0, S_000000000113e8b0;
 .timescale 0 0;
    .port_info 0 /OUTPUT 1 "Q";
    .port_info 1 /INPUT 1 "J";
    .port_info 2 /INPUT 1 "K";
    .port_info 3 /INPUT 1 "clock";
v0000000001029a70_0 .net "J", 0 0, v0000000001087b60_0;  alias, 1 drivers
v000000000113b820_0 .net "K", 0 0, v0000000001087a20_0;  alias, 1 drivers
v000000000113b1b0_0 .var "Q", 0 0;
v0000000001034010_0 .net "clock", 0 0, v0000000001087340_0;  alias, 1 drivers
E_000000000102a0c0 .event negedge, v0000000001034010_0;
S_0000000001002c40 .scope module, "I1" "JK_Flip_Flop" 3 4, 4 1 0, S_000000000113e8b0;
 .timescale 0 0;
    .port_info 0 /OUTPUT 1 "Q";
    .port_info 1 /INPUT 1 "J";
    .port_info 2 /INPUT 1 "K";
    .port_info 3 /INPUT 1 "clock";
v000000000113ebd0_0 .net "J", 0 0, v0000000001087b60_0;  alias, 1 drivers
v0000000001030200_0 .net "K", 0 0, v0000000001087a20_0;  alias, 1 drivers
v0000000001002dd0_0 .var "Q", 0 0;
v0000000001002e70_0 .net "clock", 0 0, L_0000000001087ca0;  1 drivers
E_000000000102a000 .event negedge, v0000000001002e70_0;
S_0000000001002f10 .scope module, "I2" "JK_Flip_Flop" 3 5, 4 1 0, S_000000000113e8b0;
 .timescale 0 0;
    .port_info 0 /OUTPUT 1 "Q";
    .port_info 1 /INPUT 1 "J";
    .port_info 2 /INPUT 1 "K";
    .port_info 3 /INPUT 1 "clock";
v0000000001087070_0 .net "J", 0 0, v0000000001087b60_0;  alias, 1 drivers
v0000000001087110_0 .net "K", 0 0, v0000000001087a20_0;  alias, 1 drivers
v0000000001087c00_0 .var "Q", 0 0;
v00000000010877a0_0 .net "clock", 0 0, L_0000000001087e80;  1 drivers
E_000000000102a840 .event negedge, v00000000010877a0_0;
S_00000000010881c0 .scope module, "I3" "JK_Flip_Flop" 3 6, 4 1 0, S_000000000113e8b0;
 .timescale 0 0;
    .port_info 0 /OUTPUT 1 "Q";
    .port_info 1 /INPUT 1 "J";
    .port_info 2 /INPUT 1 "K";
    .port_info 3 /INPUT 1 "clock";
v0000000001087840_0 .net "J", 0 0, v0000000001087b60_0;  alias, 1 drivers
v0000000001087200_0 .net "K", 0 0, v0000000001087a20_0;  alias, 1 drivers
v0000000001087fc0_0 .var "Q", 0 0;
v00000000010878e0_0 .net "clock", 0 0, L_00000000010873e0;  1 drivers
E_000000000102a4c0 .event negedge, v00000000010878e0_0;
    .scope S_000000000113ea40;
T_0 ;
    %wait E_000000000102a0c0;
    %load/vec4 v0000000001029a70_0;
    %pad/u 32;
    %pushi/vec4 0, 0, 32;
    %cmp/e;
    %flag_get/vec4 4;
    %load/vec4 v000000000113b820_0;
    %pad/u 32;
    %pushi/vec4 0, 0, 32;
    %cmp/e;
    %flag_get/vec4 4;
    %and;
    %flag_set/vec4 8;
    %jmp/0xz  T_0.0, 8;
    %load/vec4 v000000000113b1b0_0;
    %assign/vec4 v000000000113b1b0_0, 0;
    %jmp T_0.1;
T_0.0 ;
    %load/vec4 v0000000001029a70_0;
    %pad/u 32;
    %pushi/vec4 0, 0, 32;
    %cmp/e;
    %flag_get/vec4 4;
    %load/vec4 v000000000113b820_0;
    %pad/u 32;
    %pushi/vec4 1, 0, 32;
    %cmp/e;
    %flag_get/vec4 4;
    %and;
    %flag_set/vec4 8;
    %jmp/0xz  T_0.2, 8;
    %pushi/vec4 0, 0, 1;
    %store/vec4 v000000000113b1b0_0, 0, 1;
    %jmp T_0.3;
T_0.2 ;
    %load/vec4 v0000000001029a70_0;
    %pad/u 32;
    %pushi/vec4 1, 0, 32;
    %cmp/e;
    %flag_get/vec4 4;
    %load/vec4 v000000000113b820_0;
    %pad/u 32;
    %pushi/vec4 0, 0, 32;
    %cmp/e;
    %flag_get/vec4 4;
    %and;
    %flag_set/vec4 8;
    %jmp/0xz  T_0.4, 8;
    %pushi/vec4 1, 0, 1;
    %store/vec4 v000000000113b1b0_0, 0, 1;
    %jmp T_0.5;
T_0.4 ;
    %load/vec4 v0000000001029a70_0;
    %pad/u 32;
    %pushi/vec4 1, 0, 32;
    %cmp/e;
    %flag_get/vec4 4;
    %load/vec4 v000000000113b820_0;
    %pad/u 32;
    %pushi/vec4 1, 0, 32;
    %cmp/e;
    %flag_get/vec4 4;
    %and;
    %flag_set/vec4 8;
    %jmp/0xz  T_0.6, 8;
    %load/vec4 v000000000113b1b0_0;
    %inv;
    %assign/vec4 v000000000113b1b0_0, 0;
T_0.6 ;
T_0.5 ;
T_0.3 ;
T_0.1 ;
    %jmp T_0;
    .thread T_0;
    .scope S_0000000001002c40;
T_1 ;
    %wait E_000000000102a000;
    %load/vec4 v000000000113ebd0_0;
    %pad/u 32;
    %pushi/vec4 0, 0, 32;
    %cmp/e;
    %flag_get/vec4 4;
    %load/vec4 v0000000001030200_0;
    %pad/u 32;
    %pushi/vec4 0, 0, 32;
    %cmp/e;
    %flag_get/vec4 4;
    %and;
    %flag_set/vec4 8;
    %jmp/0xz  T_1.0, 8;
    %load/vec4 v0000000001002dd0_0;
    %assign/vec4 v0000000001002dd0_0, 0;
    %jmp T_1.1;
T_1.0 ;
    %load/vec4 v000000000113ebd0_0;
    %pad/u 32;
    %pushi/vec4 0, 0, 32;
    %cmp/e;
    %flag_get/vec4 4;
    %load/vec4 v0000000001030200_0;
    %pad/u 32;
    %pushi/vec4 1, 0, 32;
    %cmp/e;
    %flag_get/vec4 4;
    %and;
    %flag_set/vec4 8;
    %jmp/0xz  T_1.2, 8;
    %pushi/vec4 0, 0, 1;
    %store/vec4 v0000000001002dd0_0, 0, 1;
    %jmp T_1.3;
T_1.2 ;
    %load/vec4 v000000000113ebd0_0;
    %pad/u 32;
    %pushi/vec4 1, 0, 32;
    %cmp/e;
    %flag_get/vec4 4;
    %load/vec4 v0000000001030200_0;
    %pad/u 32;
    %pushi/vec4 0, 0, 32;
    %cmp/e;
    %flag_get/vec4 4;
    %and;
    %flag_set/vec4 8;
    %jmp/0xz  T_1.4, 8;
    %pushi/vec4 1, 0, 1;
    %store/vec4 v0000000001002dd0_0, 0, 1;
    %jmp T_1.5;
T_1.4 ;
    %load/vec4 v000000000113ebd0_0;
    %pad/u 32;
    %pushi/vec4 1, 0, 32;
    %cmp/e;
    %flag_get/vec4 4;
    %load/vec4 v0000000001030200_0;
    %pad/u 32;
    %pushi/vec4 1, 0, 32;
    %cmp/e;
    %flag_get/vec4 4;
    %and;
    %flag_set/vec4 8;
    %jmp/0xz  T_1.6, 8;
    %load/vec4 v0000000001002dd0_0;
    %inv;
    %assign/vec4 v0000000001002dd0_0, 0;
T_1.6 ;
T_1.5 ;
T_1.3 ;
T_1.1 ;
    %jmp T_1;
    .thread T_1;
    .scope S_0000000001002f10;
T_2 ;
    %wait E_000000000102a840;
    %load/vec4 v0000000001087070_0;
    %pad/u 32;
    %pushi/vec4 0, 0, 32;
    %cmp/e;
    %flag_get/vec4 4;
    %load/vec4 v0000000001087110_0;
    %pad/u 32;
    %pushi/vec4 0, 0, 32;
    %cmp/e;
    %flag_get/vec4 4;
    %and;
    %flag_set/vec4 8;
    %jmp/0xz  T_2.0, 8;
    %load/vec4 v0000000001087c00_0;
    %assign/vec4 v0000000001087c00_0, 0;
    %jmp T_2.1;
T_2.0 ;
    %load/vec4 v0000000001087070_0;
    %pad/u 32;
    %pushi/vec4 0, 0, 32;
    %cmp/e;
    %flag_get/vec4 4;
    %load/vec4 v0000000001087110_0;
    %pad/u 32;
    %pushi/vec4 1, 0, 32;
    %cmp/e;
    %flag_get/vec4 4;
    %and;
    %flag_set/vec4 8;
    %jmp/0xz  T_2.2, 8;
    %pushi/vec4 0, 0, 1;
    %store/vec4 v0000000001087c00_0, 0, 1;
    %jmp T_2.3;
T_2.2 ;
    %load/vec4 v0000000001087070_0;
    %pad/u 32;
    %pushi/vec4 1, 0, 32;
    %cmp/e;
    %flag_get/vec4 4;
    %load/vec4 v0000000001087110_0;
    %pad/u 32;
    %pushi/vec4 0, 0, 32;
    %cmp/e;
    %flag_get/vec4 4;
    %and;
    %flag_set/vec4 8;
    %jmp/0xz  T_2.4, 8;
    %pushi/vec4 1, 0, 1;
    %store/vec4 v0000000001087c00_0, 0, 1;
    %jmp T_2.5;
T_2.4 ;
    %load/vec4 v0000000001087070_0;
    %pad/u 32;
    %pushi/vec4 1, 0, 32;
    %cmp/e;
    %flag_get/vec4 4;
    %load/vec4 v0000000001087110_0;
    %pad/u 32;
    %pushi/vec4 1, 0, 32;
    %cmp/e;
    %flag_get/vec4 4;
    %and;
    %flag_set/vec4 8;
    %jmp/0xz  T_2.6, 8;
    %load/vec4 v0000000001087c00_0;
    %inv;
    %assign/vec4 v0000000001087c00_0, 0;
T_2.6 ;
T_2.5 ;
T_2.3 ;
T_2.1 ;
    %jmp T_2;
    .thread T_2;
    .scope S_00000000010881c0;
T_3 ;
    %wait E_000000000102a4c0;
    %load/vec4 v0000000001087840_0;
    %pad/u 32;
    %pushi/vec4 0, 0, 32;
    %cmp/e;
    %flag_get/vec4 4;
    %load/vec4 v0000000001087200_0;
    %pad/u 32;
    %pushi/vec4 0, 0, 32;
    %cmp/e;
    %flag_get/vec4 4;
    %and;
    %flag_set/vec4 8;
    %jmp/0xz  T_3.0, 8;
    %load/vec4 v0000000001087fc0_0;
    %assign/vec4 v0000000001087fc0_0, 0;
    %jmp T_3.1;
T_3.0 ;
    %load/vec4 v0000000001087840_0;
    %pad/u 32;
    %pushi/vec4 0, 0, 32;
    %cmp/e;
    %flag_get/vec4 4;
    %load/vec4 v0000000001087200_0;
    %pad/u 32;
    %pushi/vec4 1, 0, 32;
    %cmp/e;
    %flag_get/vec4 4;
    %and;
    %flag_set/vec4 8;
    %jmp/0xz  T_3.2, 8;
    %pushi/vec4 0, 0, 1;
    %store/vec4 v0000000001087fc0_0, 0, 1;
    %jmp T_3.3;
T_3.2 ;
    %load/vec4 v0000000001087840_0;
    %pad/u 32;
    %pushi/vec4 1, 0, 32;
    %cmp/e;
    %flag_get/vec4 4;
    %load/vec4 v0000000001087200_0;
    %pad/u 32;
    %pushi/vec4 0, 0, 32;
    %cmp/e;
    %flag_get/vec4 4;
    %and;
    %flag_set/vec4 8;
    %jmp/0xz  T_3.4, 8;
    %pushi/vec4 1, 0, 1;
    %store/vec4 v0000000001087fc0_0, 0, 1;
    %jmp T_3.5;
T_3.4 ;
    %load/vec4 v0000000001087840_0;
    %pad/u 32;
    %pushi/vec4 1, 0, 32;
    %cmp/e;
    %flag_get/vec4 4;
    %load/vec4 v0000000001087200_0;
    %pad/u 32;
    %pushi/vec4 1, 0, 32;
    %cmp/e;
    %flag_get/vec4 4;
    %and;
    %flag_set/vec4 8;
    %jmp/0xz  T_3.6, 8;
    %load/vec4 v0000000001087fc0_0;
    %inv;
    %assign/vec4 v0000000001087fc0_0, 0;
T_3.6 ;
T_3.5 ;
T_3.3 ;
T_3.1 ;
    %jmp T_3;
    .thread T_3;
    .scope S_0000000001030070;
T_4 ;
    %delay 1, 0;
    %load/vec4 v0000000001087340_0;
    %inv;
    %store/vec4 v0000000001087340_0, 0, 1;
    %jmp T_4;
    .thread T_4;
    .scope S_0000000001030070;
T_5 ;
    %pushi/vec4 0, 0, 1;
    %store/vec4 v0000000001087340_0, 0, 1;
    %pushi/vec4 0, 0, 1;
    %store/vec4 v0000000001087b60_0, 0, 1;
    %pushi/vec4 1, 0, 1;
    %store/vec4 v0000000001087a20_0, 0, 1;
    %delay 2, 0;
    %pushi/vec4 1, 0, 1;
    %store/vec4 v0000000001087b60_0, 0, 1;
    %pushi/vec4 1, 0, 1;
    %store/vec4 v0000000001087a20_0, 0, 1;
    %end;
    .thread T_5;
    .scope S_0000000001030070;
T_6 ;
    %delay 10, 0;
    %vpi_call 2 16 "$finish" {0 0 0};
    %jmp T_6;
    .thread T_6;
    .scope S_0000000001030070;
T_7 ;
    %vpi_call 2 19 "$monitor", "%t| clock = %b | Q3Q2Q1Q0 = %b%b%b%b|", $time, v0000000001087340_0, &PV<v0000000001087980_0, 3, 1>, &PV<v0000000001087980_0, 2, 1>, &PV<v0000000001087980_0, 1, 1>, &PV<v0000000001087980_0, 0, 1> {0 0 0};
    %vpi_call 2 20 "$dumpfile", "dump.vcd" {0 0 0};
    %vpi_call 2 21 "$dumpvars" {0 0 0};
    %end;
    .thread T_7;
# The file index is used to find the file name in the following table.
:file_names 5;
    "N/A";
    "<interactive>";
    "Ripple_Counter_tb.v";
    "./Ripple_Counter.v";
    "./JK_Flip_Flop.v";
