#! /usr/local/iverilog/bin/vvp
:ivl_version "11.0 (devel)" "(s20150603-642-g3bdb50da)";
:ivl_delay_selection "TYPICAL";
:vpi_time_precision + 0;
:vpi_module "system";
:vpi_module "vhdl_sys";
:vpi_module "vhdl_textio";
:vpi_module "v2005_math";
:vpi_module "va_math";
S_00000000010953e0 .scope module, "T_Flip_Flop_tb" "T_Flip_Flop_tb" 2 2;
 .timescale 0 0;
v00000000008fabe0_0 .net "Q", 0 0, v0000000001095700_0;  1 drivers
v00000000008fac80_0 .var "T", 0 0;
v00000000008fad20_0 .var "clk", 0 0;
v00000000008fadc0_0 .var "reset", 0 0;
S_0000000001095570 .scope module, "I1" "T_Flip_Flop" 2 6, 3 1 0, S_00000000010953e0;
 .timescale 0 0;
    .port_info 0 /OUTPUT 1 "Q";
    .port_info 1 /INPUT 1 "T";
    .port_info 2 /INPUT 1 "clk";
    .port_info 3 /INPUT 1 "reset";
v0000000001095700_0 .var "Q", 0 0;
v00000000008faa00_0 .net "T", 0 0, v00000000008fac80_0;  1 drivers
v00000000008faaa0_0 .net "clk", 0 0, v00000000008fad20_0;  1 drivers
v00000000008fab40_0 .net "reset", 0 0, v00000000008fadc0_0;  1 drivers
E_00000000008fc300 .event posedge, v00000000008faaa0_0;
    .scope S_0000000001095570;
T_0 ;
    %wait E_00000000008fc300;
    %load/vec4 v00000000008fab40_0;
    %cmpi/e 1, 0, 1;
    %jmp/0xz  T_0.0, 4;
    %pushi/vec4 0, 0, 1;
    %assign/vec4 v0000000001095700_0, 0;
    %jmp T_0.1;
T_0.0 ;
    %load/vec4 v00000000008faa00_0;
    %load/vec4 v0000000001095700_0;
    %xor;
    %assign/vec4 v0000000001095700_0, 0;
T_0.1 ;
    %jmp T_0;
    .thread T_0;
    .scope S_00000000010953e0;
T_1 ;
    %delay 1, 0;
    %load/vec4 v00000000008fad20_0;
    %inv;
    %store/vec4 v00000000008fad20_0, 0, 1;
    %jmp T_1;
    .thread T_1;
    .scope S_00000000010953e0;
T_2 ;
    %pushi/vec4 1, 0, 1;
    %store/vec4 v00000000008fad20_0, 0, 1;
    %pushi/vec4 1, 0, 1;
    %store/vec4 v00000000008fadc0_0, 0, 1;
    %delay 1, 0;
    %pushi/vec4 0, 0, 1;
    %store/vec4 v00000000008fadc0_0, 0, 1;
    %pushi/vec4 1, 0, 1;
    %store/vec4 v00000000008fac80_0, 0, 1;
    %delay 1, 0;
    %pushi/vec4 1, 0, 1;
    %store/vec4 v00000000008fac80_0, 0, 1;
    %delay 1, 0;
    %pushi/vec4 0, 0, 1;
    %store/vec4 v00000000008fac80_0, 0, 1;
    %delay 1, 0;
    %pushi/vec4 1, 0, 1;
    %store/vec4 v00000000008fac80_0, 0, 1;
    %delay 2, 0;
    %pushi/vec4 1, 0, 1;
    %store/vec4 v00000000008fac80_0, 0, 1;
    %delay 4, 0;
    %pushi/vec4 0, 0, 1;
    %store/vec4 v00000000008fac80_0, 0, 1;
    %delay 1, 0;
    %pushi/vec4 1, 0, 1;
    %store/vec4 v00000000008fac80_0, 0, 1;
    %end;
    .thread T_2;
    .scope S_00000000010953e0;
T_3 ;
    %delay 10, 0;
    %vpi_call 2 23 "$finish" {0 0 0};
    %jmp T_3;
    .thread T_3;
    .scope S_00000000010953e0;
T_4 ;
    %vpi_call 2 28 "$monitor", "%0t,T = %b Q = %b clk = %b reset = %b ", $time, v00000000008fac80_0, v00000000008fabe0_0, v00000000008fad20_0, v00000000008fadc0_0 {0 0 0};
    %vpi_call 2 29 "$dumpfile", "dump.vcd" {0 0 0};
    %vpi_call 2 30 "$dumpvars" {0 0 0};
    %end;
    .thread T_4;
# The file index is used to find the file name in the following table.
:file_names 4;
    "N/A";
    "<interactive>";
    "T_Flip_Flop_tb.v";
    "./T_Flip_Flop.v";
